#
# A fatal error has been detected by the Java Runtime Environment:
#
#  SIGILL (0x4) at pc=0x00007fff2035c25d, pid=56965, tid=38915
#
# JRE version: Java(TM) SE Runtime Environment (16.0.2+7) (build 16.0.2+7-67)
# Java VM: Java HotSpot(TM) 64-Bit Server VM (16.0.2+7-67, mixed mode, sharing, tiered, compressed oops, compressed class ptrs, g1 gc, bsd-amd64)
# Problematic frame:
# C  [libdispatch.dylib+0x525d]  _dispatch_assert_queue_fail+0x63
#
# No core dump will be written. Core dumps have been disabled. To enable core dumping, try "ulimit -c unlimited" before starting Java again
#
# If you would like to submit a bug report, please visit:
#   https://bugreport.java.com/bugreport/crash.jsp
# The crash happened outside the Java Virtual Machine in native code.
# See problematic frame for where to report the bug.
#

---------------  S U M M A R Y ------------

Command Line: -XX:+ShowCodeDetailsInExceptionMessages -agentlib:jdwp=transport=dt_socket,suspend=y,address=localhost:61878 -Dvisualvm.id=325151997266129 -Dfile.encoding=UTF-8 terra.shell.launch.Launch -pf /Users/schirripad@moravian.edu/JSHOUT

Host: MacBookPro13,2 x86_64 3300 MHz, 4 cores, 8G, Darwin 20.6.0, macOS 10.16 (20G80)
Time: Wed Oct  6 18:33:27 2021 EDT elapsed time: 44.427235 seconds (0d 0h 0m 44s)

---------------  T H R E A D  ---------------

Current thread (0x00007ffa4c17ec00):  JavaThread "PDE" [_thread_in_native, id=38915, stack(0x000070000e129000,0x000070000e229000)]

Stack: [0x000070000e129000,0x000070000e229000],  sp=0x000070000e228340,  free space=1020k
Native frames: (J=compiled Java code, A=aot compiled Java code, j=interpreted, Vv=VM code, C=native code)
C  [libdispatch.dylib+0x525d]  _dispatch_assert_queue_fail+0x63
C  [libdispatch.dylib+0x51f2]  dispatch_assert_queue+0x7a
C  [HIToolbox+0x32d80]  islGetInputSourceListWithAdditions+0x77
C  [HIToolbox+0x3556d]  isValidateInputSourceRef+0x5a
C  [HIToolbox+0x35435]  TSMGetInputSourceProperty+0x1e
C  [libglfw.dylib+0xc598]
[error occurred during error reporting (printing native stack), id 0xe0000000, Internal Error (./open/src/hotspot/os/bsd/decoder_machO.hpp:43)]

Java frames: (J=compiled Java code, j=interpreted, Vv=VM code)
j  org.lwjgl.system.JNI.invokeI(J)I+0
j  org.lwjgl.glfw.GLFW.glfwInit()Z+5
j  parallel.module.run()V+63
j  terra.shell.modules.Module.start()V+55
j  terra.shell.modules.ModuleManagement$1.run()V+11
j  java.lang.Thread.run()V+11 java.base@16.0.2
v  ~StubRoutines::call_stub

siginfo: si_signo: 4 (SIGILL), si_code: 1 (ILL_ILLOPC), si_addr: 0x00007fff2035c25d

Register to memory mapping:

RAX=0xf7a18b02810b00fa is an unknown value
RBX=0x00007ffa4e82aba0 points into unknown readable memory: 0x43204e4920475542 | 42 55 47 20 49 4e 20 43
RCX=0x0 is NULL
RDX=0x00000000000d3d10 is an unknown value
RSP=0x000070000e228340 is pointing into the stack for thread: 0x00007ffa4c17ec00
RBP=0x000070000e228350 is pointing into the stack for thread: 0x00007ffa4c17ec00
RSI=0x0000000000000084 is an unknown value
RDI=0x00000001051de080 points into unknown readable memory: 0x0000000100000000 | 00 00 00 00 01 00 00 00
R8 =0x0000000000000084 is an unknown value
R9 =0x00007ffa4e82c300 points into unknown readable memory: 0x6000000000000000 | 00 00 00 00 00 00 00 60
R10=0x0000000000002846 is an unknown value
R11=0x0 is NULL
R12=0x00007ffa4da71f00 points into unknown readable memory: 0x011dffff80242cf1 | f1 2c 24 80 ff ff 1d 01
R13=0x000000012d9925f8: <offset 0x395f8> in /private/var/folders/4z/dvg87rzx3jz89z4jl8l1z09r0000gn/T/lwjglschirripad@moravian.edu/3.2.3-build-13/libglfw.dylib at 0x000000012d959000
R14=0x000070000e228458 is pointing into the stack for thread: 0x00007ffa4c17ec00
R15=0x0 is NULL


Registers:
RAX=0xf7a18b02810b00fa, RBX=0x00007ffa4e82aba0, RCX=0x0000000000000000, RDX=0x00000000000d3d10
RSP=0x000070000e228340, RBP=0x000070000e228350, RSI=0x0000000000000084, RDI=0x00000001051de080
R8 =0x0000000000000084, R9 =0x00007ffa4e82c300, R10=0x0000000000002846, R11=0x0000000000000000
R12=0x00007ffa4da71f00, R13=0x000000012d9925f8, R14=0x000070000e228458, R15=0x0000000000000000
RIP=0x00007fff2035c25d, EFLAGS=0x0000000000010202, ERR=0x0000000000000000
  TRAPNO=0x0000000000000006

Top of Stack: (sp=0x000070000e228340)
0x000070000e228340:   00007ffa4e82aba0 0000000000000100
0x000070000e228350:   000070000e228360 00007fff2035c1f2
0x000070000e228360:   000070000e228410 00007fff28842d80
0x000070000e228370:   f7a18b02810b00fa 000000012d98f8b8
0x000070000e228380:   0000000000000012 0000000000000017
0x000070000e228390:   00007fff80a2d3f0 0000000000000017
0x000070000e2283a0:   000070000e2283d0 00007fff205853b2
0x000070000e2283b0:   0000000000000000 0000000000000010
0x000070000e2283c0:   000000012d98f8b8 0000000000000017
0x000070000e2283d0:   000070000e228420 00007fff2059e27d
0x000070000e2283e0:   000000012d98f8b8 0000000000000100
0x000070000e2283f0:   00007ffa4da71f00 000000012d9925f8
0x000070000e228400:   000070000e228458 000000000000014c
0x000070000e228410:   000070000e228440 00007fff2884556d
0x000070000e228420:   0000000000000100 00007fff811aab08
0x000070000e228430:   00007ffa4da71f00 00007fff81194560
0x000070000e228440:   000070000e228480 00007fff28845435
0x000070000e228450:   00007fff80242cf0 0000000000000000
0x000070000e228460:   0000000000000100 ffffffffffffffff
0x000070000e228470:   00007fff203a2800 00007fff81194560
0x000070000e228480:   000070000e2288e0 000000012d965598
0x000070000e228490:   0000000100000001 00007ffa4c1f1050
0x000070000e2284a0:   000000012d98f5d8 00007fff80840240
0x000070000e2284b0:   00000000ffffffff 0000000000000000
0x000070000e2284c0:   f0000000f0000000 0000000000000000
0x000070000e2284d0:   4000000040000000 0000000000000000
0x000070000e2284e0:   0fffffff0fffffff 0000000000000000
0x000070000e2284f0:   00ffffff00ffffff 0000000000000000
0x000070000e228500:   4700000047000000 0000000000000000
0x000070000e228510:   fffffffffffffffc 0000000000000000
0x000070000e228520:   0000000000000000 0000000000000000
0x000070000e228530:   0000000000000000 0000000000000000 

Instructions: (pc=0x00007fff2035c25d)
0x00007fff2035c15d:   df 48 83 c4 08 5b 5d e9 e5 01 03 00 48 83 c4 08
0x00007fff2035c16d:   5b 5d c3 e8 d0 c1 02 00 90 90 90 55 48 89 e5 48
0x00007fff2035c17d:   8b 07 0f b6 40 28 48 8d 48 ef 48 83 f9 02 73 65
0x00007fff2035c18d:   48 8b 47 38 65 33 04 25 18 00 00 00 83 f8 04 73
0x00007fff2035c19d:   02 5d c3 65 48 8b 14 25 a0 00 00 00 48 85 d2 74
0x00007fff2035c1ad:   3a 65 48 8b 04 25 a8 00 00 00 48 39 fa 74 e2 48
0x00007fff2035c1bd:   85 c0 74 10 48 8b 4a 18 48 85 c9 74 0f 48 39 10
0x00007fff2035c1cd:   75 11 eb 0b 48 8b 4a 18 31 c0 eb 07 48 8b 08 48
0x00007fff2035c1dd:   8b 40 08 48 89 ca 48 85 c9 75 cf be 01 00 00 00
0x00007fff2035c1ed:   e8 08 00 00 00 48 89 c7 e8 c1 c6 02 00 55 48 89
0x00007fff2035c1fd:   e5 53 50 48 8d 5d f0 48 c7 03 00 00 00 00 48 8d
0x00007fff2035c20d:   05 6c 67 03 00 48 8d 0d a4 34 03 00 85 f6 48 0f
0x00007fff2035c21d:   45 c8 4c 8b 47 48 4d 85 c0 4c 0f 44 c0 48 8d 35
0x00007fff2035c22d:   2b 34 03 00 48 8d 15 54 34 03 00 48 89 df 31 c0
0x00007fff2035c23d:   e8 4c 00 03 00 48 8b 1b 48 8d 3d 76 34 03 00 48
0x00007fff2035c24d:   89 de 31 c0 e8 c8 b3 02 00 48 89 1d 2b f5 4c 60
0x00007fff2035c25d:   0f 0b 55 48 89 e5 48 8b 07 0f b6 40 28 48 8d 48
0x00007fff2035c26d:   ef 48 83 f9 02 73 62 48 8b 47 38 65 33 04 25 18
0x00007fff2035c27d:   00 00 00 83 f8 03 76 4a 65 48 8b 14 25 a0 00 00
0x00007fff2035c28d:   00 48 85 d2 74 3a 65 48 8b 04 25 a8 00 00 00 48
0x00007fff2035c29d:   39 fa 74 2e 48 85 c0 74 10 48 8b 4a 18 48 85 c9
0x00007fff2035c2ad:   74 0f 48 39 10 75 11 eb 0b 48 8b 4a 18 31 c0 eb
0x00007fff2035c2bd:   07 48 8b 08 48 8b 40 08 48 89 ca 48 85 c9 75 cf
0x00007fff2035c2cd:   5d c3 31 f6 e8 24 ff ff ff 48 89 c7 e8 f7 c5 02
0x00007fff2035c2dd:   00 55 48 89 e5 53 50 48 89 fb e8 8c fe ff ff 66
0x00007fff2035c2ed:   83 7b 50 01 75 07 48 83 c4 08 5b 5d c3 48 83 7b
0x00007fff2035c2fd:   18 00 74 0b 48 8b 43 38 48 0f ba e0 36 72 e7 48
0x00007fff2035c30d:   89 df e8 00 00 00 00 55 48 89 e5 53 50 48 8d 5d
0x00007fff2035c31d:   f0 48 c7 03 00 00 00 00 48 8b 47 48 48 85 c0 48
0x00007fff2035c32d:   8d 0d 4b 66 03 00 48 0f 45 c8 48 8d 35 87 33 03
0x00007fff2035c33d:   00 48 8d 15 47 33 03 00 48 89 df 31 c0 e8 3f ff
0x00007fff2035c34d:   02 00 48 8b 1b 48 8d 3d 69 33 03 00 48 89 de 31 


Stack slot to memory mapping:
stack at sp + 0 slots: 0x00007ffa4e82aba0 points into unknown readable memory: 0x43204e4920475542 | 42 55 47 20 49 4e 20 43
stack at sp + 1 slots: 0x0000000000000100 is an unknown value
stack at sp + 2 slots: 0x000070000e228360 is pointing into the stack for thread: 0x00007ffa4c17ec00
stack at sp + 3 slots: 0x00007fff2035c1f2: dispatch_assert_queue+0x7a in /usr/lib/system/libdispatch.dylib at 0x00007fff20357000
stack at sp + 4 slots: 0x000070000e228410 is pointing into the stack for thread: 0x00007ffa4c17ec00
stack at sp + 5 slots: 0x00007fff28842d80: islGetInputSourceListWithAdditions+0x77 in /System/Library/Frameworks/Carbon.framework/Versions/A/Frameworks/HIToolbox.framework/Versions/A/HIToolbox at 0x00007fff28810000
stack at sp + 6 slots: 0xf7a18b02810b00fa is an unknown value
stack at sp + 7 slots: 0x000000012d98f8b8: <offset 0x368b8> in /private/var/folders/4z/dvg87rzx3jz89z4jl8l1z09r0000gn/T/lwjglschirripad@moravian.edu/3.2.3-build-13/libglfw.dylib at 0x000000012d959000


---------------  P R O C E S S  ---------------

Threads class SMR info:
_java_thread_list=0x00007ffa4a560340, length=22, elements={
0x00007ffa4c808a00, 0x00007ffa4b02ca00, 0x00007ffa4c89ac00, 0x00007ffa4c013000,
0x00007ffa4c89e000, 0x00007ffa4c89c600, 0x00007ffa4c898a00, 0x00007ffa4c899000,
0x00007ffa4b02d600, 0x00007ffa4c01e000, 0x00007ffa4a80de00, 0x00007ffa4a82a800,
0x00007ffa4a82ae00, 0x00007ffa4c899600, 0x00007ffa4c17ec00, 0x00007ffa4c184c00,
0x00007ffa4a844200, 0x00007ffa4cb11000, 0x00007ffa4a9ba600, 0x00007ffa4c26ea00,
0x00007ffa4cbb0600, 0x00007ffa4b1e7400
}

Java Threads: ( => current thread )
  0x00007ffa4c808a00 JavaThread "main" [_thread_blocked, id=6403, stack(0x000070000c8de000,0x000070000c9de000)]
  0x00007ffa4b02ca00 JavaThread "Reference Handler" daemon [_thread_blocked, id=17411, stack(0x000070000cff3000,0x000070000d0f3000)]
  0x00007ffa4c89ac00 JavaThread "Finalizer" daemon [_thread_blocked, id=16899, stack(0x000070000d0f6000,0x000070000d1f6000)]
  0x00007ffa4c013000 JavaThread "Signal Dispatcher" daemon [_thread_blocked, id=22531, stack(0x000070000d2ff000,0x000070000d3ff000)]
  0x00007ffa4c89e000 JavaThread "Service Thread" daemon [_thread_blocked, id=42499, stack(0x000070000d402000,0x000070000d502000)]
  0x00007ffa4c89c600 JavaThread "Monitor Deflation Thread" daemon [_thread_blocked, id=41987, stack(0x000070000d505000,0x000070000d605000)]
  0x00007ffa4c898a00 JavaThread "C2 CompilerThread0" daemon [_thread_blocked, id=41731, stack(0x000070000d608000,0x000070000d708000)]
  0x00007ffa4c899000 JavaThread "C1 CompilerThread0" daemon [_thread_blocked, id=23299, stack(0x000070000d70b000,0x000070000d80b000)]
  0x00007ffa4b02d600 JavaThread "Sweeper thread" daemon [_thread_blocked, id=23811, stack(0x000070000d80e000,0x000070000d90e000)]
  0x00007ffa4c01e000 JavaThread "JDWP Transport Listener: dt_socket" daemon [_thread_blocked, id=41479, stack(0x000070000d911000,0x000070000da11000)]
  0x00007ffa4a80de00 JavaThread "JDWP Event Helper Thread" daemon [_thread_blocked, id=41219, stack(0x000070000da14000,0x000070000db14000)]
  0x00007ffa4a82a800 JavaThread "JDWP Command Reader" daemon [_thread_in_native, id=40707, stack(0x000070000db17000,0x000070000dc17000)]
  0x00007ffa4a82ae00 JavaThread "Notification Thread" daemon [_thread_blocked, id=24835, stack(0x000070000dc1a000,0x000070000dd1a000)]
  0x00007ffa4c899600 JavaThread "Common-Cleaner" daemon [_thread_blocked, id=39683, stack(0x000070000de20000,0x000070000df20000)]
=>0x00007ffa4c17ec00 JavaThread "PDE" [_thread_in_native, id=38915, stack(0x000070000e129000,0x000070000e229000)]
  0x00007ffa4c184c00 JavaThread "AppKit Thread" daemon [_thread_in_native, id=259, stack(0x00007ffeea248000,0x00007ffeeaa48000)]
  0x00007ffa4a844200 JavaThread "ClusterServer" [_thread_in_native, id=34571, stack(0x000070000e22c000,0x000070000e32c000)]
  0x00007ffa4cb11000 JavaThread "Terminal0.17477076043366035" [_thread_blocked, id=84239, stack(0x000070000e4b5000,0x000070000e5b5000)]
  0x00007ffa4a9ba600 JavaThread "login" [_thread_in_native, id=45315, stack(0x000070000e5b8000,0x000070000e6b8000)]
  0x00007ffa4c26ea00 JavaThread "Java2D Queue Flusher" daemon [_thread_blocked, id=69507, stack(0x000070000ead3000,0x000070000ebd3000)]
  0x00007ffa4cbb0600 JavaThread "Java2D Disposer" daemon [_thread_blocked, id=64259, stack(0x000070000ebd6000,0x000070000ecd6000)]
  0x00007ffa4b1e7400 JavaThread "AWT-Shutdown" [_thread_blocked, id=43275, stack(0x000070000e3b2000,0x000070000e4b2000)]

Other Threads:
  0x00007ffa4b80c160 VMThread "VM Thread" [stack: 0x000070000cef0000,0x000070000cff0000] [id=15107]
  0x00007ffa4a51a360 WatcherThread [stack: 0x000070000dd1d000,0x000070000de1d000] [id=40195]
  0x00007ffa4a6152d0 GCTaskThread "GC Thread#0" [stack: 0x000070000c9e1000,0x000070000cae1000] [id=20739]
  0x00007ffa4a55f820 GCTaskThread "GC Thread#1" [stack: 0x000070000df23000,0x000070000e023000] [id=25091]
  0x00007ffa4a68b380 GCTaskThread "GC Thread#2" [stack: 0x000070000e026000,0x000070000e126000] [id=25603]
  0x00007ffa4e829470 GCTaskThread "GC Thread#3" [stack: 0x000070000d1f9000,0x000070000d2f9000] [id=32291]
  0x00007ffa4a616240 ConcurrentGCThread "G1 Main Marker" [stack: 0x000070000cae4000,0x000070000cbe4000] [id=20227]
  0x00007ffa4a5082b0 ConcurrentGCThread "G1 Conc#0" [stack: 0x000070000cbe7000,0x000070000cce7000] [id=13315]
  0x00007ffa4a631c20 ConcurrentGCThread "G1 Refine#0" [stack: 0x000070000ccea000,0x000070000cdea000] [id=13571]
  0x00007ffa4a509160 ConcurrentGCThread "G1 Service" [stack: 0x000070000cded000,0x000070000ceed000] [id=14083]

Threads with active compile tasks:

VM state: not at safepoint (normal execution)

VM Mutex/Monitor currently owned by a thread: None

Heap address: 0x0000000780000000, size: 2048 MB, Compressed Oops mode: Zero based, Oop shift amount: 3

CDS archive(s) mapped at: [0x0000000800000000-0x0000000800bbb000-0x0000000800bbb000), size 12300288, SharedBaseAddress: 0x0000000800000000, ArchiveRelocationMode: 0.
Compressed class space mapped at: 0x0000000800c00000-0x0000000840c00000, reserved size: 1073741824
Narrow klass base: 0x0000000800000000, Narrow klass shift: 3, Narrow klass range: 0x100000000

GC Precious Log:
 CPUs: 4 total, 4 available
 Memory: 8192M
 Large Page Support: Disabled
 NUMA Support: Disabled
 Compressed Oops: Enabled (Zero based)
 Heap Region Size: 1M
 Heap Min Capacity: 8M
 Heap Initial Capacity: 128M
 Heap Max Capacity: 2G
 Pre-touch: Disabled
 Parallel Workers: 4
 Concurrent Workers: 1
 Concurrent Refinement Workers: 4
 Periodic GC: Disabled

Heap:
 garbage-first heap   total 133120K, used 4365K [0x0000000780000000, 0x0000000800000000)
  region size 1024K, 5 young (5120K), 4 survivors (4096K)
 Metaspace       used 12603K, committed 12928K, reserved 1064960K
  class space    used 1100K, committed 1280K, reserved 1048576K

Heap Regions: E=young(eden), S=young(survivor), O=old, HS=humongous(starts), HC=humongous(continues), CS=collection set, F=free, OA=open archive, CA=closed archive, TAMS=top-at-mark-start (previous, next)
|   0|0x0000000780000000, 0x0000000780000000, 0x0000000780100000|  0%| F|  |TAMS 0x0000000780000000, 0x0000000780000000| Untracked 
|   1|0x0000000780100000, 0x0000000780100000, 0x0000000780200000|  0%| F|  |TAMS 0x0000000780100000, 0x0000000780100000| Untracked 
|   2|0x0000000780200000, 0x0000000780200000, 0x0000000780300000|  0%| F|  |TAMS 0x0000000780200000, 0x0000000780200000| Untracked 
|   3|0x0000000780300000, 0x0000000780300000, 0x0000000780400000|  0%| F|  |TAMS 0x0000000780300000, 0x0000000780300000| Untracked 
|   4|0x0000000780400000, 0x0000000780400000, 0x0000000780500000|  0%| F|  |TAMS 0x0000000780400000, 0x0000000780400000| Untracked 
|   5|0x0000000780500000, 0x0000000780500000, 0x0000000780600000|  0%| F|  |TAMS 0x0000000780500000, 0x0000000780500000| Untracked 
|   6|0x0000000780600000, 0x0000000780600000, 0x0000000780700000|  0%| F|  |TAMS 0x0000000780600000, 0x0000000780600000| Untracked 
|   7|0x0000000780700000, 0x0000000780700000, 0x0000000780800000|  0%| F|  |TAMS 0x0000000780700000, 0x0000000780700000| Untracked 
|   8|0x0000000780800000, 0x0000000780800000, 0x0000000780900000|  0%| F|  |TAMS 0x0000000780800000, 0x0000000780800000| Untracked 
|   9|0x0000000780900000, 0x0000000780900000, 0x0000000780a00000|  0%| F|  |TAMS 0x0000000780900000, 0x0000000780900000| Untracked 
|  10|0x0000000780a00000, 0x0000000780a00000, 0x0000000780b00000|  0%| F|  |TAMS 0x0000000780a00000, 0x0000000780a00000| Untracked 
|  11|0x0000000780b00000, 0x0000000780b00000, 0x0000000780c00000|  0%| F|  |TAMS 0x0000000780b00000, 0x0000000780b00000| Untracked 
|  12|0x0000000780c00000, 0x0000000780c00000, 0x0000000780d00000|  0%| F|  |TAMS 0x0000000780c00000, 0x0000000780c00000| Untracked 
|  13|0x0000000780d00000, 0x0000000780d00000, 0x0000000780e00000|  0%| F|  |TAMS 0x0000000780d00000, 0x0000000780d00000| Untracked 
|  14|0x0000000780e00000, 0x0000000780e00000, 0x0000000780f00000|  0%| F|  |TAMS 0x0000000780e00000, 0x0000000780e00000| Untracked 
|  15|0x0000000780f00000, 0x0000000780f00000, 0x0000000781000000|  0%| F|  |TAMS 0x0000000780f00000, 0x0000000780f00000| Untracked 
|  16|0x0000000781000000, 0x0000000781000000, 0x0000000781100000|  0%| F|  |TAMS 0x0000000781000000, 0x0000000781000000| Untracked 
|  17|0x0000000781100000, 0x0000000781100000, 0x0000000781200000|  0%| F|  |TAMS 0x0000000781100000, 0x0000000781100000| Untracked 
|  18|0x0000000781200000, 0x0000000781200000, 0x0000000781300000|  0%| F|  |TAMS 0x0000000781200000, 0x0000000781200000| Untracked 
|  19|0x0000000781300000, 0x0000000781300000, 0x0000000781400000|  0%| F|  |TAMS 0x0000000781300000, 0x0000000781300000| Untracked 
|  20|0x0000000781400000, 0x0000000781400000, 0x0000000781500000|  0%| F|  |TAMS 0x0000000781400000, 0x0000000781400000| Untracked 
|  21|0x0000000781500000, 0x0000000781500000, 0x0000000781600000|  0%| F|  |TAMS 0x0000000781500000, 0x0000000781500000| Untracked 
|  22|0x0000000781600000, 0x0000000781600000, 0x0000000781700000|  0%| F|  |TAMS 0x0000000781600000, 0x0000000781600000| Untracked 
|  23|0x0000000781700000, 0x0000000781700000, 0x0000000781800000|  0%| F|  |TAMS 0x0000000781700000, 0x0000000781700000| Untracked 
|  24|0x0000000781800000, 0x0000000781800000, 0x0000000781900000|  0%| F|  |TAMS 0x0000000781800000, 0x0000000781800000| Untracked 
|  25|0x0000000781900000, 0x0000000781900000, 0x0000000781a00000|  0%| F|  |TAMS 0x0000000781900000, 0x0000000781900000| Untracked 
|  26|0x0000000781a00000, 0x0000000781a00000, 0x0000000781b00000|  0%| F|  |TAMS 0x0000000781a00000, 0x0000000781a00000| Untracked 
|  27|0x0000000781b00000, 0x0000000781b00000, 0x0000000781c00000|  0%| F|  |TAMS 0x0000000781b00000, 0x0000000781b00000| Untracked 
|  28|0x0000000781c00000, 0x0000000781c00000, 0x0000000781d00000|  0%| F|  |TAMS 0x0000000781c00000, 0x0000000781c00000| Untracked 
|  29|0x0000000781d00000, 0x0000000781d00000, 0x0000000781e00000|  0%| F|  |TAMS 0x0000000781d00000, 0x0000000781d00000| Untracked 
|  30|0x0000000781e00000, 0x0000000781e00000, 0x0000000781f00000|  0%| F|  |TAMS 0x0000000781e00000, 0x0000000781e00000| Untracked 
|  31|0x0000000781f00000, 0x0000000781f00000, 0x0000000782000000|  0%| F|  |TAMS 0x0000000781f00000, 0x0000000781f00000| Untracked 
|  32|0x0000000782000000, 0x0000000782000000, 0x0000000782100000|  0%| F|  |TAMS 0x0000000782000000, 0x0000000782000000| Untracked 
|  33|0x0000000782100000, 0x0000000782100000, 0x0000000782200000|  0%| F|  |TAMS 0x0000000782100000, 0x0000000782100000| Untracked 
|  34|0x0000000782200000, 0x0000000782200000, 0x0000000782300000|  0%| F|  |TAMS 0x0000000782200000, 0x0000000782200000| Untracked 
|  35|0x0000000782300000, 0x0000000782300000, 0x0000000782400000|  0%| F|  |TAMS 0x0000000782300000, 0x0000000782300000| Untracked 
|  36|0x0000000782400000, 0x0000000782400000, 0x0000000782500000|  0%| F|  |TAMS 0x0000000782400000, 0x0000000782400000| Untracked 
|  37|0x0000000782500000, 0x0000000782500000, 0x0000000782600000|  0%| F|  |TAMS 0x0000000782500000, 0x0000000782500000| Untracked 
|  38|0x0000000782600000, 0x0000000782600000, 0x0000000782700000|  0%| F|  |TAMS 0x0000000782600000, 0x0000000782600000| Untracked 
|  39|0x0000000782700000, 0x0000000782700000, 0x0000000782800000|  0%| F|  |TAMS 0x0000000782700000, 0x0000000782700000| Untracked 
|  40|0x0000000782800000, 0x0000000782800000, 0x0000000782900000|  0%| F|  |TAMS 0x0000000782800000, 0x0000000782800000| Untracked 
|  41|0x0000000782900000, 0x0000000782900000, 0x0000000782a00000|  0%| F|  |TAMS 0x0000000782900000, 0x0000000782900000| Untracked 
|  42|0x0000000782a00000, 0x0000000782a00000, 0x0000000782b00000|  0%| F|  |TAMS 0x0000000782a00000, 0x0000000782a00000| Untracked 
|  43|0x0000000782b00000, 0x0000000782b00000, 0x0000000782c00000|  0%| F|  |TAMS 0x0000000782b00000, 0x0000000782b00000| Untracked 
|  44|0x0000000782c00000, 0x0000000782c00000, 0x0000000782d00000|  0%| F|  |TAMS 0x0000000782c00000, 0x0000000782c00000| Untracked 
|  45|0x0000000782d00000, 0x0000000782d00000, 0x0000000782e00000|  0%| F|  |TAMS 0x0000000782d00000, 0x0000000782d00000| Untracked 
|  46|0x0000000782e00000, 0x0000000782e00000, 0x0000000782f00000|  0%| F|  |TAMS 0x0000000782e00000, 0x0000000782e00000| Untracked 
|  47|0x0000000782f00000, 0x0000000782f00000, 0x0000000783000000|  0%| F|  |TAMS 0x0000000782f00000, 0x0000000782f00000| Untracked 
|  48|0x0000000783000000, 0x0000000783000000, 0x0000000783100000|  0%| F|  |TAMS 0x0000000783000000, 0x0000000783000000| Untracked 
|  49|0x0000000783100000, 0x0000000783100000, 0x0000000783200000|  0%| F|  |TAMS 0x0000000783100000, 0x0000000783100000| Untracked 
|  50|0x0000000783200000, 0x0000000783200000, 0x0000000783300000|  0%| F|  |TAMS 0x0000000783200000, 0x0000000783200000| Untracked 
|  51|0x0000000783300000, 0x0000000783300000, 0x0000000783400000|  0%| F|  |TAMS 0x0000000783300000, 0x0000000783300000| Untracked 
|  52|0x0000000783400000, 0x0000000783400000, 0x0000000783500000|  0%| F|  |TAMS 0x0000000783400000, 0x0000000783400000| Untracked 
|  53|0x0000000783500000, 0x0000000783500000, 0x0000000783600000|  0%| F|  |TAMS 0x0000000783500000, 0x0000000783500000| Untracked 
|  54|0x0000000783600000, 0x0000000783600000, 0x0000000783700000|  0%| F|  |TAMS 0x0000000783600000, 0x0000000783600000| Untracked 
|  55|0x0000000783700000, 0x0000000783700000, 0x0000000783800000|  0%| F|  |TAMS 0x0000000783700000, 0x0000000783700000| Untracked 
|  56|0x0000000783800000, 0x0000000783800000, 0x0000000783900000|  0%| F|  |TAMS 0x0000000783800000, 0x0000000783800000| Untracked 
|  57|0x0000000783900000, 0x0000000783900000, 0x0000000783a00000|  0%| F|  |TAMS 0x0000000783900000, 0x0000000783900000| Untracked 
|  58|0x0000000783a00000, 0x0000000783a00000, 0x0000000783b00000|  0%| F|  |TAMS 0x0000000783a00000, 0x0000000783a00000| Untracked 
|  59|0x0000000783b00000, 0x0000000783b00000, 0x0000000783c00000|  0%| F|  |TAMS 0x0000000783b00000, 0x0000000783b00000| Untracked 
|  60|0x0000000783c00000, 0x0000000783c00000, 0x0000000783d00000|  0%| F|  |TAMS 0x0000000783c00000, 0x0000000783c00000| Untracked 
|  61|0x0000000783d00000, 0x0000000783d00000, 0x0000000783e00000|  0%| F|  |TAMS 0x0000000783d00000, 0x0000000783d00000| Untracked 
|  62|0x0000000783e00000, 0x0000000783e00000, 0x0000000783f00000|  0%| F|  |TAMS 0x0000000783e00000, 0x0000000783e00000| Untracked 
|  63|0x0000000783f00000, 0x0000000783f00000, 0x0000000784000000|  0%| F|  |TAMS 0x0000000783f00000, 0x0000000783f00000| Untracked 
|  64|0x0000000784000000, 0x0000000784000000, 0x0000000784100000|  0%| F|  |TAMS 0x0000000784000000, 0x0000000784000000| Untracked 
|  65|0x0000000784100000, 0x0000000784100000, 0x0000000784200000|  0%| F|  |TAMS 0x0000000784100000, 0x0000000784100000| Untracked 
|  66|0x0000000784200000, 0x0000000784200000, 0x0000000784300000|  0%| F|  |TAMS 0x0000000784200000, 0x0000000784200000| Untracked 
|  67|0x0000000784300000, 0x0000000784300000, 0x0000000784400000|  0%| F|  |TAMS 0x0000000784300000, 0x0000000784300000| Untracked 
|  68|0x0000000784400000, 0x0000000784400000, 0x0000000784500000|  0%| F|  |TAMS 0x0000000784400000, 0x0000000784400000| Untracked 
|  69|0x0000000784500000, 0x0000000784500000, 0x0000000784600000|  0%| F|  |TAMS 0x0000000784500000, 0x0000000784500000| Untracked 
|  70|0x0000000784600000, 0x0000000784600000, 0x0000000784700000|  0%| F|  |TAMS 0x0000000784600000, 0x0000000784600000| Untracked 
|  71|0x0000000784700000, 0x0000000784700000, 0x0000000784800000|  0%| F|  |TAMS 0x0000000784700000, 0x0000000784700000| Untracked 
|  72|0x0000000784800000, 0x0000000784800000, 0x0000000784900000|  0%| F|  |TAMS 0x0000000784800000, 0x0000000784800000| Untracked 
|  73|0x0000000784900000, 0x0000000784900000, 0x0000000784a00000|  0%| F|  |TAMS 0x0000000784900000, 0x0000000784900000| Untracked 
|  74|0x0000000784a00000, 0x0000000784a00000, 0x0000000784b00000|  0%| F|  |TAMS 0x0000000784a00000, 0x0000000784a00000| Untracked 
|  75|0x0000000784b00000, 0x0000000784b00000, 0x0000000784c00000|  0%| F|  |TAMS 0x0000000784b00000, 0x0000000784b00000| Untracked 
|  76|0x0000000784c00000, 0x0000000784c00000, 0x0000000784d00000|  0%| F|  |TAMS 0x0000000784c00000, 0x0000000784c00000| Untracked 
|  77|0x0000000784d00000, 0x0000000784d00000, 0x0000000784e00000|  0%| F|  |TAMS 0x0000000784d00000, 0x0000000784d00000| Untracked 
|  78|0x0000000784e00000, 0x0000000784e00000, 0x0000000784f00000|  0%| F|  |TAMS 0x0000000784e00000, 0x0000000784e00000| Untracked 
|  79|0x0000000784f00000, 0x0000000784f00000, 0x0000000785000000|  0%| F|  |TAMS 0x0000000784f00000, 0x0000000784f00000| Untracked 
|  80|0x0000000785000000, 0x0000000785000000, 0x0000000785100000|  0%| F|  |TAMS 0x0000000785000000, 0x0000000785000000| Untracked 
|  81|0x0000000785100000, 0x0000000785100000, 0x0000000785200000|  0%| F|  |TAMS 0x0000000785100000, 0x0000000785100000| Untracked 
|  82|0x0000000785200000, 0x0000000785200000, 0x0000000785300000|  0%| F|  |TAMS 0x0000000785200000, 0x0000000785200000| Untracked 
|  83|0x0000000785300000, 0x0000000785300000, 0x0000000785400000|  0%| F|  |TAMS 0x0000000785300000, 0x0000000785300000| Untracked 
|  84|0x0000000785400000, 0x0000000785400000, 0x0000000785500000|  0%| F|  |TAMS 0x0000000785400000, 0x0000000785400000| Untracked 
|  85|0x0000000785500000, 0x0000000785500000, 0x0000000785600000|  0%| F|  |TAMS 0x0000000785500000, 0x0000000785500000| Untracked 
|  86|0x0000000785600000, 0x0000000785600000, 0x0000000785700000|  0%| F|  |TAMS 0x0000000785600000, 0x0000000785600000| Untracked 
|  87|0x0000000785700000, 0x0000000785700000, 0x0000000785800000|  0%| F|  |TAMS 0x0000000785700000, 0x0000000785700000| Untracked 
|  88|0x0000000785800000, 0x0000000785800000, 0x0000000785900000|  0%| F|  |TAMS 0x0000000785800000, 0x0000000785800000| Untracked 
|  89|0x0000000785900000, 0x0000000785900000, 0x0000000785a00000|  0%| F|  |TAMS 0x0000000785900000, 0x0000000785900000| Untracked 
|  90|0x0000000785a00000, 0x0000000785a00000, 0x0000000785b00000|  0%| F|  |TAMS 0x0000000785a00000, 0x0000000785a00000| Untracked 
|  91|0x0000000785b00000, 0x0000000785b00000, 0x0000000785c00000|  0%| F|  |TAMS 0x0000000785b00000, 0x0000000785b00000| Untracked 
|  92|0x0000000785c00000, 0x0000000785c00000, 0x0000000785d00000|  0%| F|  |TAMS 0x0000000785c00000, 0x0000000785c00000| Untracked 
|  93|0x0000000785d00000, 0x0000000785d00000, 0x0000000785e00000|  0%| F|  |TAMS 0x0000000785d00000, 0x0000000785d00000| Untracked 
|  94|0x0000000785e00000, 0x0000000785e00000, 0x0000000785f00000|  0%| F|  |TAMS 0x0000000785e00000, 0x0000000785e00000| Untracked 
|  95|0x0000000785f00000, 0x0000000785f00000, 0x0000000786000000|  0%| F|  |TAMS 0x0000000785f00000, 0x0000000785f00000| Untracked 
|  96|0x0000000786000000, 0x0000000786000000, 0x0000000786100000|  0%| F|  |TAMS 0x0000000786000000, 0x0000000786000000| Untracked 
|  97|0x0000000786100000, 0x0000000786151510, 0x0000000786200000| 31%| S|CS|TAMS 0x0000000786100000, 0x0000000786100000| Complete 
|  98|0x0000000786200000, 0x0000000786300000, 0x0000000786300000|100%| S|CS|TAMS 0x0000000786200000, 0x0000000786200000| Complete 
|  99|0x0000000786300000, 0x0000000786400000, 0x0000000786400000|100%| S|CS|TAMS 0x0000000786300000, 0x0000000786300000| Complete 
| 100|0x0000000786400000, 0x0000000786500000, 0x0000000786500000|100%| S|CS|TAMS 0x0000000786400000, 0x0000000786400000| Complete 
| 101|0x0000000786500000, 0x0000000786500000, 0x0000000786600000|  0%| F|  |TAMS 0x0000000786500000, 0x0000000786500000| Untracked 
| 102|0x0000000786600000, 0x0000000786600000, 0x0000000786700000|  0%| F|  |TAMS 0x0000000786600000, 0x0000000786600000| Untracked 
| 103|0x0000000786700000, 0x0000000786700000, 0x0000000786800000|  0%| F|  |TAMS 0x0000000786700000, 0x0000000786700000| Untracked 
| 104|0x0000000786800000, 0x0000000786800000, 0x0000000786900000|  0%| F|  |TAMS 0x0000000786800000, 0x0000000786800000| Untracked 
| 105|0x0000000786900000, 0x0000000786900000, 0x0000000786a00000|  0%| F|  |TAMS 0x0000000786900000, 0x0000000786900000| Untracked 
| 106|0x0000000786a00000, 0x0000000786a00000, 0x0000000786b00000|  0%| F|  |TAMS 0x0000000786a00000, 0x0000000786a00000| Untracked 
| 107|0x0000000786b00000, 0x0000000786b00000, 0x0000000786c00000|  0%| F|  |TAMS 0x0000000786b00000, 0x0000000786b00000| Untracked 
| 108|0x0000000786c00000, 0x0000000786c00000, 0x0000000786d00000|  0%| F|  |TAMS 0x0000000786c00000, 0x0000000786c00000| Untracked 
| 109|0x0000000786d00000, 0x0000000786d00000, 0x0000000786e00000|  0%| F|  |TAMS 0x0000000786d00000, 0x0000000786d00000| Untracked 
| 110|0x0000000786e00000, 0x0000000786e00000, 0x0000000786f00000|  0%| F|  |TAMS 0x0000000786e00000, 0x0000000786e00000| Untracked 
| 111|0x0000000786f00000, 0x0000000786f00000, 0x0000000787000000|  0%| F|  |TAMS 0x0000000786f00000, 0x0000000786f00000| Untracked 
| 112|0x0000000787000000, 0x0000000787000000, 0x0000000787100000|  0%| F|  |TAMS 0x0000000787000000, 0x0000000787000000| Untracked 
| 113|0x0000000787100000, 0x0000000787100000, 0x0000000787200000|  0%| F|  |TAMS 0x0000000787100000, 0x0000000787100000| Untracked 
| 114|0x0000000787200000, 0x0000000787200000, 0x0000000787300000|  0%| F|  |TAMS 0x0000000787200000, 0x0000000787200000| Untracked 
| 115|0x0000000787300000, 0x0000000787300000, 0x0000000787400000|  0%| F|  |TAMS 0x0000000787300000, 0x0000000787300000| Untracked 
| 116|0x0000000787400000, 0x0000000787400000, 0x0000000787500000|  0%| F|  |TAMS 0x0000000787400000, 0x0000000787400000| Untracked 
| 117|0x0000000787500000, 0x0000000787500000, 0x0000000787600000|  0%| F|  |TAMS 0x0000000787500000, 0x0000000787500000| Untracked 
| 118|0x0000000787600000, 0x0000000787600000, 0x0000000787700000|  0%| F|  |TAMS 0x0000000787600000, 0x0000000787600000| Untracked 
| 119|0x0000000787700000, 0x0000000787700000, 0x0000000787800000|  0%| F|  |TAMS 0x0000000787700000, 0x0000000787700000| Untracked 
| 120|0x0000000787800000, 0x0000000787800000, 0x0000000787900000|  0%| F|  |TAMS 0x0000000787800000, 0x0000000787800000| Untracked 
| 121|0x0000000787900000, 0x0000000787900000, 0x0000000787a00000|  0%| F|  |TAMS 0x0000000787900000, 0x0000000787900000| Untracked 
| 122|0x0000000787a00000, 0x0000000787a00000, 0x0000000787b00000|  0%| F|  |TAMS 0x0000000787a00000, 0x0000000787a00000| Untracked 
| 123|0x0000000787b00000, 0x0000000787b00000, 0x0000000787c00000|  0%| F|  |TAMS 0x0000000787b00000, 0x0000000787b00000| Untracked 
| 124|0x0000000787c00000, 0x0000000787c00000, 0x0000000787d00000|  0%| F|  |TAMS 0x0000000787c00000, 0x0000000787c00000| Untracked 
| 125|0x0000000787d00000, 0x0000000787d00000, 0x0000000787e00000|  0%| F|  |TAMS 0x0000000787d00000, 0x0000000787d00000| Untracked 
| 126|0x0000000787e00000, 0x0000000787e00000, 0x0000000787f00000|  0%| F|  |TAMS 0x0000000787e00000, 0x0000000787e00000| Untracked 
| 127|0x0000000787f00000, 0x0000000787f866c0, 0x0000000788000000| 52%| E|  |TAMS 0x0000000787f00000, 0x0000000787f00000| Complete 
|1022|0x00000007bfe00000, 0x00000007bfe75000, 0x00000007bff00000| 45%|OA|  |TAMS 0x00000007bfe00000, 0x00000007bfe00000| Untracked 
|1023|0x00000007bff00000, 0x00000007bff7d000, 0x00000007c0000000| 48%|CA|  |TAMS 0x00000007bff00000, 0x00000007bff00000| Untracked 

Card table byte_map: [0x0000000106903000,0x0000000106d03000] _byte_map_base: 0x0000000102d03000

Marking Bits (Prev, Next): (CMBitMap*) 0x00007ffa4b00b010, (CMBitMap*) 0x00007ffa4b00b050
 Prev Bits: [0x000000011fe3b000, 0x0000000121e3b000)
 Next Bits: [0x0000000121e3b000, 0x0000000123e3b000)

Polling page: 0x000000010626a000

Metaspace:

Usage:
  Non-class:     11.23 MB used.
      Class:      1.07 MB used.
       Both:     12.31 MB used.

Virtual space:
  Non-class space:       16.00 MB reserved,      11.38 MB ( 71%) committed,  2 nodes.
      Class space:        1.00 GB reserved,       1.25 MB ( <1%) committed,  1 nodes.
              Both:        1.02 GB reserved,      12.62 MB (  1%) committed. 

Chunk freelists:
   Non-Class:  3.97 MB
       Class:  2.72 MB
        Both:  6.69 MB

MaxMetaspaceSize: 17179869184.00 GB
CompressedClassSpaceSize: 1.00 GB
 - commit_granule_bytes: 65536.
 - commit_granule_words: 8192.
 - virtual_space_node_default_size: 1048576.
 - enlarge_chunks_in_place: 1.
 - new_chunks_are_fully_committed: 0.
 - uncommit_free_chunks: 1.
 - use_allocation_guard: 0.
 - handle_deallocations: 1.


Internal statistics:

num_allocs_failed_limit: 0.
num_arena_births: 176.
num_arena_deaths: 0.
num_vsnodes_births: 3.
num_vsnodes_deaths: 0.
num_space_committed: 201.
num_space_uncommitted: 0.
num_chunks_returned_to_freelist: 0.
num_chunks_taken_from_freelist: 448.
num_chunk_merges: 0.
num_chunk_splits: 351.
num_chunks_enlarged: 273.
num_purges: 0.

CodeHeap 'non-profiled nmethods': size=120032Kb used=461Kb max_used=461Kb free=119570Kb
 bounds [0x0000000118903000, 0x0000000118b73000, 0x000000011fe3b000]
CodeHeap 'profiled nmethods': size=120028Kb used=1966Kb max_used=1966Kb free=118061Kb
 bounds [0x00000001113cc000, 0x000000011163c000, 0x0000000118903000]
CodeHeap 'non-nmethods': size=5700Kb used=1639Kb max_used=1639Kb free=4060Kb
 bounds [0x0000000110e3b000, 0x00000001110ab000, 0x00000001113cc000]
 total_blobs=2127 nmethods=1121 adapters=920
 compilation: enabled
              stopped_count=0, restarted_count=0
 full_count=0

Compilation events (20 events):
Event: 18.621 Thread 0x00007ffa4c899000 1100       3       java.util.concurrent.locks.ReentrantLock$Sync::tryRelease (51 bytes)
Event: 18.621 Thread 0x00007ffa4c899000 nmethod 1100 0x00000001115b4010 code [0x00000001115b41e0, 0x00000001115b45a0]
Event: 18.621 Thread 0x00007ffa4c899000 1101       3       java.util.concurrent.locks.AbstractQueuedSynchronizer::signalNext (34 bytes)
Event: 18.622 Thread 0x00007ffa4c899000 nmethod 1101 0x00000001115b4710 code [0x00000001115b48e0, 0x00000001115b4b70]
Event: 18.766 Thread 0x00007ffa4c899000 1102       1       sun.java2d.opengl.OGLRenderQueue::access$000 (5 bytes)
Event: 18.766 Thread 0x00007ffa4c899000 nmethod 1102 0x0000000118973590 code [0x0000000118973720, 0x00000001189737d0]
Event: 32.033 Thread 0x00007ffa4c899000 1104       3       sun.java2d.pipe.RenderBuffer::position (11 bytes)
Event: 32.033 Thread 0x00007ffa4c899000 nmethod 1104 0x00000001115b4d10 code [0x00000001115b4ea0, 0x00000001115b4fb0]
Event: 32.243 Thread 0x00007ffa4c899000 1105       3       sun.java2d.pipe.RenderQueue::unlock (4 bytes)
Event: 32.244 Thread 0x00007ffa4c899000 nmethod 1105 0x00000001115b5010 code [0x00000001115b51e0, 0x00000001115b5610]
Event: 32.244 Thread 0x00007ffa4c899000 1106       3       sun.awt.SunToolkit::awtUnlock (7 bytes)
Event: 32.244 Thread 0x00007ffa4c899000 nmethod 1106 0x00000001115b5790 code [0x00000001115b5960, 0x00000001115b5d10]
Event: 32.347 Thread 0x00007ffa4c899000 1107       3       sun.java2d.pipe.RenderQueue::tryLock (4 bytes)
Event: 32.347 Thread 0x00007ffa4c899000 nmethod 1107 0x00000001115b5e90 code [0x00000001115b6040, 0x00000001115b62e0]
Event: 32.347 Thread 0x00007ffa4c899000 1108       3       sun.awt.SunToolkit::awtTryLock (7 bytes)
Event: 32.347 Thread 0x00007ffa4c899000 nmethod 1108 0x00000001115b6410 code [0x00000001115b65c0, 0x00000001115b67e0]
Event: 32.347 Thread 0x00007ffa4c899000 1109       3       java.util.concurrent.locks.ReentrantLock::tryLock (8 bytes)
Event: 32.347 Thread 0x00007ffa4c899000 nmethod 1109 0x00000001115b6910 code [0x00000001115b6ac0, 0x00000001115b6c00]
Event: 41.257 Thread 0x00007ffa4c899000 1122   !   3       java.lang.ref.ReferenceQueue::enqueue (119 bytes)
Event: 41.257 Thread 0x00007ffa4c899000 nmethod 1122 0x00000001115b6d10 code [0x00000001115b6f00, 0x00000001115b7660]

GC Heap History (4 events):
Event: 1.505 GC heap before
{Heap before GC invocations=0 (full 0):
 garbage-first heap   total 133120K, used 14280K [0x0000000780000000, 0x0000000800000000)
  region size 1024K, 13 young (13312K), 0 survivors (0K)
 Metaspace       used 3958K, committed 4096K, reserved 1056768K
  class space    used 303K, committed 384K, reserved 1048576K
}
Event: 1.514 GC heap after
{Heap after GC invocations=1 (full 0):
 garbage-first heap   total 133120K, used 2410K [0x0000000780000000, 0x0000000800000000)
  region size 1024K, 2 young (2048K), 2 survivors (2048K)
 Metaspace       used 3958K, committed 4096K, reserved 1056768K
  class space    used 303K, committed 384K, reserved 1048576K
}
Event: 41.245 GC heap before
{Heap before GC invocations=1 (full 0):
 garbage-first heap   total 133120K, used 26986K [0x0000000780000000, 0x0000000800000000)
  region size 1024K, 27 young (27648K), 2 survivors (2048K)
 Metaspace       used 12583K, committed 12928K, reserved 1064960K
  class space    used 1099K, committed 1280K, reserved 1048576K
}
Event: 41.256 GC heap after
{Heap after GC invocations=2 (full 0):
 garbage-first heap   total 133120K, used 4365K [0x0000000780000000, 0x0000000800000000)
  region size 1024K, 4 young (4096K), 4 survivors (4096K)
 Metaspace       used 12583K, committed 12928K, reserved 1064960K
  class space    used 1099K, committed 1280K, reserved 1048576K
}

Deoptimization events (20 events):
Event: 2.642 Thread 0x00007ffa4c808a00 DEOPT PACKING pc=0x0000000118950ab0 sp=0x000070000c9dd890
Event: 2.642 Thread 0x00007ffa4c808a00 DEOPT UNPACKING pc=0x0000000110e88424 sp=0x000070000c9dd7f0 mode 2
Event: 2.645 Thread 0x00007ffa4c808a00 Uncommon trap: trap_request=0xffffff45 fr.pc=0x0000000118930410 relative=0x00000000000004d0
Event: 2.645 Thread 0x00007ffa4c808a00 Uncommon trap: reason=unstable_if action=reinterpret pc=0x0000000118930410 method=java.lang.StringLatin1.replace([BCC)Ljava/lang/String; @ 19 c2
Event: 2.645 Thread 0x00007ffa4c808a00 DEOPT PACKING pc=0x0000000118930410 sp=0x000070000c9dd840
Event: 2.645 Thread 0x00007ffa4c808a00 DEOPT UNPACKING pc=0x0000000110e88424 sp=0x000070000c9dd7f8 mode 2
Event: 2.704 Thread 0x00007ffa4c808a00 DEOPT PACKING pc=0x00000001114cb2f4 sp=0x000070000c9dcdd0
Event: 2.704 Thread 0x00007ffa4c808a00 DEOPT UNPACKING pc=0x0000000110e88bba sp=0x000070000c9dc288 mode 1
Event: 2.704 Thread 0x00007ffa4c808a00 DEOPT PACKING pc=0x00000001114d8cec sp=0x000070000c9dcea0
Event: 2.704 Thread 0x00007ffa4c808a00 DEOPT UNPACKING pc=0x0000000110e88bba sp=0x000070000c9dc3a8 mode 1
Event: 2.704 Thread 0x00007ffa4c808a00 DEOPT PACKING pc=0x0000000118945fec sp=0x000070000c9dc7b0
Event: 2.705 Thread 0x00007ffa4c808a00 DEOPT UNPACKING pc=0x0000000110e88bba sp=0x000070000c9dbb40 mode 1
Event: 2.705 Thread 0x00007ffa4c808a00 DEOPT PACKING pc=0x0000000111498c34 sp=0x000070000c9dc980
Event: 2.705 Thread 0x00007ffa4c808a00 DEOPT UNPACKING pc=0x0000000110e88bba sp=0x000070000c9dbe10 mode 1
Event: 2.705 Thread 0x00007ffa4c808a00 DEOPT PACKING pc=0x000000011893b5e4 sp=0x000070000c9dcaa0
Event: 2.705 Thread 0x00007ffa4c808a00 DEOPT UNPACKING pc=0x0000000110e88bba sp=0x000070000c9dbfd8 mode 1
Event: 2.705 Thread 0x00007ffa4c808a00 DEOPT PACKING pc=0x00000001114dff49 sp=0x000070000c9dce10
Event: 2.705 Thread 0x00007ffa4c808a00 DEOPT UNPACKING pc=0x0000000110e88bba sp=0x000070000c9dc328 mode 1
Event: 2.705 Thread 0x00007ffa4c808a00 DEOPT PACKING pc=0x00000001114c615c sp=0x000070000c9dcf80
Event: 2.705 Thread 0x00007ffa4c808a00 DEOPT UNPACKING pc=0x0000000110e88bba sp=0x000070000c9dc458 mode 1

Classes unloaded (0 events):
No events

Classes redefined (0 events):
No events

Internal exceptions (17 events):
Event: 0.680 Thread 0x00007ffa4c808a00 Exception <a 'java/lang/NoSuchMethodError'{0x0000000787e670f0}: 'void java.lang.invoke.DirectMethodHandle$Holder.invokeSpecial(java.lang.Object, java.lang.Object, java.lang.Object)'> (0x0000000787e670f0) 
thrown [./open/src/hotspot/share/interpreter/linkResolver.cpp, line 790]
Event: 0.746 Thread 0x00007ffa4c808a00 Exception <a 'java/lang/NoSuchMethodError'{0x0000000787eef940}: 'java.lang.Object java.lang.invoke.DirectMethodHandle$Holder.invokeStatic(java.lang.Object, int, java.lang.Object)'> (0x0000000787eef940) 
thrown [./open/src/hotspot/share/interpreter/linkResolver.cpp, line 790]
Event: 2.379 Thread 0x00007ffa4c17ec00 Exception <a 'java/lang/NoSuchMethodError'{0x0000000786a7f748}: 'java.lang.Object java.lang.invoke.DirectMethodHandle$Holder.invokeStatic(java.lang.Object)'> (0x0000000786a7f748) 
thrown [./open/src/hotspot/share/interpreter/linkResolver.cpp, line 790]
Event: 2.380 Thread 0x00007ffa4c17ec00 Exception <a 'java/lang/NoSuchMethodError'{0x0000000786a85448}: 'java.lang.Object java.lang.invoke.DirectMethodHandle$Holder.invokeStaticInit(java.lang.Object)'> (0x0000000786a85448) 
thrown [./open/src/hotspot/share/interpreter/linkResolver.cpp, line 790]
Event: 2.465 Thread 0x00007ffa4c17ec00 Exception <a 'java/lang/ClassNotFoundException'{0x0000000786a8deb0}: sun/awt/resources/spi/awtProvider> (0x0000000786a8deb0) 
thrown [./open/src/hotspot/share/classfile/systemDictionary.cpp, line 256]
Event: 2.487 Thread 0x00007ffa4c17ec00 Exception <a 'java/io/FileNotFoundException'{0x000000078692b7d0}> (0x000000078692b7d0) 
thrown [./open/src/hotspot/share/prims/jni.cpp, line 579]
Event: 2.495 Thread 0x00007ffa4c17ec00 Exception <a 'java/io/FileNotFoundException'{0x000000078695a0e0}> (0x000000078695a0e0) 
thrown [./open/src/hotspot/share/prims/jni.cpp, line 579]
Event: 2.500 Thread 0x00007ffa4c17ec00 Exception <a 'java/lang/ClassNotFoundException'{0x000000078695b7f8}: sun/awt/resources/spi/awtosxProvider> (0x000000078695b7f8) 
thrown [./open/src/hotspot/share/classfile/systemDictionary.cpp, line 256]
Event: 2.567 Thread 0x00007ffa4c808a00 Exception <a 'java/lang/NoSuchMethodError'{0x0000000786add648}: 'void java.lang.invoke.DirectMethodHandle$Holder.invokeStatic(java.lang.Object, java.lang.Object)'> (0x0000000786add648) 
thrown [./open/src/hotspot/share/interpreter/linkResolver.cpp, line 790]
Event: 2.598 Thread 0x00007ffa4c808a00 Exception <a 'java/net/ConnectException'{0x0000000786ae7278}> (0x0000000786ae7278) 
thrown [./open/src/hotspot/share/prims/jni.cpp, line 579]
Event: 2.641 Thread 0x00007ffa4c808a00 Implicit null exception at 0x0000000118955cf5 to 0x0000000118955f28
Event: 2.705 Thread 0x00007ffa4c808a00 Exception <a 'java/lang/NoClassDefFoundError'{0x0000000786889ef0}: JSHRAC> (0x0000000786889ef0) 
thrown [./open/src/hotspot/share/classfile/systemDictionary.cpp, line 245]
Event: 39.917 Thread 0x00007ffa4c17ec00 Exception <a 'java/lang/NoSuchMethodError'{0x0000000786581320}: 'java.lang.Object java.lang.invoke.DirectMethodHandle$Holder.invokeStatic(java.lang.Object, java.lang.Object, int)'> (0x0000000786581320) 
thrown [./open/src/hotspot/share/interpreter/linkResolver.cpp, line 790]
Event: 40.034 Thread 0x00007ffa4c17ec00 Exception <a 'java/lang/NoSuchMethodError'{0x000000078658d410}: 'void java.lang.invoke.DelegatingMethodHandle$Holder.delegate(java.lang.Object, java.lang.Object, int, java.lang.Object)'> (0x000000078658d410) 
thrown [./open/src/hotspot/share/interpreter/linkResolver.cpp, line 790]
Event: 40.082 Thread 0x00007ffa4c17ec00 Exception <a 'java/lang/NoSuchMethodError'{0x0000000786591640}: 'int java.lang.invoke.DirectMethodHandle$Holder.invokeSpecial(java.lang.Object, java.lang.Object, java.lang.Object)'> (0x0000000786591640) 
thrown [./open/src/hotspot/share/interpreter/linkResolver.cpp, line 790]
Event: 40.772 Thread 0x00007ffa4c17ec00 Exception <a 'sun/nio/fs/UnixException'{0x00000007865c71e8}> (0x00000007865c71e8) 
thrown [./open/src/hotspot/share/prims/jni.cpp, line 579]
Event: 41.333 Thread 0x00007ffa4c17ec00 Exception <a 'sun/nio/fs/UnixException'{0x0000000787f0eb68}> (0x0000000787f0eb68) 
thrown [./open/src/hotspot/share/prims/jni.cpp, line 579]

Events (20 events):
Event: 43.490 Executing  VM operation: get/set locals
Event: 43.490 Executing  VM operation: get/set locals done
Event: 43.490 Executing  VM operation: get/set locals
Event: 43.490 Executing  VM operation: get/set locals done
Event: 43.490 Executing  VM operation: get/set locals
Event: 43.490 Executing  VM operation: get/set locals done
Event: 43.515 Executing  VM operation: get/set locals
Event: 43.515 Executing  VM operation: get/set locals done
Event: 43.515 Executing  VM operation: get/set locals
Event: 43.515 Executing  VM operation: get/set locals done
Event: 43.516 Executing  VM operation: get/set locals
Event: 43.516 Executing  VM operation: get/set locals done
Event: 44.374 Executing  VM operation: ChangeSingleStep
Event: 44.374 Executing  VM operation: ChangeSingleStep done
Event: 44.375 Executing  VM operation: get/set locals
Event: 44.375 Executing  VM operation: get/set locals done
Event: 44.381 Executing  VM operation: ChangeSingleStep
Event: 44.382 Executing  VM operation: ChangeSingleStep done
Event: 44.389 Thread 0x00007ffa4b1e7400 Thread added: 0x00007ffa4b1e7400
Event: 44.390 Protecting memory [0x000070000e3b2000,0x000070000e3b6000] with protection modes 0


Dynamic libraries:
0x00007fff2a614000 	/usr/lib/libz.1.dylib
0x00000001051c5000 	/Library/Java/JavaVirtualMachines/jdk-16.0.2.jdk/Contents/Home/lib/libjli.dylib
0x00007fff3504d000 	/System/Library/Frameworks/Cocoa.framework/Versions/A/Cocoa
0x00007fff22393000 	/System/Library/Frameworks/Security.framework/Versions/A/Security
0x00007fff33255000 	/System/Library/Frameworks/ApplicationServices.framework/Versions/A/ApplicationServices
0x00007fff2a6dc000 	/usr/lib/libSystem.B.dylib
0x00007fff2a6d6000 	/usr/lib/system/libcache.dylib
0x00007fff2a692000 	/usr/lib/system/libcommonCrypto.dylib
0x00007fff2a6bc000 	/usr/lib/system/libcompiler_rt.dylib
0x00007fff2a6b1000 	/usr/lib/system/libcopyfile.dylib
0x00007fff2028c000 	/usr/lib/system/libcorecrypto.dylib
0x00007fff20357000 	/usr/lib/system/libdispatch.dylib
0x00007fff2050a000 	/usr/lib/system/libdyld.dylib
0x00007fff2a6cd000 	/usr/lib/system/libkeymgr.dylib
0x00007fff2dae5000 	/usr/lib/system/liblaunch.dylib
0x00007fff2a670000 	/usr/lib/system/libmacho.dylib
0x00007fff29e68000 	/usr/lib/system/libquarantine.dylib
0x00007fff2a6ca000 	/usr/lib/system/libremovefile.dylib
0x00007fff24d6e000 	/usr/lib/system/libsystem_asl.dylib
0x00007fff2023c000 	/usr/lib/system/libsystem_blocks.dylib
0x00007fff203d9000 	/usr/lib/system/libsystem_c.dylib
0x00007fff2a6c4000 	/usr/lib/system/libsystem_collections.dylib
0x00007fff2916e000 	/usr/lib/system/libsystem_configuration.dylib
0x00007fff2845a000 	/usr/lib/system/libsystem_containermanager.dylib
0x00007fff2a413000 	/usr/lib/system/libsystem_coreservices.dylib
0x00007fff2294b000 	/usr/lib/system/libsystem_darwin.dylib
0x00007fff2a6ce000 	/usr/lib/system/libsystem_dnssd.dylib
0x00007fff203d6000 	/usr/lib/system/libsystem_featureflags.dylib
0x00007fff20550000 	/usr/lib/system/libsystem_info.dylib
0x00007fff2a627000 	/usr/lib/system/libsystem_m.dylib
0x00007fff2032a000 	/usr/lib/system/libsystem_malloc.dylib
0x00007fff24d01000 	/usr/lib/system/libsystem_networkextension.dylib
0x00007fff22d6a000 	/usr/lib/system/libsystem_notify.dylib
0x00007fff2ff7c000 	/usr/lib/system/libsystem_product_info_filter.dylib
0x00007fff29172000 	/usr/lib/system/libsystem_sandbox.dylib
0x00007fff2a6c7000 	/usr/lib/system/libsystem_secinit.dylib
0x00007fff204ce000 	/usr/lib/system/libsystem_kernel.dylib
0x00007fff20546000 	/usr/lib/system/libsystem_platform.dylib
0x00007fff204fe000 	/usr/lib/system/libsystem_pthread.dylib
0x00007fff2644b000 	/usr/lib/system/libsystem_symptoms.dylib
0x00007fff20274000 	/usr/lib/system/libsystem_trace.dylib
0x00007fff2a69e000 	/usr/lib/system/libunwind.dylib
0x00007fff2023e000 	/usr/lib/system/libxpc.dylib
0x00007fff204b8000 	/usr/lib/libc++abi.dylib
0x00007fff2039c000 	/usr/lib/libobjc.A.dylib
0x00007fff2a6a9000 	/usr/lib/liboah.dylib
0x00007fff20462000 	/usr/lib/libc++.1.dylib
0x00007fff2057c000 	/System/Library/Frameworks/CoreFoundation.framework/Versions/A/CoreFoundation
0x00007fff2132b000 	/System/Library/Frameworks/Foundation.framework/Versions/C/Foundation
0x00007fff22dc4000 	/System/Library/Frameworks/AppKit.framework/Versions/C/AppKit
0x00007fff25c87000 	/System/Library/Frameworks/CoreData.framework/Versions/A/CoreData
0x00007fff23b0f000 	/System/Library/PrivateFrameworks/UIFoundation.framework/Versions/A/UIFoundation
0x00007fff2fd0f000 	/System/Library/PrivateFrameworks/RemoteViewServices.framework/Versions/A/RemoteViewServices
0x00007fff28b20000 	/System/Library/PrivateFrameworks/XCTTargetBootstrap.framework/Versions/A/XCTTargetBootstrap
0x00007fff2b805000 	/usr/lib/libspindump.dylib
0x00007fff23d5e000 	/System/Library/Frameworks/UniformTypeIdentifiers.framework/Versions/A/UniformTypeIdentifiers
0x00007fff27324000 	/usr/lib/libapp_launch_measurement.dylib
0x00007fff27327000 	/System/Library/PrivateFrameworks/CoreAutoLayout.framework/Versions/A/CoreAutoLayout
0x00007fff28487000 	/System/Library/Frameworks/Metal.framework/Versions/A/Metal
0x00007fff2917d000 	/usr/lib/liblangid.dylib
0x00007fff28b24000 	/System/Library/PrivateFrameworks/CoreSVG.framework/Versions/A/CoreSVG
0x00007fff24d9e000 	/System/Library/PrivateFrameworks/SkyLight.framework/Versions/A/SkyLight
0x00007fff25104000 	/System/Library/Frameworks/CoreGraphics.framework/Versions/A/CoreGraphics
0x00007fff30236000 	/System/Library/Frameworks/Accelerate.framework/Versions/A/Accelerate
0x00007fff2b243000 	/System/Library/PrivateFrameworks/IconServices.framework/Versions/A/IconServices
0x00007fff2846b000 	/System/Library/Frameworks/IOSurface.framework/Versions/A/IOSurface
0x00007fff2660f000 	/usr/lib/libDiagnosticMessagesClient.dylib
0x00007fff28b0c000 	/System/Library/PrivateFrameworks/DFRFoundation.framework/Versions/A/DFRFoundation
0x00007fff226eb000 	/usr/lib/libicucore.A.dylib
0x00007fff2cd4e000 	/System/Library/Frameworks/AudioToolbox.framework/Versions/A/AudioToolbox
0x00007fff2bfd6000 	/System/Library/PrivateFrameworks/DataDetectorsCore.framework/Versions/A/DataDetectorsCore
0x00007fff24d11000 	/usr/lib/libMobileGestalt.dylib
0x00007fff28810000 	/System/Library/Frameworks/Carbon.framework/Versions/A/Frameworks/HIToolbox.framework/Versions/A/HIToolbox
0x00007fff26d69000 	/System/Library/Frameworks/QuartzCore.framework/Versions/A/QuartzCore
0x00007fff2fd47000 	/System/Library/Frameworks/Carbon.framework/Versions/A/Frameworks/SpeechRecognition.framework/Versions/A/SpeechRecognition
0x00007fff27089000 	/System/Library/PrivateFrameworks/CoreUI.framework/Versions/A/CoreUI
0x00007fff21d01000 	/System/Library/Frameworks/CoreAudio.framework/Versions/A/CoreAudio
0x00007fff266fa000 	/System/Library/Frameworks/DiskArbitration.framework/Versions/A/DiskArbitration
0x00007fff2bbd3000 	/System/Library/PrivateFrameworks/MultitouchSupport.framework/Versions/A/MultitouchSupport
0x00007fff2bfcd000 	/System/Library/PrivateFrameworks/InternationalSupport.framework/Versions/A/InternationalSupport
0x00007fff24d10000 	/usr/lib/libenergytrace.dylib
0x00007fff22cbb000 	/System/Library/Frameworks/IOKit.framework/Versions/A/IOKit
0x00007fff3007a000 	/System/Library/Frameworks/CoreServices.framework/Versions/A/CoreServices
0x00007fff272b6000 	/System/Library/PrivateFrameworks/PerformanceAnalysis.framework/Versions/A/PerformanceAnalysis
0x00007fff6bbe5000 	/System/Library/Frameworks/OpenGL.framework/Versions/A/OpenGL
0x00007fff2c051000 	/System/Library/PrivateFrameworks/UserActivity.framework/Versions/A/UserActivity
0x00007fff2578e000 	/System/Library/Frameworks/ColorSync.framework/Versions/A/ColorSync
0x00007fff28d8b000 	/System/Library/Frameworks/CoreImage.framework/Versions/A/CoreImage
0x00007fff21b1b000 	/System/Library/Frameworks/CoreText.framework/Versions/A/CoreText
0x00007fff28b4e000 	/System/Library/Frameworks/ImageIO.framework/Versions/A/ImageIO
0x00007fff2a6e2000 	/System/Library/PrivateFrameworks/SoftLinking.framework/Versions/A/SoftLinking
0x00007fff2736f000 	/usr/lib/libxml2.2.dylib
0x00007fff2a953000 	/usr/lib/libcompression.dylib
0x00007fff2beff000 	/System/Library/PrivateFrameworks/TextureIO.framework/Versions/A/TextureIO
0x00007fff2af82000 	/usr/lib/libate.dylib
0x00007fff2ad67000 	/usr/lib/liblzma.5.dylib
0x00007fff2103f000 	/System/Library/Frameworks/SystemConfiguration.framework/Versions/A/SystemConfiguration
0x00007fff2a6de000 	/usr/lib/libfakelink.dylib
0x00007fff24862000 	/System/Library/Frameworks/CFNetwork.framework/Versions/A/CFNetwork
0x00007fff2a81e000 	/usr/lib/libarchive.2.dylib
0x00007fff210bd000 	/usr/lib/libCRFSuite.dylib
0x00007fff29e8f000 	/usr/lib/libbsm.0.dylib
0x00007fff241db000 	/usr/lib/libnetwork.dylib
0x00007fff2a6e3000 	/usr/lib/libpcap.A.dylib
0x00007fff26444000 	/usr/lib/libdns_services.dylib
0x00007fff2ad80000 	/usr/lib/libcoretls_cfhelpers.dylib
0x00007fff2a91d000 	/usr/lib/libapple_nghttp2.dylib
0x00007fff2a676000 	/usr/lib/system/libkxld.dylib
0x00007fff260bd000 	/usr/lib/libsqlite3.dylib
0x00007fff2a3f6000 	/System/Library/PrivateFrameworks/AppleFSCompression.framework/Versions/A/AppleFSCompression
0x00007fff29e77000 	/usr/lib/libcoretls.dylib
0x00007fff2a94e000 	/usr/lib/libpam.2.dylib
0x00007fff2ae7e000 	/usr/lib/libxar.1.dylib
0x00007fff29179000 	/System/Library/PrivateFrameworks/AppleSystemInfo.framework/Versions/A/AppleSystemInfo
0x00007fff29ab9000 	/System/Library/PrivateFrameworks/IOMobileFramebuffer.framework/Versions/A/IOMobileFramebuffer
0x00007fff2a406000 	/usr/lib/libbz2.1.0.dylib
0x00007fff2a71b000 	/usr/lib/libiconv.2.dylib
0x00007fff2a66f000 	/usr/lib/libcharset.1.dylib
0x00007fff272f2000 	/System/Library/Frameworks/CoreServices.framework/Versions/A/Frameworks/FSEvents.framework/Versions/A/FSEvents
0x00007fff22955000 	/System/Library/Frameworks/CoreServices.framework/Versions/A/Frameworks/CarbonCore.framework/Versions/A/CarbonCore
0x00007fff2665f000 	/System/Library/Frameworks/CoreServices.framework/Versions/A/Frameworks/Metadata.framework/Versions/A/Metadata
0x00007fff2a418000 	/System/Library/Frameworks/CoreServices.framework/Versions/A/Frameworks/OSServices.framework/Versions/A/OSServices
0x00007fff2a890000 	/System/Library/Frameworks/CoreServices.framework/Versions/A/Frameworks/SearchKit.framework/Versions/A/SearchKit
0x00007fff263cf000 	/System/Library/Frameworks/CoreServices.framework/Versions/A/Frameworks/AE.framework/Versions/A/AE
0x00007fff20a1a000 	/System/Library/Frameworks/CoreServices.framework/Versions/A/Frameworks/LaunchServices.framework/Versions/A/LaunchServices
0x00007fff2ad17000 	/System/Library/Frameworks/CoreServices.framework/Versions/A/Frameworks/DictionaryServices.framework/Versions/A/DictionaryServices
0x00007fff272ff000 	/System/Library/Frameworks/CoreServices.framework/Versions/A/Frameworks/SharedFileList.framework/Versions/A/SharedFileList
0x00007fff29e6b000 	/usr/lib/libCheckFix.dylib
0x00007fff24d85000 	/System/Library/PrivateFrameworks/TCC.framework/Versions/A/TCC
0x00007fff2917f000 	/System/Library/PrivateFrameworks/CoreNLP.framework/Versions/A/CoreNLP
0x00007fff26612000 	/System/Library/PrivateFrameworks/MetadataUtilities.framework/Versions/A/MetadataUtilities
0x00007fff210f2000 	/usr/lib/libmecabra.dylib
0x00007fff2a175000 	/System/Library/Frameworks/MLCompute.framework/Versions/A/MLCompute
0x00007fff29ea0000 	/usr/lib/libmecab.dylib
0x00007fff29eea000 	/usr/lib/libgermantok.dylib
0x00007fff2a8f8000 	/usr/lib/libThaiTokenizer.dylib
0x00007fff2aeb9000 	/usr/lib/libChineseTokenizer.dylib
0x00007fff2a94c000 	/System/Library/Frameworks/MetalPerformanceShaders.framework/Versions/A/MetalPerformanceShaders
0x00007fff26701000 	/System/Library/Frameworks/Accelerate.framework/Versions/A/Frameworks/vImage.framework/Versions/A/vImage
0x00007fff30054000 	/System/Library/Frameworks/Accelerate.framework/Versions/A/Frameworks/vecLib.framework/Versions/A/vecLib
0x00007fff2aec4000 	/System/Library/Frameworks/Accelerate.framework/Versions/A/Frameworks/vecLib.framework/Versions/A/libvMisc.dylib
0x00007fff298d4000 	/System/Library/Frameworks/Accelerate.framework/Versions/A/Frameworks/vecLib.framework/Versions/A/libvDSP.dylib
0x00007fff20d25000 	/System/Library/Frameworks/Accelerate.framework/Versions/A/Frameworks/vecLib.framework/Versions/A/libBLAS.dylib
0x00007fff2a979000 	/System/Library/Frameworks/Accelerate.framework/Versions/A/Frameworks/vecLib.framework/Versions/A/libLAPACK.dylib
0x00007fff29ef0000 	/System/Library/Frameworks/Accelerate.framework/Versions/A/Frameworks/vecLib.framework/Versions/A/libLinearAlgebra.dylib
0x00007fff2a935000 	/System/Library/Frameworks/Accelerate.framework/Versions/A/Frameworks/vecLib.framework/Versions/A/libSparseBLAS.dylib
0x00007fff2a973000 	/System/Library/Frameworks/Accelerate.framework/Versions/A/Frameworks/vecLib.framework/Versions/A/libQuadrature.dylib
0x00007fff2922b000 	/System/Library/Frameworks/Accelerate.framework/Versions/A/Frameworks/vecLib.framework/Versions/A/libBNNS.dylib
0x00007fff20fd0000 	/System/Library/Frameworks/Accelerate.framework/Versions/A/Frameworks/vecLib.framework/Versions/A/libSparse.dylib
0x00007fff29107000 	/System/Library/Frameworks/MetalPerformanceShaders.framework/Versions/A/Frameworks/MPSCore.framework/Versions/A/MPSCore
0x00007fff2a365000 	/System/Library/Frameworks/MetalPerformanceShaders.framework/Versions/A/Frameworks/MPSImage.framework/Versions/A/MPSImage
0x00007fff29f06000 	/System/Library/Frameworks/MetalPerformanceShaders.framework/Versions/A/Frameworks/MPSNeuralNetwork.framework/Versions/A/MPSNeuralNetwork
0x00007fff2a2d7000 	/System/Library/Frameworks/MetalPerformanceShaders.framework/Versions/A/Frameworks/MPSMatrix.framework/Versions/A/MPSMatrix
0x00007fff2a125000 	/System/Library/Frameworks/MetalPerformanceShaders.framework/Versions/A/Frameworks/MPSRayIntersector.framework/Versions/A/MPSRayIntersector
0x00007fff2a30e000 	/System/Library/Frameworks/MetalPerformanceShaders.framework/Versions/A/Frameworks/MPSNDArray.framework/Versions/A/MPSNDArray
0x00007fff20c50000 	/System/Library/PrivateFrameworks/MetalTools.framework/Versions/A/MetalTools
0x00007fff29177000 	/System/Library/PrivateFrameworks/AggregateDictionary.framework/Versions/A/AggregateDictionary
0x00007fff265df000 	/System/Library/PrivateFrameworks/CoreAnalytics.framework/Versions/A/CoreAnalytics
0x00007fff2a8fa000 	/System/Library/PrivateFrameworks/AppleSauce.framework/Versions/A/AppleSauce
0x00007fff2847d000 	/System/Library/PrivateFrameworks/IOAccelerator.framework/Versions/A/IOAccelerator
0x00007fff6bbd9000 	/System/Library/Frameworks/OpenGL.framework/Versions/A/Libraries/libCoreFSCache.dylib
0x00007fff2168a000 	/System/Library/PrivateFrameworks/LanguageModeling.framework/Versions/A/LanguageModeling
0x00007fff29aa7000 	/System/Library/PrivateFrameworks/CoreEmoji.framework/Versions/A/CoreEmoji
0x00007fff29224000 	/System/Library/PrivateFrameworks/LinguisticData.framework/Versions/A/LinguisticData
0x00007fff20f82000 	/System/Library/PrivateFrameworks/Lexicon.framework/Versions/A/Lexicon
0x00007fff2a80c000 	/usr/lib/libcmph.dylib
0x00007fff272d2000 	/System/Library/Frameworks/OpenDirectory.framework/Versions/A/Frameworks/CFOpenDirectory.framework/Versions/A/CFOpenDirectory
0x00007fff272c2000 	/System/Library/Frameworks/OpenDirectory.framework/Versions/A/OpenDirectory
0x00007fff2ad82000 	/System/Library/PrivateFrameworks/APFS.framework/Versions/A/APFS
0x00007fff29dcd000 	/System/Library/Frameworks/SecurityFoundation.framework/Versions/A/SecurityFoundation
0x00007fff2ae8c000 	/usr/lib/libutil.dylib
0x00007fff22c80000 	/System/Library/PrivateFrameworks/CoreServicesStore.framework/Versions/A/CoreServicesStore
0x00007fff29e63000 	/System/Library/Frameworks/ServiceManagement.framework/Versions/A/ServiceManagement
0x00007fff2ae90000 	/usr/lib/libxslt.1.dylib
0x00007fff29e59000 	/System/Library/PrivateFrameworks/BackgroundTaskManagement.framework/Versions/A/BackgroundTaskManagement
0x00007fff2be49000 	/System/Library/Frameworks/ImageIO.framework/Versions/A/Resources/libRadiance.dylib
0x00007fff2be53000 	/System/Library/Frameworks/ImageIO.framework/Versions/A/Resources/libJPEG.dylib
0x00007fff2bd9d000 	/System/Library/Frameworks/ImageIO.framework/Versions/A/Resources/libPng.dylib
0x00007fff2bdc4000 	/System/Library/Frameworks/ImageIO.framework/Versions/A/Resources/libTIFF.dylib
0x00007fff2bea8000 	/System/Library/Frameworks/ImageIO.framework/Versions/A/Resources/libGIF.dylib
0x00007fff2baef000 	/System/Library/Frameworks/ImageIO.framework/Versions/A/Resources/libJP2.dylib
0x00007fff2b20b000 	/usr/lib/libexpat.1.dylib
0x00007fff2baa5000 	/System/Library/PrivateFrameworks/AppleJPEG.framework/Versions/A/AppleJPEG
0x00007fff286b3000 	/System/Library/PrivateFrameworks/FontServices.framework/libFontParser.dylib
0x00007fff26386000 	/System/Library/PrivateFrameworks/RunningBoardServices.framework/Versions/A/RunningBoardServices
0x00007fff2bbcf000 	/System/Library/PrivateFrameworks/WatchdogClient.framework/Versions/A/WatchdogClient
0x00007fff21773000 	/System/Library/Frameworks/CoreDisplay.framework/Versions/A/CoreDisplay
0x00007fff285c8000 	/System/Library/Frameworks/CoreMedia.framework/Versions/A/CoreMedia
0x00007fff27452000 	/System/Library/Frameworks/CoreVideo.framework/Versions/A/CoreVideo
0x00007fff2bc0a000 	/System/Library/Frameworks/VideoToolbox.framework/Versions/A/VideoToolbox
0x00007fff26306000 	/System/Library/PrivateFrameworks/BaseBoard.framework/Versions/A/BaseBoard
0x00007fff2b34f000 	/System/Library/PrivateFrameworks/PersistentConnection.framework/Versions/A/PersistentConnection
0x00007fff260a7000 	/System/Library/PrivateFrameworks/ProtocolBuffer.framework/Versions/A/ProtocolBuffer
0x00007fff262ee000 	/System/Library/PrivateFrameworks/CommonUtilities.framework/Versions/A/CommonUtilities
0x00007fff2ba68000 	/System/Library/PrivateFrameworks/Bom.framework/Versions/A/Bom
0x00007fff2be41000 	/System/Library/PrivateFrameworks/GPUWrangler.framework/Versions/A/GPUWrangler
0x00007fff2be24000 	/System/Library/PrivateFrameworks/IOPresentment.framework/Versions/A/IOPresentment
0x00007fff2be4d000 	/System/Library/PrivateFrameworks/DSExternalDisplay.framework/Versions/A/DSExternalDisplay
0x00007fff2bead000 	/System/Library/PrivateFrameworks/CMCaptureCore.framework/Versions/A/CMCaptureCore
0x00007fff2b7eb000 	/System/Library/PrivateFrameworks/AppServerSupport.framework/Versions/A/AppServerSupport
0x00007fff2d888000 	/System/Library/PrivateFrameworks/perfdata.framework/Versions/A/perfdata
0x00007fff29dbc000 	/System/Library/PrivateFrameworks/AssertionServices.framework/Versions/A/AssertionServices
0x00007fff218aa000 	/System/Library/PrivateFrameworks/AudioToolboxCore.framework/Versions/A/AudioToolboxCore
0x00007fff285ab000 	/System/Library/PrivateFrameworks/caulk.framework/Versions/A/caulk
0x00007fff3cd34000 	/System/Library/PrivateFrameworks/SystemPolicy.framework/Versions/A/SystemPolicy
0x00007fff2b01a000 	/usr/lib/libIOReport.dylib
0x00007fff2d0c4000 	/usr/lib/libSMC.dylib
0x00007fff2bd69000 	/usr/lib/libAudioToolboxUtility.dylib
0x00007fff3d691000 	/usr/lib/libmis.dylib
0x00007fff6bc35000 	/System/Library/Frameworks/OpenGL.framework/Versions/A/Libraries/libGLU.dylib
0x00007fff6bbf8000 	/System/Library/Frameworks/OpenGL.framework/Versions/A/Libraries/libGFXShared.dylib
0x00007fff6be06000 	/System/Library/Frameworks/OpenGL.framework/Versions/A/Libraries/libGL.dylib
0x00007fff6bc01000 	/System/Library/Frameworks/OpenGL.framework/Versions/A/Libraries/libGLImage.dylib
0x00007fff6bbf5000 	/System/Library/Frameworks/OpenGL.framework/Versions/A/Libraries/libCVMSPluginSupport.dylib
0x00007fff6bbe0000 	/System/Library/Frameworks/OpenGL.framework/Versions/A/Libraries/libCoreVMClient.dylib
0x00007fff6d250000 	/System/Library/Frameworks/OpenCL.framework/Versions/A/OpenCL
0x00007fff2b378000 	/System/Library/PrivateFrameworks/GraphVisualizer.framework/Versions/A/GraphVisualizer
0x00007fff2b387000 	/System/Library/PrivateFrameworks/FaceCore.framework/Versions/A/FaceCore
0x00007fff2b7a3000 	/System/Library/PrivateFrameworks/OTSVG.framework/Versions/A/OTSVG
0x00007fff27047000 	/System/Library/Frameworks/ApplicationServices.framework/Versions/A/Frameworks/ATS.framework/Versions/A/Resources/libFontRegistry.dylib
0x00007fff2b7f2000 	/System/Library/PrivateFrameworks/FontServices.framework/libhvf.dylib
0x00007fff2b1b7000 	/System/Library/PrivateFrameworks/AppleVA.framework/Versions/A/AppleVA
0x00007fff2cf0c000 	/System/Library/Frameworks/ApplicationServices.framework/Versions/A/Frameworks/ATS.framework/Versions/A/ATS
0x00007fff2d21f000 	/System/Library/Frameworks/ApplicationServices.framework/Versions/A/Frameworks/ColorSyncLegacy.framework/Versions/A/ColorSyncLegacy
0x00007fff25885000 	/System/Library/Frameworks/ApplicationServices.framework/Versions/A/Frameworks/HIServices.framework/Versions/A/HIServices
0x00007fff2d204000 	/System/Library/Frameworks/ApplicationServices.framework/Versions/A/Frameworks/LangAnalysis.framework/Versions/A/LangAnalysis
0x00007fff2beb7000 	/System/Library/Frameworks/ApplicationServices.framework/Versions/A/Frameworks/PrintCore.framework/Versions/A/PrintCore
0x00007fff2d227000 	/System/Library/Frameworks/ApplicationServices.framework/Versions/A/Frameworks/QD.framework/Versions/A/QD
0x00007fff2cefc000 	/System/Library/Frameworks/ApplicationServices.framework/Versions/A/Frameworks/SpeechSynthesis.framework/Versions/A/SpeechSynthesis
0x00007fff2be78000 	/System/Library/Frameworks/ApplicationServices.framework/Versions/A/Frameworks/ATSUI.framework/Versions/A/ATSUI
0x00007fff2d1a4000 	/usr/lib/libcups.2.dylib
0x00007fff2d214000 	/System/Library/PrivateFrameworks/NetAuth.framework/Versions/A/NetAuth
0x00007fff2d8a3000 	/System/Library/Frameworks/Kerberos.framework/Versions/A/Kerberos
0x00007fff2d8b3000 	/System/Library/Frameworks/GSS.framework/Versions/A/GSS
0x00007fff2cf79000 	/usr/lib/libresolv.9.dylib
0x00007fff2b808000 	/System/Library/PrivateFrameworks/Heimdal.framework/Versions/A/Heimdal
0x00007fff3356a000 	/System/Library/Frameworks/Kerberos.framework/Versions/A/Libraries/libHeimdalProxy.dylib
0x00007fff26453000 	/System/Library/Frameworks/Network.framework/Versions/A/Network
0x00007fff2b224000 	/usr/lib/libheimdal-asn1.dylib
0x00007fff2d904000 	/System/Library/PrivateFrameworks/CommonAuth.framework/Versions/A/CommonAuth
0x00007fff274a0000 	/System/Library/PrivateFrameworks/login.framework/Versions/A/Frameworks/loginsupport.framework/Versions/A/loginsupport
0x00007fff2ce83000 	/System/Library/PrivateFrameworks/AudioSession.framework/Versions/A/AudioSession
0x00007fff2cee9000 	/usr/lib/libAudioStatistics.dylib
0x00007fff2b2b0000 	/System/Library/PrivateFrameworks/MediaExperience.framework/Versions/A/MediaExperience
0x00007fff2cd1c000 	/System/Library/PrivateFrameworks/AudioSession.framework/libSessionUtility.dylib
0x00007fff2d894000 	/usr/lib/libperfcheck.dylib
0x00007fff2d233000 	/System/Library/PrivateFrameworks/AudioResourceArbitration.framework/Versions/A/AudioResourceArbitration
0x00007fff2b22e000 	/System/Library/PrivateFrameworks/IconFoundation.framework/Versions/A/IconFoundation
0x00007fff2fd37000 	/System/Library/PrivateFrameworks/SpeechRecognitionCore.framework/Versions/A/SpeechRecognitionCore
0x00000001051eb000 	/Library/Java/JavaVirtualMachines/jdk-16.0.2.jdk/Contents/Home/lib/server/libjvm.dylib
0x000000010625e000 	/Library/Java/JavaVirtualMachines/jdk-16.0.2.jdk/Contents/Home/lib/libjimage.dylib
0x000000010626c000 	/Library/Java/JavaVirtualMachines/jdk-16.0.2.jdk/Contents/Home/lib/libjdwp.dylib
0x00000001062ae000 	/Library/Java/JavaVirtualMachines/jdk-16.0.2.jdk/Contents/Home/lib/libjava.dylib
0x0000000107159000 	/Library/Java/JavaVirtualMachines/jdk-16.0.2.jdk/Contents/Home/lib/libdt_socket.dylib
0x0000000107165000 	/Library/Java/JavaVirtualMachines/jdk-16.0.2.jdk/Contents/Home/lib/libzip.dylib
0x0000000107173000 	/Library/Java/JavaVirtualMachines/jdk-16.0.2.jdk/Contents/Home/lib/libnio.dylib
0x0000000107187000 	/Library/Java/JavaVirtualMachines/jdk-16.0.2.jdk/Contents/Home/lib/libnet.dylib
0x00000001071a1000 	/Library/Java/JavaVirtualMachines/jdk-16.0.2.jdk/Contents/Home/lib/libawt.dylib
0x0000000107257000 	/Library/Java/JavaVirtualMachines/jdk-16.0.2.jdk/Contents/Home/lib/libmlib_image.dylib
0x00007fff6eb85000 	/System/Library/Frameworks/JavaNativeFoundation.framework/Versions/A/JavaNativeFoundation
0x00007fff6eb91000 	/System/Library/Frameworks/JavaRuntimeSupport.framework/Versions/A/JavaRuntimeSupport
0x00007fff3ca7e000 	/System/Library/Frameworks/Carbon.framework/Versions/A/Carbon
0x00007fff31ba8000 	/System/Library/PrivateFrameworks/CoreSymbolication.framework/Versions/A/CoreSymbolication
0x00007fff36515000 	/System/Library/Frameworks/Carbon.framework/Versions/A/Frameworks/CommonPanels.framework/Versions/A/CommonPanels
0x00007fff32fff000 	/System/Library/Frameworks/Carbon.framework/Versions/A/Frameworks/Help.framework/Versions/A/Help
0x00007fff36519000 	/System/Library/Frameworks/Carbon.framework/Versions/A/Frameworks/ImageCapture.framework/Versions/A/ImageCapture
0x00007fff364e9000 	/System/Library/Frameworks/Carbon.framework/Versions/A/Frameworks/OpenScripting.framework/Versions/A/OpenScripting
0x00007fff36511000 	/System/Library/Frameworks/Carbon.framework/Versions/A/Frameworks/Ink.framework/Versions/A/Ink
0x00007fff3ca7a000 	/System/Library/Frameworks/Carbon.framework/Versions/A/Frameworks/Print.framework/Versions/A/Print
0x00007fff3650d000 	/System/Library/Frameworks/Carbon.framework/Versions/A/Frameworks/SecurityHI.framework/Versions/A/SecurityHI
0x00007fff31b6c000 	/System/Library/PrivateFrameworks/DebugSymbols.framework/Versions/A/DebugSymbols
0x00000001072f1000 	/Library/Java/JavaVirtualMachines/jdk-16.0.2.jdk/Contents/Home/lib/libawt_lwawt.dylib
0x00000001073a1000 	/Library/Java/JavaVirtualMachines/jdk-16.0.2.jdk/Contents/Home/lib/libosxapp.dylib
0x00007fff3c095000 	/System/Library/Frameworks/ExceptionHandling.framework/Versions/A/ExceptionHandling
0x00000001073c0000 	/Library/Java/JavaVirtualMachines/jdk-16.0.2.jdk/Contents/Home/lib/libfontmanager.dylib
0x0000000107539000 	/Library/Java/JavaVirtualMachines/jdk-16.0.2.jdk/Contents/Home/lib/libharfbuzz.dylib
0x00000001076c1000 	/Library/Java/JavaVirtualMachines/jdk-16.0.2.jdk/Contents/Home/lib/libfreetype.dylib
0x00000001073d2000 	/Library/Java/JavaVirtualMachines/jdk-16.0.2.jdk/Contents/Home/lib/libextnet.dylib
0x00007fff22c41000 	/System/Library/PrivateFrameworks/CoreServicesInternal.framework/Versions/A/CoreServicesInternal
0x00007fff310be000 	/System/Library/Frameworks/FileProvider.framework/Versions/A/FileProvider
0x00007fff26271000 	/System/Library/Frameworks/Accounts.framework/Versions/A/Accounts
0x00007fff3120e000 	/System/Library/PrivateFrameworks/GenerationalStorage.framework/Versions/A/GenerationalStorage
0x00007fff30ade000 	/System/Library/PrivateFrameworks/SymptomDiagnosticReporter.framework/Versions/A/SymptomDiagnosticReporter
0x00007fff23d71000 	/System/Library/PrivateFrameworks/DesktopServicesPriv.framework/Versions/A/DesktopServicesPriv
0x00007fff22d76000 	/usr/lib/libsandbox.1.dylib
0x00007fff274cb000 	/System/Library/PrivateFrameworks/UserManagement.framework/Versions/A/UserManagement
0x00007fff29d99000 	/System/Library/PrivateFrameworks/MobileKeyBag.framework/Versions/A/MobileKeyBag
0x00007fff345ed000 	/System/Library/PrivateFrameworks/ChunkingLibrary.framework/Versions/A/ChunkingLibrary
0x00007fff2e2c7000 	/System/Library/PrivateFrameworks/Sharing.framework/Versions/A/Sharing
0x00007fff32b6c000 	/System/Library/PrivateFrameworks/Apple80211.framework/Versions/A/Apple80211
0x00007fff2a446000 	/System/Library/PrivateFrameworks/AuthKit.framework/Versions/A/AuthKit
0x00007fff29b97000 	/System/Library/PrivateFrameworks/CoreUtils.framework/Versions/A/CoreUtils
0x00007fff29ac4000 	/System/Library/Frameworks/CoreWLAN.framework/Versions/A/CoreWLAN
0x00007fff2e413000 	/System/Library/Frameworks/IOBluetooth.framework/Versions/A/IOBluetooth
0x00007fff32bd0000 	/System/Library/PrivateFrameworks/CoreWiFi.framework/Versions/A/CoreWiFi
0x00007fff2d98a000 	/System/Library/PrivateFrameworks/CorePhoneNumbers.framework/Versions/A/CorePhoneNumbers
0x00007fff30be5000 	/System/Library/PrivateFrameworks/DiskManagement.framework/Versions/A/DiskManagement
0x00007fff30afb000 	/System/Library/PrivateFrameworks/AppleIDAuthSupport.framework/Versions/A/AppleIDAuthSupport
0x00007fff2d96a000 	/System/Library/PrivateFrameworks/KeychainCircle.framework/Versions/A/KeychainCircle
0x00007fff30bb1000 	/System/Library/PrivateFrameworks/MediaKit.framework/Versions/A/MediaKit
0x00007fff30b08000 	/System/Library/Frameworks/DiscRecording.framework/Versions/A/DiscRecording
0x00007fff2b12b000 	/usr/lib/libCoreStorage.dylib
0x00007fff3300b000 	/usr/lib/libcsfde.dylib
0x00007fff2e54e000 	/System/Library/PrivateFrameworks/ProtectedCloudStorage.framework/Versions/A/ProtectedCloudStorage
0x00007fff33003000 	/System/Library/PrivateFrameworks/EFILogin.framework/Versions/A/EFILogin
0x00007fff3361d000 	/System/Library/Frameworks/AudioUnit.framework/Versions/A/AudioUnit
0x00007fff30a78000 	/System/Library/Frameworks/CoreBluetooth.framework/Versions/A/CoreBluetooth
0x00007fff2b123000 	/usr/lib/libMatch.1.dylib
0x00007fff43905000 	/System/Library/CoreServices/RawCamera.bundle/Contents/MacOS/RawCamera
0x00007fff2d915000 	/System/Library/PrivateFrameworks/MobileAsset.framework/Versions/A/MobileAsset
0x00007fff33641000 	/System/Library/PrivateFrameworks/StreamingZip.framework/Versions/A/StreamingZip
0x00007fff2c0af000 	/System/Library/Frameworks/MediaToolbox.framework/Versions/A/MediaToolbox
0x00007fff31090000 	/System/Library/PrivateFrameworks/CoreAVCHD.framework/Versions/A/CoreAVCHD
0x00007fff30277000 	/System/Library/Frameworks/MediaAccessibility.framework/Versions/A/MediaAccessibility
0x00007fff3108c000 	/System/Library/PrivateFrameworks/Mangrove.framework/Versions/A/Mangrove
0x00007fff30283000 	/System/Library/PrivateFrameworks/AlgosScoreFramework.framework/Versions/A/AlgosScoreFramework
0x00007fff31a7a000 	/System/Library/PrivateFrameworks/AppleVPA.framework/Versions/A/AppleVPA
0x00007fff30cd1000 	/System/Library/PrivateFrameworks/CoreAUC.framework/Versions/A/CoreAUC
0x00007fff41358000 	/System/Library/Frameworks/Accelerate.framework/Versions/A/Frameworks/vImage.framework/Versions/A/Libraries/libCGInterfaces.dylib
0x00000001286f0000 	/usr/lib/libobjc-trampolines.dylib
0x00007fff271ca000 	/System/Library/PrivateFrameworks/ViewBridge.framework/Versions/A/ViewBridge
0x00007fff2b8c9000 	/System/Library/PrivateFrameworks/login.framework/Versions/A/login
0x00007fff2b022000 	/System/Library/PrivateFrameworks/CrashReporterSupport.framework/Versions/A/CrashReporterSupport
0x00007fff47a81000 	/System/Library/PrivateFrameworks/OSAnalytics.framework/Versions/A/OSAnalytics
0x00007fff77a84000 	/usr/lib/libRosetta.dylib
0x00007fff32f92000 	/System/Library/PrivateFrameworks/RemoteServiceDiscovery.framework/Versions/A/RemoteServiceDiscovery
0x00007fff5173e000 	/System/Library/PrivateFrameworks/Symbolication.framework/Versions/A/Symbolication
0x00007fff3d671000 	/System/Library/PrivateFrameworks/MallocStackLogging.framework/Versions/A/MallocStackLogging
0x00007fff3bc03000 	/usr/lib/libFosl_dynamic.dylib
0x00007fff40e9c000 	/usr/lib/libncurses.5.4.dylib
0x00007fff61eb8000 	/System/Library/Extensions/AppleIntelSKLGraphicsMTLDriver.bundle/Contents/MacOS/AppleIntelSKLGraphicsMTLDriver
0x00007fff3d6a4000 	/System/Library/PrivateFrameworks/GPURawCounter.framework/Versions/A/GPURawCounter
0x00007fff6978e000 	/System/Library/PrivateFrameworks/GPUCompiler.framework/Versions/31001/Libraries/libmetal_timestamp.dylib
0x00007fff6be11000 	/System/Library/Frameworks/OpenGL.framework/Versions/A/Resources/GLEngine.bundle/GLEngine
0x00007fff6bc72000 	/System/Library/Frameworks/OpenGL.framework/Versions/A/Libraries/libGLProgrammability.dylib
0x00007fff62344000 	/System/Library/Extensions/AppleIntelSKLGraphicsGLDriver.bundle/Contents/MacOS/AppleIntelSKLGraphicsGLDriver
0x00007fff4644b000 	/System/Library/PrivateFrameworks/GPUSupport.framework/Versions/A/Libraries/libGPUSupportMercury.dylib
0x00007fff6bf8f000 	/System/Library/Frameworks/OpenGL.framework/Versions/A/Resources/GLRendererFloat.bundle/GLRendererFloat
0x000000012d931000 	/private/var/folders/4z/dvg87rzx3jz89z4jl8l1z09r0000gn/T/lwjglschirripad@moravian.edu/3.2.3-build-13/liblwjgl.dylib
0x000000012d959000 	/private/var/folders/4z/dvg87rzx3jz89z4jl8l1z09r0000gn/T/lwjglschirripad@moravian.edu/3.2.3-build-13/libglfw.dylib


VM Arguments:
jvm_args: -XX:+ShowCodeDetailsInExceptionMessages -agentlib:jdwp=transport=dt_socket,suspend=y,address=localhost:61878 -Dvisualvm.id=325151997266129 -Dfile.encoding=UTF-8 
java_command: terra.shell.launch.Launch -pf /Users/schirripad@moravian.edu/JSHOUT
java_class_path (initial): /Users/schirripad@moravian.edu/JSH/JSH/bin:/Users/schirripad@moravian.edu/.p2/pool/plugins/org.junit_4.13.0.v20200204-1500.jar:/Users/schirripad@moravian.edu/.p2/pool/plugins/org.hamcrest.core_1.3.0.v20180420-1519.jar
Launcher Type: SUN_STANDARD

[Global flags]
     intx CICompilerCount                          = 3                                         {product} {ergonomic}
     uint ConcGCThreads                            = 1                                         {product} {ergonomic}
     uint G1ConcRefinementThreads                  = 4                                         {product} {ergonomic}
   size_t G1HeapRegionSize                         = 1048576                                   {product} {ergonomic}
    uintx GCDrainStackTargetSize                   = 64                                        {product} {ergonomic}
   size_t InitialHeapSize                          = 134217728                                 {product} {ergonomic}
   size_t MarkStackSize                            = 4194304                                   {product} {ergonomic}
   size_t MaxHeapSize                              = 2147483648                                {product} {ergonomic}
   size_t MaxNewSize                               = 1287651328                                {product} {ergonomic}
   size_t MinHeapDeltaBytes                        = 1048576                                   {product} {ergonomic}
   size_t MinHeapSize                              = 8388608                                   {product} {ergonomic}
    uintx NonNMethodCodeHeapSize                   = 5832780                                {pd product} {ergonomic}
    uintx NonProfiledCodeHeapSize                  = 122912730                              {pd product} {ergonomic}
    uintx ProfiledCodeHeapSize                     = 122912730                              {pd product} {ergonomic}
    uintx ReservedCodeCacheSize                    = 251658240                              {pd product} {ergonomic}
     bool SegmentedCodeCache                       = true                                      {product} {ergonomic}
     bool ShowCodeDetailsInExceptionMessages       = true                                   {manageable} {command line}
   size_t SoftMaxHeapSize                          = 2147483648                             {manageable} {ergonomic}
     bool UseCompressedClassPointers               = true                           {product lp64_product} {ergonomic}
     bool UseCompressedOops                        = true                           {product lp64_product} {ergonomic}
     bool UseG1GC                                  = true                                      {product} {ergonomic}
     bool UseNUMA                                  = false                                     {product} {ergonomic}
     bool UseNUMAInterleaving                      = false                                     {product} {ergonomic}

Logging:
Log output configuration:
 #0: stdout all=warning uptime,level,tags
 #1: stderr all=off uptime,level,tags

Environment Variables:
PATH=/usr/bin:/bin:/usr/sbin:/sbin
SHELL=/bin/bash

Signal Handlers:
SIGSEGV: [libjvm.dylib+0xa7bdc0], sa_mask[0]=11100110000111110111111111111111, sa_flags=SA_ONSTACK|SA_RESTART|SA_SIGINFO
SIGBUS: [libjvm.dylib+0xa7bdc0], sa_mask[0]=11100110000111110111111111111111, sa_flags=SA_RESTART|SA_SIGINFO
SIGFPE: [libjvm.dylib+0xa7bdc0], sa_mask[0]=11100110000111110111111111111111, sa_flags=SA_RESTART|SA_SIGINFO
SIGPIPE: [libjvm.dylib+0x945be0], sa_mask[0]=11100110000111110111111111111111, sa_flags=SA_RESTART|SA_SIGINFO
SIGXFSZ: [libjvm.dylib+0x945be0], sa_mask[0]=11100110000111110111111111111111, sa_flags=SA_RESTART|SA_SIGINFO
SIGILL: [libjvm.dylib+0xa7bdc0], sa_mask[0]=11100110000111110111111111111111, sa_flags=SA_RESTART|SA_SIGINFO
SIGUSR2: [libjvm.dylib+0x946690], sa_mask[0]=00100000000000000000000000000000, sa_flags=SA_RESTART|SA_SIGINFO
SIGHUP: [libjvm.dylib+0x944c50], sa_mask[0]=11100110000111110111111111111111, sa_flags=SA_RESTART|SA_SIGINFO
SIGINT: [libjvm.dylib+0x944c50], sa_mask[0]=11100110000111110111111111111111, sa_flags=SA_RESTART|SA_SIGINFO
SIGTERM: [libjvm.dylib+0x944c50], sa_mask[0]=11100110000111110111111111111111, sa_flags=SA_RESTART|SA_SIGINFO
SIGQUIT: [libjvm.dylib+0x944c50], sa_mask[0]=11100110000111110111111111111111, sa_flags=SA_RESTART|SA_SIGINFO
SIGTRAP: [libjvm.dylib+0xa7bdc0], sa_mask[0]=11100110000111110111111111111111, sa_flags=SA_RESTART|SA_SIGINFO


---------------  S Y S T E M  ---------------

OS:uname: Darwin 20.6.0 Darwin Kernel Version 20.6.0: Wed Jun 23 00:26:31 PDT 2021; root:xnu-7195.141.2~5/RELEASE_X86_64 x86_64
OS uptime: 26 days 2:29 hours
rlimit (soft/hard): STACK 8192k/65532k , CORE 0k/infinity , NPROC 1392/2088 , NOFILE 10240/infinity , AS infinity/infinity , CPU infinity/infinity , DATA infinity/infinity , FSIZE infinity/infinity , MEMLOCK infinity/infinity , RSS infinity/infinity
load average: 7.40 5.69 4.82

CPU: total 4 (initial active 4) (2 cores per cpu, 2 threads per core) family 6 model 78 stepping 3 microcode 0xea, cx8, cmov, fxsr, ht, mmx, 3dnowpref, sse, sse2, sse3, ssse3, sse4.1, sse4.2, popcnt, lzcnt, tsc, tscinvbit, avx, avx2, aes, erms, clmul, bmi1, bmi2, adx, fma, vzeroupper, clflush, clflushopt

Memory: 4k page, physical 8388608k(17360k free), swap 5242880k(1546752k free)

vm_info: Java HotSpot(TM) 64-Bit Server VM (16.0.2+7-67) for bsd-amd64 JRE (16.0.2+7-67), built on Jun  8 2021 22:22:46 by "mach5one" with clang 4.2.1 Compatible Apple LLVM 11.0.0 (clang-1100.0.33.17)

END.
