#
# A fatal error has been detected by the Java Runtime Environment:
#
#  SIGILL (0x4) at pc=0x00007fff2035c25d, pid=56948, tid=40195
#
# JRE version: Java(TM) SE Runtime Environment (16.0.2+7) (build 16.0.2+7-67)
# Java VM: Java HotSpot(TM) 64-Bit Server VM (16.0.2+7-67, mixed mode, sharing, tiered, compressed oops, compressed class ptrs, g1 gc, bsd-amd64)
# Problematic frame:
# C  [libdispatch.dylib+0x525d]  _dispatch_assert_queue_fail+0x63
#
# No core dump will be written. Core dumps have been disabled. To enable core dumping, try "ulimit -c unlimited" before starting Java again
#
# If you would like to submit a bug report, please visit:
#   https://bugreport.java.com/bugreport/crash.jsp
# The crash happened outside the Java Virtual Machine in native code.
# See problematic frame for where to report the bug.
#

---------------  S U M M A R Y ------------

Command Line: -Dvisualvm.id=324984741575197 -Dfile.encoding=UTF-8 -XX:+ShowCodeDetailsInExceptionMessages terra.shell.launch.Launch -pf /Users/schirripad@moravian.edu/JSHOUT

Host: MacBookPro13,2 x86_64 3300 MHz, 4 cores, 8G, Darwin 20.6.0, macOS 10.16 (20G80)
Time: Wed Oct  6 18:30:10 2021 EDT elapsed time: 15.028283 seconds (0d 0h 0m 15s)

---------------  T H R E A D  ---------------

Current thread (0x00007fa4799d7800):  JavaThread "PDE" [_thread_in_native, id=40195, stack(0x0000700007196000,0x0000700007296000)]

Stack: [0x0000700007196000,0x0000700007296000],  sp=0x0000700007295340,  free space=1020k
Native frames: (J=compiled Java code, A=aot compiled Java code, j=interpreted, Vv=VM code, C=native code)
C  [libdispatch.dylib+0x525d]  _dispatch_assert_queue_fail+0x63
C  [libdispatch.dylib+0x51f2]  dispatch_assert_queue+0x7a
C  [HIToolbox+0x32d80]  islGetInputSourceListWithAdditions+0x77
C  [HIToolbox+0x3556d]  isValidateInputSourceRef+0x5a
C  [HIToolbox+0x35435]  TSMGetInputSourceProperty+0x1e
C  [libglfw.dylib+0xc598]
C  [libglfw.dylib+0x551a]
j  org.lwjgl.system.JNI.invokeI(J)I+0
j  org.lwjgl.glfw.GLFW.glfwInit()Z+5
j  parallel.module.run()V+63
j  terra.shell.modules.Module.start()V+55
j  terra.shell.modules.ModuleManagement$1.run()V+11
j  java.lang.Thread.run()V+11 java.base@16.0.2
v  ~StubRoutines::call_stub
V  [libjvm.dylib+0x508272]  _ZN9JavaCalls11call_helperEP9JavaValueRK12methodHandleP17JavaCallArgumentsP6Thread+0x2d2
V  [libjvm.dylib+0x5072b7]  _ZN9JavaCalls12call_virtualEP9JavaValueP5KlassP6SymbolS5_P17JavaCallArgumentsP6Thread+0x147
V  [libjvm.dylib+0x507383]  _ZN9JavaCalls12call_virtualEP9JavaValue6HandleP5KlassP6SymbolS6_P6Thread+0x63
V  [libjvm.dylib+0x5b5534]  _ZL12thread_entryP10JavaThreadP6Thread+0xb4
V  [libjvm.dylib+0xa043cd]  _ZN10JavaThread17thread_main_innerEv+0xcd
V  [libjvm.dylib+0xa01d11]  _ZN6Thread8call_runEv+0x71
V  [libjvm.dylib+0x890937]  _ZL19thread_native_entryP6Thread+0x157
C  [libsystem_pthread.dylib+0x68fc]  _pthread_start+0xe0
C  [libsystem_pthread.dylib+0x2443]  thread_start+0xf

Java frames: (J=compiled Java code, j=interpreted, Vv=VM code)
j  org.lwjgl.system.JNI.invokeI(J)I+0
j  org.lwjgl.glfw.GLFW.glfwInit()Z+5
j  parallel.module.run()V+63
j  terra.shell.modules.Module.start()V+55
j  terra.shell.modules.ModuleManagement$1.run()V+11
j  java.lang.Thread.run()V+11 java.base@16.0.2
v  ~StubRoutines::call_stub

siginfo: si_signo: 4 (SIGILL), si_code: 1 (ILL_ILLOPC), si_addr: 0x00007fff2035c25d

Register to memory mapping:

RAX=0x6f78842fdee100bd is an unknown value
RBX=0x00007fa47c4190f0 points into unknown readable memory: 0x43204e4920475542 | 42 55 47 20 49 4e 20 43
RCX=0x0 is NULL
RDX=0x00000000000e7620 is an unknown value
RSP=0x0000700007295340 is pointing into the stack for thread: 0x00007fa4799d7800
RBP=0x0000700007295350 is pointing into the stack for thread: 0x00007fa4799d7800
RSI=0x0000000099d5d42c is an unknown value
RDI=0x000000010dd55080 points into unknown readable memory: 0x0000000100000000 | 00 00 00 00 01 00 00 00
R8 =0x000000000000c19f is an unknown value
R9 =0x0000000000000004 is an unknown value
R10=0x00007fa477f00000 points into unknown readable memory: 0x0000000000000000 | 00 00 00 00 00 00 00 00
R11=0x00007fa47c4188c0 points into unknown readable memory: 0x800007fa477fc5a6 | a6 c5 7f 47 fa 07 00 80
R12=0x00007fa47bb52050 points into unknown readable memory: 0x011dffff80242cf1 | f1 2c 24 80 ff ff 1d 01
R13=0x00000001364be5f8: <offset 0x395f8> in /private/var/folders/4z/dvg87rzx3jz89z4jl8l1z09r0000gn/T/lwjglschirripad@moravian.edu/3.2.3-build-13/libglfw.dylib at 0x0000000136485000
R14=0x0000700007295458 is pointing into the stack for thread: 0x00007fa4799d7800
R15=0x0 is NULL


Registers:
RAX=0x6f78842fdee100bd, RBX=0x00007fa47c4190f0, RCX=0x0000000000000000, RDX=0x00000000000e7620
RSP=0x0000700007295340, RBP=0x0000700007295350, RSI=0x0000000099d5d42c, RDI=0x000000010dd55080
R8 =0x000000000000c19f, R9 =0x0000000000000004, R10=0x00007fa477f00000, R11=0x00007fa47c4188c0
R12=0x00007fa47bb52050, R13=0x00000001364be5f8, R14=0x0000700007295458, R15=0x0000000000000000
RIP=0x00007fff2035c25d, EFLAGS=0x0000000000010202, ERR=0x0000000000000000
  TRAPNO=0x0000000000000006

Top of Stack: (sp=0x0000700007295340)
0x0000700007295340:   00007fa47c4190f0 0000000000000100
0x0000700007295350:   0000700007295360 00007fff2035c1f2
0x0000700007295360:   0000700007295410 00007fff28842d80
0x0000700007295370:   6f78842fdee100bd 00000001364bb8b8
0x0000700007295380:   0000000000000012 0000000000000017
0x0000700007295390:   00007fff80a2d3f0 0000000000000017
0x00007000072953a0:   00007000072953d0 00007fff205853b2
0x00007000072953b0:   0000000000000000 0000000000000010
0x00007000072953c0:   00000001364bb8b8 0000000000000017
0x00007000072953d0:   0000700007295420 00007fff2059e27d
0x00007000072953e0:   00000001364bb8b8 0000000000000100
0x00007000072953f0:   00007fa47bb52050 00000001364be5f8
0x0000700007295400:   0000700007295458 000000000000014c
0x0000700007295410:   0000700007295440 00007fff2884556d
0x0000700007295420:   0000000000000100 00007fff811aab08
0x0000700007295430:   00007fa47bb52050 00007fff81194560
0x0000700007295440:   0000700007295480 00007fff28845435
0x0000700007295450:   00007fff80242cf0 0000000000000000
0x0000700007295460:   0000000000000100 ffffffffffffffff
0x0000700007295470:   00007fff203a2800 00007fff81194560
0x0000700007295480:   00007000072958e0 0000000136491598
0x0000700007295490:   0000000100000001 00007fa478063050
0x00007000072954a0:   00000001364bb5d8 00007fff80840240
0x00007000072954b0:   00000000ffffffff 0000000000000000
0x00007000072954c0:   f0000000f0000000 0000000000000000
0x00007000072954d0:   4000000040000000 0000000000000000
0x00007000072954e0:   0fffffff0fffffff 0000000000000000
0x00007000072954f0:   00ffffff00ffffff 0000000000000000
0x0000700007295500:   4700000047000000 0000000000000000
0x0000700007295510:   fffffffffffffffc 0000000000000000
0x0000700007295520:   0000000000000000 0000000000000000
0x0000700007295530:   0000000000000000 0000000000000000 

Instructions: (pc=0x00007fff2035c25d)
0x00007fff2035c15d:   df 48 83 c4 08 5b 5d e9 e5 01 03 00 48 83 c4 08
0x00007fff2035c16d:   5b 5d c3 e8 d0 c1 02 00 90 90 90 55 48 89 e5 48
0x00007fff2035c17d:   8b 07 0f b6 40 28 48 8d 48 ef 48 83 f9 02 73 65
0x00007fff2035c18d:   48 8b 47 38 65 33 04 25 18 00 00 00 83 f8 04 73
0x00007fff2035c19d:   02 5d c3 65 48 8b 14 25 a0 00 00 00 48 85 d2 74
0x00007fff2035c1ad:   3a 65 48 8b 04 25 a8 00 00 00 48 39 fa 74 e2 48
0x00007fff2035c1bd:   85 c0 74 10 48 8b 4a 18 48 85 c9 74 0f 48 39 10
0x00007fff2035c1cd:   75 11 eb 0b 48 8b 4a 18 31 c0 eb 07 48 8b 08 48
0x00007fff2035c1dd:   8b 40 08 48 89 ca 48 85 c9 75 cf be 01 00 00 00
0x00007fff2035c1ed:   e8 08 00 00 00 48 89 c7 e8 c1 c6 02 00 55 48 89
0x00007fff2035c1fd:   e5 53 50 48 8d 5d f0 48 c7 03 00 00 00 00 48 8d
0x00007fff2035c20d:   05 6c 67 03 00 48 8d 0d a4 34 03 00 85 f6 48 0f
0x00007fff2035c21d:   45 c8 4c 8b 47 48 4d 85 c0 4c 0f 44 c0 48 8d 35
0x00007fff2035c22d:   2b 34 03 00 48 8d 15 54 34 03 00 48 89 df 31 c0
0x00007fff2035c23d:   e8 4c 00 03 00 48 8b 1b 48 8d 3d 76 34 03 00 48
0x00007fff2035c24d:   89 de 31 c0 e8 c8 b3 02 00 48 89 1d 2b f5 4c 60
0x00007fff2035c25d:   0f 0b 55 48 89 e5 48 8b 07 0f b6 40 28 48 8d 48
0x00007fff2035c26d:   ef 48 83 f9 02 73 62 48 8b 47 38 65 33 04 25 18
0x00007fff2035c27d:   00 00 00 83 f8 03 76 4a 65 48 8b 14 25 a0 00 00
0x00007fff2035c28d:   00 48 85 d2 74 3a 65 48 8b 04 25 a8 00 00 00 48
0x00007fff2035c29d:   39 fa 74 2e 48 85 c0 74 10 48 8b 4a 18 48 85 c9
0x00007fff2035c2ad:   74 0f 48 39 10 75 11 eb 0b 48 8b 4a 18 31 c0 eb
0x00007fff2035c2bd:   07 48 8b 08 48 8b 40 08 48 89 ca 48 85 c9 75 cf
0x00007fff2035c2cd:   5d c3 31 f6 e8 24 ff ff ff 48 89 c7 e8 f7 c5 02
0x00007fff2035c2dd:   00 55 48 89 e5 53 50 48 89 fb e8 8c fe ff ff 66
0x00007fff2035c2ed:   83 7b 50 01 75 07 48 83 c4 08 5b 5d c3 48 83 7b
0x00007fff2035c2fd:   18 00 74 0b 48 8b 43 38 48 0f ba e0 36 72 e7 48
0x00007fff2035c30d:   89 df e8 00 00 00 00 55 48 89 e5 53 50 48 8d 5d
0x00007fff2035c31d:   f0 48 c7 03 00 00 00 00 48 8b 47 48 48 85 c0 48
0x00007fff2035c32d:   8d 0d 4b 66 03 00 48 0f 45 c8 48 8d 35 87 33 03
0x00007fff2035c33d:   00 48 8d 15 47 33 03 00 48 89 df 31 c0 e8 3f ff
0x00007fff2035c34d:   02 00 48 8b 1b 48 8d 3d 69 33 03 00 48 89 de 31 


Stack slot to memory mapping:
stack at sp + 0 slots: 0x00007fa47c4190f0 points into unknown readable memory: 0x43204e4920475542 | 42 55 47 20 49 4e 20 43
stack at sp + 1 slots: 0x0000000000000100 is an unknown value
stack at sp + 2 slots: 0x0000700007295360 is pointing into the stack for thread: 0x00007fa4799d7800
stack at sp + 3 slots: 0x00007fff2035c1f2: dispatch_assert_queue+0x7a in /usr/lib/system/libdispatch.dylib at 0x00007fff20357000
stack at sp + 4 slots: 0x0000700007295410 is pointing into the stack for thread: 0x00007fa4799d7800
stack at sp + 5 slots: 0x00007fff28842d80: islGetInputSourceListWithAdditions+0x77 in /System/Library/Frameworks/Carbon.framework/Versions/A/Frameworks/HIToolbox.framework/Versions/A/HIToolbox at 0x00007fff28810000
stack at sp + 6 slots: 0x6f78842fdee100bd is an unknown value
stack at sp + 7 slots: 0x00000001364bb8b8: <offset 0x368b8> in /private/var/folders/4z/dvg87rzx3jz89z4jl8l1z09r0000gn/T/lwjglschirripad@moravian.edu/3.2.3-build-13/libglfw.dylib at 0x0000000136485000


---------------  P R O C E S S  ---------------

Threads class SMR info:
_java_thread_list=0x00007fa47bb2c430, length=19, elements={
0x00007fa478008c00, 0x00007fa479024600, 0x00007fa479026e00, 0x00007fa479836e00,
0x00007fa478034000, 0x00007fa479833600, 0x00007fa478032600, 0x00007fa479833c00,
0x00007fa478035200, 0x00007fa478861c00, 0x00007fa47803aa00, 0x00007fa4799d7800,
0x00007fa47980ee00, 0x00007fa478066000, 0x00007fa479114200, 0x00007fa478135600,
0x00007fa479a80c00, 0x00007fa478a37a00, 0x00007fa479a9de00
}

Java Threads: ( => current thread )
  0x00007fa478008c00 JavaThread "main" [_thread_blocked, id=6147, stack(0x0000700005c54000,0x0000700005d54000)]
  0x00007fa479024600 JavaThread "Reference Handler" daemon [_thread_blocked, id=17155, stack(0x0000700006369000,0x0000700006469000)]
  0x00007fa479026e00 JavaThread "Finalizer" daemon [_thread_blocked, id=16899, stack(0x000070000646c000,0x000070000656c000)]
  0x00007fa479836e00 JavaThread "Signal Dispatcher" daemon [_thread_blocked, id=42755, stack(0x0000700006675000,0x0000700006775000)]
  0x00007fa478034000 JavaThread "Service Thread" daemon [_thread_blocked, id=42499, stack(0x0000700006778000,0x0000700006878000)]
  0x00007fa479833600 JavaThread "Monitor Deflation Thread" daemon [_thread_blocked, id=41987, stack(0x000070000687b000,0x000070000697b000)]
  0x00007fa478032600 JavaThread "C2 CompilerThread0" daemon [_thread_in_native, id=23043, stack(0x000070000697e000,0x0000700006a7e000)]
  0x00007fa479833c00 JavaThread "C1 CompilerThread0" daemon [_thread_blocked, id=41731, stack(0x0000700006a81000,0x0000700006b81000)]
  0x00007fa478035200 JavaThread "Sweeper thread" daemon [_thread_blocked, id=41475, stack(0x0000700006b84000,0x0000700006c84000)]
  0x00007fa478861c00 JavaThread "Notification Thread" daemon [_thread_blocked, id=24067, stack(0x0000700006c87000,0x0000700006d87000)]
  0x00007fa47803aa00 JavaThread "Common-Cleaner" daemon [_thread_blocked, id=24835, stack(0x0000700006e8d000,0x0000700006f8d000)]
=>0x00007fa4799d7800 JavaThread "PDE" [_thread_in_native, id=40195, stack(0x0000700007196000,0x0000700007296000)]
  0x00007fa47980ee00 JavaThread "AppKit Thread" daemon [_thread_in_native, id=259, stack(0x00007ffee16ce000,0x00007ffee1ece000)]
  0x00007fa478066000 JavaThread "ClusterServer" [_thread_in_native, id=37647, stack(0x0000700007299000,0x0000700007399000)]
  0x00007fa479114200 JavaThread "AWT-Shutdown" [_thread_blocked, id=43547, stack(0x000070000741f000,0x000070000751f000)]
  0x00007fa478135600 JavaThread "Terminal0.3616250630894373" [_thread_blocked, id=45583, stack(0x00007000075a5000,0x00007000076a5000)]
  0x00007fa479a80c00 JavaThread "login" [_thread_in_native, id=85771, stack(0x00007000076a8000,0x00007000077a8000)]
  0x00007fa478a37a00 JavaThread "Java2D Queue Flusher" daemon [_thread_blocked, id=34487, stack(0x0000700007b40000,0x0000700007c40000)]
  0x00007fa479a9de00 JavaThread "Java2D Disposer" daemon [_thread_blocked, id=67075, stack(0x0000700007c43000,0x0000700007d43000)]

Other Threads:
  0x00007fa477e2aa10 VMThread "VM Thread" [stack: 0x0000700006266000,0x0000700006366000] [id=14339]
  0x00007fa477e30790 WatcherThread [stack: 0x0000700006d8a000,0x0000700006e8a000] [id=24579]
  0x00007fa477c1f4f0 GCTaskThread "GC Thread#0" [stack: 0x0000700005d57000,0x0000700005e57000] [id=19715]
  0x00007fa477f46e60 GCTaskThread "GC Thread#1" [stack: 0x0000700006f90000,0x0000700007090000] [id=40963]
  0x00007fa477f47890 GCTaskThread "GC Thread#2" [stack: 0x0000700007093000,0x0000700007193000] [id=40707]
  0x00007fa477d06880 ConcurrentGCThread "G1 Main Marker" [stack: 0x0000700005e5a000,0x0000700005f5a000] [id=19203]
  0x00007fa477d075d0 ConcurrentGCThread "G1 Conc#0" [stack: 0x0000700005f5d000,0x000070000605d000] [id=13059]
  0x00007fa477e20ec0 ConcurrentGCThread "G1 Refine#0" [stack: 0x0000700006060000,0x0000700006160000] [id=18435]
  0x00007fa477e21d20 ConcurrentGCThread "G1 Service" [stack: 0x0000700006163000,0x0000700006263000] [id=13315]

Threads with active compile tasks:
C2 CompilerThread0    15046 1153   !   4       jdk.internal.loader.URLClassPath$JarLoader::getResource (65 bytes)

VM state: not at safepoint (normal execution)

VM Mutex/Monitor currently owned by a thread: None

Heap address: 0x0000000780000000, size: 2048 MB, Compressed Oops mode: Zero based, Oop shift amount: 3

CDS archive(s) mapped at: [0x0000000800000000-0x0000000800bbb000-0x0000000800bbb000), size 12300288, SharedBaseAddress: 0x0000000800000000, ArchiveRelocationMode: 0.
Compressed class space mapped at: 0x0000000800c00000-0x0000000840c00000, reserved size: 1073741824
Narrow klass base: 0x0000000800000000, Narrow klass shift: 3, Narrow klass range: 0x100000000

GC Precious Log:
 CPUs: 4 total, 4 available
 Memory: 8192M
 Large Page Support: Disabled
 NUMA Support: Disabled
 Compressed Oops: Enabled (Zero based)
 Heap Region Size: 1M
 Heap Min Capacity: 8M
 Heap Initial Capacity: 128M
 Heap Max Capacity: 2G
 Pre-touch: Disabled
 Parallel Workers: 4
 Concurrent Workers: 1
 Concurrent Refinement Workers: 4
 Periodic GC: Disabled

Heap:
 garbage-first heap   total 133120K, used 9981K [0x0000000780000000, 0x0000000800000000)
  region size 1024K, 10 young (10240K), 2 survivors (2048K)
 Metaspace       used 12521K, committed 12864K, reserved 1064960K
  class space    used 1098K, committed 1280K, reserved 1048576K

Heap Regions: E=young(eden), S=young(survivor), O=old, HS=humongous(starts), HC=humongous(continues), CS=collection set, F=free, OA=open archive, CA=closed archive, TAMS=top-at-mark-start (previous, next)
|   0|0x0000000780000000, 0x0000000780000000, 0x0000000780100000|  0%| F|  |TAMS 0x0000000780000000, 0x0000000780000000| Untracked 
|   1|0x0000000780100000, 0x0000000780100000, 0x0000000780200000|  0%| F|  |TAMS 0x0000000780100000, 0x0000000780100000| Untracked 
|   2|0x0000000780200000, 0x0000000780200000, 0x0000000780300000|  0%| F|  |TAMS 0x0000000780200000, 0x0000000780200000| Untracked 
|   3|0x0000000780300000, 0x0000000780300000, 0x0000000780400000|  0%| F|  |TAMS 0x0000000780300000, 0x0000000780300000| Untracked 
|   4|0x0000000780400000, 0x0000000780400000, 0x0000000780500000|  0%| F|  |TAMS 0x0000000780400000, 0x0000000780400000| Untracked 
|   5|0x0000000780500000, 0x0000000780500000, 0x0000000780600000|  0%| F|  |TAMS 0x0000000780500000, 0x0000000780500000| Untracked 
|   6|0x0000000780600000, 0x0000000780600000, 0x0000000780700000|  0%| F|  |TAMS 0x0000000780600000, 0x0000000780600000| Untracked 
|   7|0x0000000780700000, 0x0000000780700000, 0x0000000780800000|  0%| F|  |TAMS 0x0000000780700000, 0x0000000780700000| Untracked 
|   8|0x0000000780800000, 0x0000000780800000, 0x0000000780900000|  0%| F|  |TAMS 0x0000000780800000, 0x0000000780800000| Untracked 
|   9|0x0000000780900000, 0x0000000780900000, 0x0000000780a00000|  0%| F|  |TAMS 0x0000000780900000, 0x0000000780900000| Untracked 
|  10|0x0000000780a00000, 0x0000000780a00000, 0x0000000780b00000|  0%| F|  |TAMS 0x0000000780a00000, 0x0000000780a00000| Untracked 
|  11|0x0000000780b00000, 0x0000000780b00000, 0x0000000780c00000|  0%| F|  |TAMS 0x0000000780b00000, 0x0000000780b00000| Untracked 
|  12|0x0000000780c00000, 0x0000000780c00000, 0x0000000780d00000|  0%| F|  |TAMS 0x0000000780c00000, 0x0000000780c00000| Untracked 
|  13|0x0000000780d00000, 0x0000000780d00000, 0x0000000780e00000|  0%| F|  |TAMS 0x0000000780d00000, 0x0000000780d00000| Untracked 
|  14|0x0000000780e00000, 0x0000000780e00000, 0x0000000780f00000|  0%| F|  |TAMS 0x0000000780e00000, 0x0000000780e00000| Untracked 
|  15|0x0000000780f00000, 0x0000000780f00000, 0x0000000781000000|  0%| F|  |TAMS 0x0000000780f00000, 0x0000000780f00000| Untracked 
|  16|0x0000000781000000, 0x0000000781000000, 0x0000000781100000|  0%| F|  |TAMS 0x0000000781000000, 0x0000000781000000| Untracked 
|  17|0x0000000781100000, 0x0000000781100000, 0x0000000781200000|  0%| F|  |TAMS 0x0000000781100000, 0x0000000781100000| Untracked 
|  18|0x0000000781200000, 0x0000000781200000, 0x0000000781300000|  0%| F|  |TAMS 0x0000000781200000, 0x0000000781200000| Untracked 
|  19|0x0000000781300000, 0x0000000781300000, 0x0000000781400000|  0%| F|  |TAMS 0x0000000781300000, 0x0000000781300000| Untracked 
|  20|0x0000000781400000, 0x0000000781400000, 0x0000000781500000|  0%| F|  |TAMS 0x0000000781400000, 0x0000000781400000| Untracked 
|  21|0x0000000781500000, 0x0000000781500000, 0x0000000781600000|  0%| F|  |TAMS 0x0000000781500000, 0x0000000781500000| Untracked 
|  22|0x0000000781600000, 0x0000000781600000, 0x0000000781700000|  0%| F|  |TAMS 0x0000000781600000, 0x0000000781600000| Untracked 
|  23|0x0000000781700000, 0x0000000781700000, 0x0000000781800000|  0%| F|  |TAMS 0x0000000781700000, 0x0000000781700000| Untracked 
|  24|0x0000000781800000, 0x0000000781800000, 0x0000000781900000|  0%| F|  |TAMS 0x0000000781800000, 0x0000000781800000| Untracked 
|  25|0x0000000781900000, 0x0000000781900000, 0x0000000781a00000|  0%| F|  |TAMS 0x0000000781900000, 0x0000000781900000| Untracked 
|  26|0x0000000781a00000, 0x0000000781a00000, 0x0000000781b00000|  0%| F|  |TAMS 0x0000000781a00000, 0x0000000781a00000| Untracked 
|  27|0x0000000781b00000, 0x0000000781b00000, 0x0000000781c00000|  0%| F|  |TAMS 0x0000000781b00000, 0x0000000781b00000| Untracked 
|  28|0x0000000781c00000, 0x0000000781c00000, 0x0000000781d00000|  0%| F|  |TAMS 0x0000000781c00000, 0x0000000781c00000| Untracked 
|  29|0x0000000781d00000, 0x0000000781d00000, 0x0000000781e00000|  0%| F|  |TAMS 0x0000000781d00000, 0x0000000781d00000| Untracked 
|  30|0x0000000781e00000, 0x0000000781e00000, 0x0000000781f00000|  0%| F|  |TAMS 0x0000000781e00000, 0x0000000781e00000| Untracked 
|  31|0x0000000781f00000, 0x0000000781f00000, 0x0000000782000000|  0%| F|  |TAMS 0x0000000781f00000, 0x0000000781f00000| Untracked 
|  32|0x0000000782000000, 0x0000000782000000, 0x0000000782100000|  0%| F|  |TAMS 0x0000000782000000, 0x0000000782000000| Untracked 
|  33|0x0000000782100000, 0x0000000782100000, 0x0000000782200000|  0%| F|  |TAMS 0x0000000782100000, 0x0000000782100000| Untracked 
|  34|0x0000000782200000, 0x0000000782200000, 0x0000000782300000|  0%| F|  |TAMS 0x0000000782200000, 0x0000000782200000| Untracked 
|  35|0x0000000782300000, 0x0000000782300000, 0x0000000782400000|  0%| F|  |TAMS 0x0000000782300000, 0x0000000782300000| Untracked 
|  36|0x0000000782400000, 0x0000000782400000, 0x0000000782500000|  0%| F|  |TAMS 0x0000000782400000, 0x0000000782400000| Untracked 
|  37|0x0000000782500000, 0x0000000782500000, 0x0000000782600000|  0%| F|  |TAMS 0x0000000782500000, 0x0000000782500000| Untracked 
|  38|0x0000000782600000, 0x0000000782600000, 0x0000000782700000|  0%| F|  |TAMS 0x0000000782600000, 0x0000000782600000| Untracked 
|  39|0x0000000782700000, 0x0000000782700000, 0x0000000782800000|  0%| F|  |TAMS 0x0000000782700000, 0x0000000782700000| Untracked 
|  40|0x0000000782800000, 0x0000000782800000, 0x0000000782900000|  0%| F|  |TAMS 0x0000000782800000, 0x0000000782800000| Untracked 
|  41|0x0000000782900000, 0x0000000782900000, 0x0000000782a00000|  0%| F|  |TAMS 0x0000000782900000, 0x0000000782900000| Untracked 
|  42|0x0000000782a00000, 0x0000000782a00000, 0x0000000782b00000|  0%| F|  |TAMS 0x0000000782a00000, 0x0000000782a00000| Untracked 
|  43|0x0000000782b00000, 0x0000000782b00000, 0x0000000782c00000|  0%| F|  |TAMS 0x0000000782b00000, 0x0000000782b00000| Untracked 
|  44|0x0000000782c00000, 0x0000000782c00000, 0x0000000782d00000|  0%| F|  |TAMS 0x0000000782c00000, 0x0000000782c00000| Untracked 
|  45|0x0000000782d00000, 0x0000000782d00000, 0x0000000782e00000|  0%| F|  |TAMS 0x0000000782d00000, 0x0000000782d00000| Untracked 
|  46|0x0000000782e00000, 0x0000000782e00000, 0x0000000782f00000|  0%| F|  |TAMS 0x0000000782e00000, 0x0000000782e00000| Untracked 
|  47|0x0000000782f00000, 0x0000000782f00000, 0x0000000783000000|  0%| F|  |TAMS 0x0000000782f00000, 0x0000000782f00000| Untracked 
|  48|0x0000000783000000, 0x0000000783000000, 0x0000000783100000|  0%| F|  |TAMS 0x0000000783000000, 0x0000000783000000| Untracked 
|  49|0x0000000783100000, 0x0000000783100000, 0x0000000783200000|  0%| F|  |TAMS 0x0000000783100000, 0x0000000783100000| Untracked 
|  50|0x0000000783200000, 0x0000000783200000, 0x0000000783300000|  0%| F|  |TAMS 0x0000000783200000, 0x0000000783200000| Untracked 
|  51|0x0000000783300000, 0x0000000783300000, 0x0000000783400000|  0%| F|  |TAMS 0x0000000783300000, 0x0000000783300000| Untracked 
|  52|0x0000000783400000, 0x0000000783400000, 0x0000000783500000|  0%| F|  |TAMS 0x0000000783400000, 0x0000000783400000| Untracked 
|  53|0x0000000783500000, 0x0000000783500000, 0x0000000783600000|  0%| F|  |TAMS 0x0000000783500000, 0x0000000783500000| Untracked 
|  54|0x0000000783600000, 0x0000000783600000, 0x0000000783700000|  0%| F|  |TAMS 0x0000000783600000, 0x0000000783600000| Untracked 
|  55|0x0000000783700000, 0x0000000783700000, 0x0000000783800000|  0%| F|  |TAMS 0x0000000783700000, 0x0000000783700000| Untracked 
|  56|0x0000000783800000, 0x0000000783800000, 0x0000000783900000|  0%| F|  |TAMS 0x0000000783800000, 0x0000000783800000| Untracked 
|  57|0x0000000783900000, 0x0000000783900000, 0x0000000783a00000|  0%| F|  |TAMS 0x0000000783900000, 0x0000000783900000| Untracked 
|  58|0x0000000783a00000, 0x0000000783a00000, 0x0000000783b00000|  0%| F|  |TAMS 0x0000000783a00000, 0x0000000783a00000| Untracked 
|  59|0x0000000783b00000, 0x0000000783b00000, 0x0000000783c00000|  0%| F|  |TAMS 0x0000000783b00000, 0x0000000783b00000| Untracked 
|  60|0x0000000783c00000, 0x0000000783c00000, 0x0000000783d00000|  0%| F|  |TAMS 0x0000000783c00000, 0x0000000783c00000| Untracked 
|  61|0x0000000783d00000, 0x0000000783d00000, 0x0000000783e00000|  0%| F|  |TAMS 0x0000000783d00000, 0x0000000783d00000| Untracked 
|  62|0x0000000783e00000, 0x0000000783e00000, 0x0000000783f00000|  0%| F|  |TAMS 0x0000000783e00000, 0x0000000783e00000| Untracked 
|  63|0x0000000783f00000, 0x0000000783f00000, 0x0000000784000000|  0%| F|  |TAMS 0x0000000783f00000, 0x0000000783f00000| Untracked 
|  64|0x0000000784000000, 0x0000000784000000, 0x0000000784100000|  0%| F|  |TAMS 0x0000000784000000, 0x0000000784000000| Untracked 
|  65|0x0000000784100000, 0x0000000784100000, 0x0000000784200000|  0%| F|  |TAMS 0x0000000784100000, 0x0000000784100000| Untracked 
|  66|0x0000000784200000, 0x0000000784200000, 0x0000000784300000|  0%| F|  |TAMS 0x0000000784200000, 0x0000000784200000| Untracked 
|  67|0x0000000784300000, 0x0000000784300000, 0x0000000784400000|  0%| F|  |TAMS 0x0000000784300000, 0x0000000784300000| Untracked 
|  68|0x0000000784400000, 0x0000000784400000, 0x0000000784500000|  0%| F|  |TAMS 0x0000000784400000, 0x0000000784400000| Untracked 
|  69|0x0000000784500000, 0x0000000784500000, 0x0000000784600000|  0%| F|  |TAMS 0x0000000784500000, 0x0000000784500000| Untracked 
|  70|0x0000000784600000, 0x0000000784600000, 0x0000000784700000|  0%| F|  |TAMS 0x0000000784600000, 0x0000000784600000| Untracked 
|  71|0x0000000784700000, 0x0000000784700000, 0x0000000784800000|  0%| F|  |TAMS 0x0000000784700000, 0x0000000784700000| Untracked 
|  72|0x0000000784800000, 0x0000000784800000, 0x0000000784900000|  0%| F|  |TAMS 0x0000000784800000, 0x0000000784800000| Untracked 
|  73|0x0000000784900000, 0x0000000784900000, 0x0000000784a00000|  0%| F|  |TAMS 0x0000000784900000, 0x0000000784900000| Untracked 
|  74|0x0000000784a00000, 0x0000000784a00000, 0x0000000784b00000|  0%| F|  |TAMS 0x0000000784a00000, 0x0000000784a00000| Untracked 
|  75|0x0000000784b00000, 0x0000000784b00000, 0x0000000784c00000|  0%| F|  |TAMS 0x0000000784b00000, 0x0000000784b00000| Untracked 
|  76|0x0000000784c00000, 0x0000000784c00000, 0x0000000784d00000|  0%| F|  |TAMS 0x0000000784c00000, 0x0000000784c00000| Untracked 
|  77|0x0000000784d00000, 0x0000000784d00000, 0x0000000784e00000|  0%| F|  |TAMS 0x0000000784d00000, 0x0000000784d00000| Untracked 
|  78|0x0000000784e00000, 0x0000000784e00000, 0x0000000784f00000|  0%| F|  |TAMS 0x0000000784e00000, 0x0000000784e00000| Untracked 
|  79|0x0000000784f00000, 0x0000000784f00000, 0x0000000785000000|  0%| F|  |TAMS 0x0000000784f00000, 0x0000000784f00000| Untracked 
|  80|0x0000000785000000, 0x0000000785000000, 0x0000000785100000|  0%| F|  |TAMS 0x0000000785000000, 0x0000000785000000| Untracked 
|  81|0x0000000785100000, 0x0000000785100000, 0x0000000785200000|  0%| F|  |TAMS 0x0000000785100000, 0x0000000785100000| Untracked 
|  82|0x0000000785200000, 0x0000000785200000, 0x0000000785300000|  0%| F|  |TAMS 0x0000000785200000, 0x0000000785200000| Untracked 
|  83|0x0000000785300000, 0x0000000785300000, 0x0000000785400000|  0%| F|  |TAMS 0x0000000785300000, 0x0000000785300000| Untracked 
|  84|0x0000000785400000, 0x0000000785400000, 0x0000000785500000|  0%| F|  |TAMS 0x0000000785400000, 0x0000000785400000| Untracked 
|  85|0x0000000785500000, 0x0000000785500000, 0x0000000785600000|  0%| F|  |TAMS 0x0000000785500000, 0x0000000785500000| Untracked 
|  86|0x0000000785600000, 0x0000000785600000, 0x0000000785700000|  0%| F|  |TAMS 0x0000000785600000, 0x0000000785600000| Untracked 
|  87|0x0000000785700000, 0x0000000785700000, 0x0000000785800000|  0%| F|  |TAMS 0x0000000785700000, 0x0000000785700000| Untracked 
|  88|0x0000000785800000, 0x0000000785800000, 0x0000000785900000|  0%| F|  |TAMS 0x0000000785800000, 0x0000000785800000| Untracked 
|  89|0x0000000785900000, 0x0000000785900000, 0x0000000785a00000|  0%| F|  |TAMS 0x0000000785900000, 0x0000000785900000| Untracked 
|  90|0x0000000785a00000, 0x0000000785a00000, 0x0000000785b00000|  0%| F|  |TAMS 0x0000000785a00000, 0x0000000785a00000| Untracked 
|  91|0x0000000785b00000, 0x0000000785b00000, 0x0000000785c00000|  0%| F|  |TAMS 0x0000000785b00000, 0x0000000785b00000| Untracked 
|  92|0x0000000785c00000, 0x0000000785c00000, 0x0000000785d00000|  0%| F|  |TAMS 0x0000000785c00000, 0x0000000785c00000| Untracked 
|  93|0x0000000785d00000, 0x0000000785d00000, 0x0000000785e00000|  0%| F|  |TAMS 0x0000000785d00000, 0x0000000785d00000| Untracked 
|  94|0x0000000785e00000, 0x0000000785e00000, 0x0000000785f00000|  0%| F|  |TAMS 0x0000000785e00000, 0x0000000785e00000| Untracked 
|  95|0x0000000785f00000, 0x0000000785f00000, 0x0000000786000000|  0%| F|  |TAMS 0x0000000785f00000, 0x0000000785f00000| Untracked 
|  96|0x0000000786000000, 0x0000000786000000, 0x0000000786100000|  0%| F|  |TAMS 0x0000000786000000, 0x0000000786000000| Untracked 
|  97|0x0000000786100000, 0x0000000786100000, 0x0000000786200000|  0%| F|  |TAMS 0x0000000786100000, 0x0000000786100000| Untracked 
|  98|0x0000000786200000, 0x0000000786200000, 0x0000000786300000|  0%| F|  |TAMS 0x0000000786200000, 0x0000000786200000| Untracked 
|  99|0x0000000786300000, 0x0000000786300000, 0x0000000786400000|  0%| F|  |TAMS 0x0000000786300000, 0x0000000786300000| Untracked 
| 100|0x0000000786400000, 0x0000000786400000, 0x0000000786500000|  0%| F|  |TAMS 0x0000000786400000, 0x0000000786400000| Untracked 
| 101|0x0000000786500000, 0x0000000786500000, 0x0000000786600000|  0%| F|  |TAMS 0x0000000786500000, 0x0000000786500000| Untracked 
| 102|0x0000000786600000, 0x0000000786600000, 0x0000000786700000|  0%| F|  |TAMS 0x0000000786600000, 0x0000000786600000| Untracked 
| 103|0x0000000786700000, 0x0000000786700000, 0x0000000786800000|  0%| F|  |TAMS 0x0000000786700000, 0x0000000786700000| Untracked 
| 104|0x0000000786800000, 0x0000000786800000, 0x0000000786900000|  0%| F|  |TAMS 0x0000000786800000, 0x0000000786800000| Untracked 
| 105|0x0000000786900000, 0x0000000786900000, 0x0000000786a00000|  0%| F|  |TAMS 0x0000000786900000, 0x0000000786900000| Untracked 
| 106|0x0000000786a00000, 0x0000000786acd4e0, 0x0000000786b00000| 80%| S|CS|TAMS 0x0000000786a00000, 0x0000000786a00000| Complete 
| 107|0x0000000786b00000, 0x0000000786c00000, 0x0000000786c00000|100%| S|CS|TAMS 0x0000000786b00000, 0x0000000786b00000| Complete 
| 108|0x0000000786c00000, 0x0000000786c00000, 0x0000000786d00000|  0%| F|  |TAMS 0x0000000786c00000, 0x0000000786c00000| Untracked 
| 109|0x0000000786d00000, 0x0000000786d00000, 0x0000000786e00000|  0%| F|  |TAMS 0x0000000786d00000, 0x0000000786d00000| Untracked 
| 110|0x0000000786e00000, 0x0000000786e00000, 0x0000000786f00000|  0%| F|  |TAMS 0x0000000786e00000, 0x0000000786e00000| Untracked 
| 111|0x0000000786f00000, 0x0000000786f00000, 0x0000000787000000|  0%| F|  |TAMS 0x0000000786f00000, 0x0000000786f00000| Untracked 
| 112|0x0000000787000000, 0x0000000787000000, 0x0000000787100000|  0%| F|  |TAMS 0x0000000787000000, 0x0000000787000000| Untracked 
| 113|0x0000000787100000, 0x0000000787100000, 0x0000000787200000|  0%| F|  |TAMS 0x0000000787100000, 0x0000000787100000| Untracked 
| 114|0x0000000787200000, 0x0000000787200000, 0x0000000787300000|  0%| F|  |TAMS 0x0000000787200000, 0x0000000787200000| Untracked 
| 115|0x0000000787300000, 0x0000000787300000, 0x0000000787400000|  0%| F|  |TAMS 0x0000000787300000, 0x0000000787300000| Untracked 
| 116|0x0000000787400000, 0x0000000787400000, 0x0000000787500000|  0%| F|  |TAMS 0x0000000787400000, 0x0000000787400000| Untracked 
| 117|0x0000000787500000, 0x0000000787500000, 0x0000000787600000|  0%| F|  |TAMS 0x0000000787500000, 0x0000000787500000| Untracked 
| 118|0x0000000787600000, 0x0000000787600000, 0x0000000787700000|  0%| F|  |TAMS 0x0000000787600000, 0x0000000787600000| Untracked 
| 119|0x0000000787700000, 0x0000000787700000, 0x0000000787800000|  0%| F|  |TAMS 0x0000000787700000, 0x0000000787700000| Untracked 
| 120|0x0000000787800000, 0x0000000787880800, 0x0000000787900000| 50%| E|  |TAMS 0x0000000787800000, 0x0000000787800000| Complete 
| 121|0x0000000787900000, 0x0000000787a00000, 0x0000000787a00000|100%| E|CS|TAMS 0x0000000787900000, 0x0000000787900000| Complete 
| 122|0x0000000787a00000, 0x0000000787b00000, 0x0000000787b00000|100%| E|CS|TAMS 0x0000000787a00000, 0x0000000787a00000| Complete 
| 123|0x0000000787b00000, 0x0000000787c00000, 0x0000000787c00000|100%| E|CS|TAMS 0x0000000787b00000, 0x0000000787b00000| Complete 
| 124|0x0000000787c00000, 0x0000000787d00000, 0x0000000787d00000|100%| E|CS|TAMS 0x0000000787c00000, 0x0000000787c00000| Complete 
| 125|0x0000000787d00000, 0x0000000787e00000, 0x0000000787e00000|100%| E|CS|TAMS 0x0000000787d00000, 0x0000000787d00000| Complete 
| 126|0x0000000787e00000, 0x0000000787f00000, 0x0000000787f00000|100%| E|CS|TAMS 0x0000000787e00000, 0x0000000787e00000| Complete 
| 127|0x0000000787f00000, 0x0000000788000000, 0x0000000788000000|100%| E|CS|TAMS 0x0000000787f00000, 0x0000000787f00000| Complete 
|1022|0x00000007bfe00000, 0x00000007bfe75000, 0x00000007bff00000| 45%|OA|  |TAMS 0x00000007bfe00000, 0x00000007bfe00000| Untracked 
|1023|0x00000007bff00000, 0x00000007bff7d000, 0x00000007c0000000| 48%|CA|  |TAMS 0x00000007bff00000, 0x00000007bff00000| Untracked 

Card table byte_map: [0x0000000118aae000,0x0000000118eae000] _byte_map_base: 0x0000000114eae000

Marking Bits (Prev, Next): (CMBitMap*) 0x00007fa479808210, (CMBitMap*) 0x00007fa479808250
 Prev Bits: [0x00000001192ae000, 0x000000011b2ae000)
 Next Bits: [0x000000012be5e000, 0x000000012de5e000)

Polling page: 0x000000010dd70000

Metaspace:

Usage:
  Non-class:     11.16 MB used.
      Class:      1.07 MB used.
       Both:     12.23 MB used.

Virtual space:
  Non-class space:       16.00 MB reserved,      11.31 MB ( 71%) committed,  2 nodes.
      Class space:        1.00 GB reserved,       1.25 MB ( <1%) committed,  1 nodes.
              Both:        1.02 GB reserved,      12.56 MB (  1%) committed. 

Chunk freelists:
   Non-Class:  65.00 KB
       Class:  2.72 MB
        Both:  2.78 MB

MaxMetaspaceSize: 17179869184.00 GB
CompressedClassSpaceSize: 1.00 GB
 - commit_granule_bytes: 65536.
 - commit_granule_words: 8192.
 - virtual_space_node_default_size: 1048576.
 - enlarge_chunks_in_place: 1.
 - new_chunks_are_fully_committed: 0.
 - uncommit_free_chunks: 1.
 - use_allocation_guard: 0.
 - handle_deallocations: 1.


Internal statistics:

num_allocs_failed_limit: 0.
num_arena_births: 176.
num_arena_deaths: 0.
num_vsnodes_births: 3.
num_vsnodes_deaths: 0.
num_space_committed: 200.
num_space_uncommitted: 0.
num_chunks_returned_to_freelist: 0.
num_chunks_taken_from_freelist: 444.
num_chunk_merges: 0.
num_chunk_splits: 346.
num_chunks_enlarged: 270.
num_purges: 0.

CodeHeap 'non-profiled nmethods': size=120032Kb used=434Kb max_used=434Kb free=119597Kb
 bounds [0x0000000124926000, 0x0000000124b96000, 0x000000012be5e000]
CodeHeap 'profiled nmethods': size=120028Kb used=1999Kb max_used=1999Kb free=118028Kb
 bounds [0x000000011d3ef000, 0x000000011d65f000, 0x0000000124926000]
CodeHeap 'non-nmethods': size=5700Kb used=1581Kb max_used=1581Kb free=4118Kb
 bounds [0x000000011ce5e000, 0x000000011d0ce000, 0x000000011d3ef000]
 total_blobs=2181 nmethods=1175 adapters=920
 compilation: enabled
              stopped_count=0, restarted_count=0
 full_count=0

Compilation events (20 events):
Event: 14.996 Thread 0x00007fa479833c00 1182       3       sun.misc.Unsafe::putByte (9 bytes)
Event: 14.996 Thread 0x00007fa479833c00 nmethod 1182 0x000000011d5e0d90 code [0x000000011d5e0f40, 0x000000011d5e10b0]
Event: 14.996 Thread 0x00007fa479833c00 1175       1       java.lang.reflect.Field::getModifiers (5 bytes)
Event: 14.996 Thread 0x00007fa479833c00 nmethod 1175 0x0000000124991d90 code [0x0000000124991f20, 0x0000000124991ff0]
Event: 14.996 Thread 0x00007fa479833c00 1179       3       java.lang.reflect.Modifier::isFinal (13 bytes)
Event: 14.996 Thread 0x00007fa479833c00 nmethod 1179 0x000000011d5e1190 code [0x000000011d5e1320, 0x000000011d5e1470]
Event: 14.996 Thread 0x00007fa479833c00 1176       1       java.lang.reflect.Field::getType (5 bytes)
Event: 14.996 Thread 0x00007fa479833c00 nmethod 1176 0x0000000124992090 code [0x0000000124992220, 0x00000001249922f0]
Event: 14.996 Thread 0x00007fa479833c00 1177       1       java.lang.reflect.Field::getDeclaringClass (5 bytes)
Event: 14.996 Thread 0x00007fa479833c00 nmethod 1177 0x0000000124992390 code [0x0000000124992520, 0x00000001249925f0]
Event: 14.996 Thread 0x00007fa479833c00 1178       1       java.lang.reflect.Field::getRoot (5 bytes)
Event: 14.996 Thread 0x00007fa479833c00 nmethod 1178 0x0000000124992690 code [0x0000000124992820, 0x00000001249928f0]
Event: 14.996 Thread 0x00007fa479833c00 1169       3       java.nio.DirectByteBufferR::<init> (21 bytes)
Event: 14.996 Thread 0x00007fa479833c00 nmethod 1169 0x000000011d5e1510 code [0x000000011d5e16c0, 0x000000011d5e1820]
Event: 14.996 Thread 0x00007fa479833c00 1170       3       java.nio.DirectByteBufferR::slice (66 bytes)
Event: 14.997 Thread 0x00007fa479833c00 nmethod 1170 0x000000011d5e1910 code [0x000000011d5e1ac0, 0x000000011d5e1d40]
Event: 14.997 Thread 0x00007fa479833c00 1171       3       jdk.internal.loader.BuiltinClassLoader::moduleReaderFor (45 bytes)
Event: 14.997 Thread 0x00007fa479833c00 nmethod 1171 0x000000011d5e1e10 code [0x000000011d5e2000, 0x000000011d5e2730]
Event: 14.997 Thread 0x00007fa479833c00 1167       3       jdk.internal.jimage.BasicImageReader::getString (49 bytes)
Event: 14.997 Thread 0x00007fa479833c00 nmethod 1167 0x000000011d5e2910 code [0x000000011d5e2ae0, 0x000000011d5e2de0]

GC Heap History (4 events):
Event: 1.003 GC heap before
{Heap before GC invocations=0 (full 0):
 garbage-first heap   total 133120K, used 14280K [0x0000000780000000, 0x0000000800000000)
  region size 1024K, 13 young (13312K), 0 survivors (0K)
 Metaspace       used 3880K, committed 4032K, reserved 1056768K
  class space    used 302K, committed 384K, reserved 1048576K
}
Event: 1.010 GC heap after
{Heap after GC invocations=1 (full 0):
 garbage-first heap   total 133120K, used 2430K [0x0000000780000000, 0x0000000800000000)
  region size 1024K, 2 young (2048K), 2 survivors (2048K)
 Metaspace       used 3880K, committed 4032K, reserved 1056768K
  class space    used 302K, committed 384K, reserved 1048576K
}
Event: 1.371 GC heap before
{Heap before GC invocations=1 (full 0):
 garbage-first heap   total 133120K, used 19838K [0x0000000780000000, 0x0000000800000000)
  region size 1024K, 20 young (20480K), 2 survivors (2048K)
 Metaspace       used 8466K, committed 8640K, reserved 1064960K
  class space    used 639K, committed 704K, reserved 1048576K
}
Event: 1.375 GC heap after
{Heap after GC invocations=2 (full 0):
 garbage-first heap   total 133120K, used 2813K [0x0000000780000000, 0x0000000800000000)
  region size 1024K, 2 young (2048K), 2 survivors (2048K)
 Metaspace       used 8466K, committed 8640K, reserved 1064960K
  class space    used 639K, committed 704K, reserved 1048576K
}

Deoptimization events (20 events):
Event: 14.931 Thread 0x00007fa4799d7800 Uncommon trap: trap_request=0xffffff45 fr.pc=0x000000012496a7e4 relative=0x0000000000000f24
Event: 14.931 Thread 0x00007fa4799d7800 Uncommon trap: reason=unstable_if action=reinterpret pc=0x000000012496a7e4 method=jdk.internal.util.jar.JarIndex.get(Ljava/lang/String;)Ljava/util/LinkedList; @ 27 c2
Event: 14.931 Thread 0x00007fa4799d7800 DEOPT PACKING pc=0x000000012496a7e4 sp=0x00007000072934e0
Event: 14.931 Thread 0x00007fa4799d7800 DEOPT UNPACKING pc=0x000000011ceab424 sp=0x00007000072934b8 mode 2
Event: 14.942 Thread 0x00007fa4799d7800 Uncommon trap: trap_request=0xffffffc6 fr.pc=0x00000001249376f8 relative=0x0000000000000318
Event: 14.942 Thread 0x00007fa4799d7800 Uncommon trap: reason=bimorphic_or_optimized_type_check action=maybe_recompile pc=0x00000001249376f8 method=java.util.regex.Pattern$BmpCharPredicate.lambda$union$2(Ljava/util/regex/Pattern$CharPredicate;I)Z @ 2 c2
Event: 14.942 Thread 0x00007fa4799d7800 DEOPT PACKING pc=0x00000001249376f8 sp=0x00007000072940d0
Event: 14.942 Thread 0x00007fa4799d7800 DEOPT UNPACKING pc=0x000000011ceab424 sp=0x0000700007293f50 mode 2
Event: 14.949 Thread 0x00007fa4799d7800 Uncommon trap: trap_request=0xffffff45 fr.pc=0x0000000124963264 relative=0x0000000000000b04
Event: 14.949 Thread 0x00007fa4799d7800 Uncommon trap: reason=unstable_if action=reinterpret pc=0x0000000124963264 method=java.util.jar.JarFile.getVersionedEntry(Ljava/lang/String;Ljava/util/jar/JarEntry;)Ljava/util/jar/JarEntry; @ 26 c2
Event: 14.949 Thread 0x00007fa4799d7800 DEOPT PACKING pc=0x0000000124963264 sp=0x0000700007294b70
Event: 14.949 Thread 0x00007fa4799d7800 DEOPT UNPACKING pc=0x000000011ceab424 sp=0x0000700007294b48 mode 2
Event: 14.982 Thread 0x00007fa4799d7800 Uncommon trap: trap_request=0xffffffc6 fr.pc=0x00000001249376f8 relative=0x0000000000000318
Event: 14.982 Thread 0x00007fa4799d7800 Uncommon trap: reason=bimorphic_or_optimized_type_check action=maybe_recompile pc=0x00000001249376f8 method=java.util.regex.Pattern$BmpCharPredicate.lambda$union$2(Ljava/util/regex/Pattern$CharPredicate;I)Z @ 2 c2
Event: 14.982 Thread 0x00007fa4799d7800 DEOPT PACKING pc=0x00000001249376f8 sp=0x00007000072944b0
Event: 14.982 Thread 0x00007fa4799d7800 DEOPT UNPACKING pc=0x000000011ceab424 sp=0x0000700007294330 mode 2
Event: 14.982 Thread 0x00007fa4799d7800 Uncommon trap: trap_request=0xffffffc6 fr.pc=0x0000000124938120 relative=0x0000000000000340
Event: 14.982 Thread 0x00007fa4799d7800 Uncommon trap: reason=bimorphic_or_optimized_type_check action=maybe_recompile pc=0x0000000124938120 method=java.util.regex.Pattern$BmpCharPredicate.lambda$union$2(Ljava/util/regex/Pattern$CharPredicate;I)Z @ 2 c2
Event: 14.982 Thread 0x00007fa4799d7800 DEOPT PACKING pc=0x0000000124938120 sp=0x0000700007294440
Event: 14.982 Thread 0x00007fa4799d7800 DEOPT UNPACKING pc=0x000000011ceab424 sp=0x0000700007294330 mode 2

Classes unloaded (0 events):
No events

Classes redefined (0 events):
No events

Internal exceptions (16 events):
Event: 0.393 Thread 0x00007fa478008c00 Exception <a 'java/lang/NoSuchMethodError'{0x0000000787e234c8}: 'void java.lang.invoke.DirectMethodHandle$Holder.invokeSpecial(java.lang.Object, java.lang.Object, java.lang.Object)'> (0x0000000787e234c8) 
thrown [./open/src/hotspot/share/interpreter/linkResolver.cpp, line 790]
Event: 0.456 Thread 0x00007fa478008c00 Exception <a 'java/lang/NoSuchMethodError'{0x0000000787eacd68}: 'java.lang.Object java.lang.invoke.DirectMethodHandle$Holder.invokeStatic(java.lang.Object, int, java.lang.Object)'> (0x0000000787eacd68) 
thrown [./open/src/hotspot/share/interpreter/linkResolver.cpp, line 790]
Event: 1.424 Thread 0x00007fa4799d7800 Exception <a 'java/lang/NoSuchMethodError'{0x0000000787e81930}: 'java.lang.Object java.lang.invoke.DirectMethodHandle$Holder.invokeStatic(java.lang.Object)'> (0x0000000787e81930) 
thrown [./open/src/hotspot/share/interpreter/linkResolver.cpp, line 790]
Event: 1.426 Thread 0x00007fa4799d7800 Exception <a 'java/lang/NoSuchMethodError'{0x0000000787e87630}: 'java.lang.Object java.lang.invoke.DirectMethodHandle$Holder.invokeStaticInit(java.lang.Object)'> (0x0000000787e87630) 
thrown [./open/src/hotspot/share/interpreter/linkResolver.cpp, line 790]
Event: 1.476 Thread 0x00007fa4799d7800 Exception <a 'java/lang/ClassNotFoundException'{0x0000000787e90098}: sun/awt/resources/spi/awtProvider> (0x0000000787e90098) 
thrown [./open/src/hotspot/share/classfile/systemDictionary.cpp, line 256]
Event: 1.525 Thread 0x00007fa4799d7800 Exception <a 'java/io/FileNotFoundException'{0x0000000787ed62f8}> (0x0000000787ed62f8) 
thrown [./open/src/hotspot/share/prims/jni.cpp, line 579]
Event: 1.555 Thread 0x00007fa4799d7800 Exception <a 'java/io/FileNotFoundException'{0x0000000787d04e88}> (0x0000000787d04e88) 
thrown [./open/src/hotspot/share/prims/jni.cpp, line 579]
Event: 1.588 Thread 0x00007fa4799d7800 Exception <a 'java/lang/ClassNotFoundException'{0x0000000787d06570}: sun/awt/resources/spi/awtosxProvider> (0x0000000787d06570) 
thrown [./open/src/hotspot/share/classfile/systemDictionary.cpp, line 256]
Event: 1.616 Thread 0x00007fa478008c00 Exception <a 'java/lang/NoSuchMethodError'{0x0000000787e640a8}: 'void java.lang.invoke.DirectMethodHandle$Holder.invokeStatic(java.lang.Object, java.lang.Object)'> (0x0000000787e640a8) 
thrown [./open/src/hotspot/share/interpreter/linkResolver.cpp, line 790]
Event: 1.634 Thread 0x00007fa478008c00 Exception <a 'java/net/ConnectException'{0x0000000787e6dcd8}> (0x0000000787e6dcd8) 
thrown [./open/src/hotspot/share/prims/jni.cpp, line 579]
Event: 1.700 Thread 0x00007fa478008c00 Exception <a 'java/lang/NoClassDefFoundError'{0x0000000787b3c078}: JSHRAC> (0x0000000787b3c078) 
thrown [./open/src/hotspot/share/classfile/systemDictionary.cpp, line 245]
Event: 14.891 Thread 0x00007fa4799d7800 Exception <a 'java/lang/NoSuchMethodError'{0x0000000787d568c0}: 'java.lang.Object java.lang.invoke.DirectMethodHandle$Holder.invokeStatic(java.lang.Object, java.lang.Object, int)'> (0x0000000787d568c0) 
thrown [./open/src/hotspot/share/interpreter/linkResolver.cpp, line 790]
Event: 14.893 Thread 0x00007fa4799d7800 Exception <a 'java/lang/NoSuchMethodError'{0x0000000787d629b0}: 'void java.lang.invoke.DelegatingMethodHandle$Holder.delegate(java.lang.Object, java.lang.Object, int, java.lang.Object)'> (0x0000000787d629b0) 
thrown [./open/src/hotspot/share/interpreter/linkResolver.cpp, line 790]
Event: 14.893 Thread 0x00007fa4799d7800 Exception <a 'java/lang/NoSuchMethodError'{0x0000000787d66be0}: 'int java.lang.invoke.DirectMethodHandle$Holder.invokeSpecial(java.lang.Object, java.lang.Object, java.lang.Object)'> (0x0000000787d66be0) 
thrown [./open/src/hotspot/share/interpreter/linkResolver.cpp, line 790]
Event: 14.925 Thread 0x00007fa4799d7800 Exception <a 'sun/nio/fs/UnixException'{0x000000078781b6b0}> (0x000000078781b6b0) 
thrown [./open/src/hotspot/share/prims/jni.cpp, line 579]
Event: 14.980 Thread 0x00007fa4799d7800 Exception <a 'sun/nio/fs/UnixException'{0x000000078785dc98}> (0x000000078785dc98) 
thrown [./open/src/hotspot/share/prims/jni.cpp, line 579]

Events (20 events):
Event: 14.936 loading class sun/misc/Unsafe
Event: 14.936 loading class sun/misc/Unsafe done
Event: 14.936 loading class jdk/internal/module/IllegalAccessLogger
Event: 14.937 loading class jdk/internal/module/IllegalAccessLogger done
Event: 14.937 loading class jdk/internal/reflect/UnsafeFieldAccessorFactory
Event: 14.937 loading class jdk/internal/reflect/UnsafeFieldAccessorFactory done
Event: 14.937 loading class jdk/internal/reflect/UnsafeQualifiedStaticObjectFieldAccessorImpl
Event: 14.937 loading class jdk/internal/reflect/UnsafeQualifiedStaticFieldAccessorImpl
Event: 14.937 loading class jdk/internal/reflect/UnsafeQualifiedStaticFieldAccessorImpl done
Event: 14.937 loading class jdk/internal/reflect/UnsafeQualifiedStaticObjectFieldAccessorImpl done
Event: 14.938 loading class java/nio/BufferOverflowException
Event: 14.938 loading class java/nio/BufferOverflowException done
Event: 14.938 loading class java/nio/InvalidMarkException
Event: 14.938 loading class java/nio/InvalidMarkException done
Event: 14.938 loading class java/nio/BufferUnderflowException
Event: 14.940 loading class java/nio/BufferUnderflowException done
Event: 14.980 loading class java/lang/NoSuchFieldError
Event: 14.980 loading class java/lang/NoSuchFieldError done
Event: 14.984 loading class jdk/internal/reflect/UnsafeQualifiedStaticIntegerFieldAccessorImpl
Event: 14.984 loading class jdk/internal/reflect/UnsafeQualifiedStaticIntegerFieldAccessorImpl done


Dynamic libraries:
0x00007fff2a614000 	/usr/lib/libz.1.dylib
0x000000010dd3c000 	/Library/Java/JavaVirtualMachines/jdk-16.0.2.jdk/Contents/Home/lib/libjli.dylib
0x00007fff3504d000 	/System/Library/Frameworks/Cocoa.framework/Versions/A/Cocoa
0x00007fff22393000 	/System/Library/Frameworks/Security.framework/Versions/A/Security
0x00007fff33255000 	/System/Library/Frameworks/ApplicationServices.framework/Versions/A/ApplicationServices
0x00007fff2a6dc000 	/usr/lib/libSystem.B.dylib
0x00007fff2a6d6000 	/usr/lib/system/libcache.dylib
0x00007fff2a692000 	/usr/lib/system/libcommonCrypto.dylib
0x00007fff2a6bc000 	/usr/lib/system/libcompiler_rt.dylib
0x00007fff2a6b1000 	/usr/lib/system/libcopyfile.dylib
0x00007fff2028c000 	/usr/lib/system/libcorecrypto.dylib
0x00007fff20357000 	/usr/lib/system/libdispatch.dylib
0x00007fff2050a000 	/usr/lib/system/libdyld.dylib
0x00007fff2a6cd000 	/usr/lib/system/libkeymgr.dylib
0x00007fff2dae5000 	/usr/lib/system/liblaunch.dylib
0x00007fff2a670000 	/usr/lib/system/libmacho.dylib
0x00007fff29e68000 	/usr/lib/system/libquarantine.dylib
0x00007fff2a6ca000 	/usr/lib/system/libremovefile.dylib
0x00007fff24d6e000 	/usr/lib/system/libsystem_asl.dylib
0x00007fff2023c000 	/usr/lib/system/libsystem_blocks.dylib
0x00007fff203d9000 	/usr/lib/system/libsystem_c.dylib
0x00007fff2a6c4000 	/usr/lib/system/libsystem_collections.dylib
0x00007fff2916e000 	/usr/lib/system/libsystem_configuration.dylib
0x00007fff2845a000 	/usr/lib/system/libsystem_containermanager.dylib
0x00007fff2a413000 	/usr/lib/system/libsystem_coreservices.dylib
0x00007fff2294b000 	/usr/lib/system/libsystem_darwin.dylib
0x00007fff2a6ce000 	/usr/lib/system/libsystem_dnssd.dylib
0x00007fff203d6000 	/usr/lib/system/libsystem_featureflags.dylib
0x00007fff20550000 	/usr/lib/system/libsystem_info.dylib
0x00007fff2a627000 	/usr/lib/system/libsystem_m.dylib
0x00007fff2032a000 	/usr/lib/system/libsystem_malloc.dylib
0x00007fff24d01000 	/usr/lib/system/libsystem_networkextension.dylib
0x00007fff22d6a000 	/usr/lib/system/libsystem_notify.dylib
0x00007fff2ff7c000 	/usr/lib/system/libsystem_product_info_filter.dylib
0x00007fff29172000 	/usr/lib/system/libsystem_sandbox.dylib
0x00007fff2a6c7000 	/usr/lib/system/libsystem_secinit.dylib
0x00007fff204ce000 	/usr/lib/system/libsystem_kernel.dylib
0x00007fff20546000 	/usr/lib/system/libsystem_platform.dylib
0x00007fff204fe000 	/usr/lib/system/libsystem_pthread.dylib
0x00007fff2644b000 	/usr/lib/system/libsystem_symptoms.dylib
0x00007fff20274000 	/usr/lib/system/libsystem_trace.dylib
0x00007fff2a69e000 	/usr/lib/system/libunwind.dylib
0x00007fff2023e000 	/usr/lib/system/libxpc.dylib
0x00007fff204b8000 	/usr/lib/libc++abi.dylib
0x00007fff2039c000 	/usr/lib/libobjc.A.dylib
0x00007fff2a6a9000 	/usr/lib/liboah.dylib
0x00007fff20462000 	/usr/lib/libc++.1.dylib
0x00007fff2057c000 	/System/Library/Frameworks/CoreFoundation.framework/Versions/A/CoreFoundation
0x00007fff2132b000 	/System/Library/Frameworks/Foundation.framework/Versions/C/Foundation
0x00007fff22dc4000 	/System/Library/Frameworks/AppKit.framework/Versions/C/AppKit
0x00007fff25c87000 	/System/Library/Frameworks/CoreData.framework/Versions/A/CoreData
0x00007fff23b0f000 	/System/Library/PrivateFrameworks/UIFoundation.framework/Versions/A/UIFoundation
0x00007fff2fd0f000 	/System/Library/PrivateFrameworks/RemoteViewServices.framework/Versions/A/RemoteViewServices
0x00007fff28b20000 	/System/Library/PrivateFrameworks/XCTTargetBootstrap.framework/Versions/A/XCTTargetBootstrap
0x00007fff2b805000 	/usr/lib/libspindump.dylib
0x00007fff23d5e000 	/System/Library/Frameworks/UniformTypeIdentifiers.framework/Versions/A/UniformTypeIdentifiers
0x00007fff27324000 	/usr/lib/libapp_launch_measurement.dylib
0x00007fff27327000 	/System/Library/PrivateFrameworks/CoreAutoLayout.framework/Versions/A/CoreAutoLayout
0x00007fff28487000 	/System/Library/Frameworks/Metal.framework/Versions/A/Metal
0x00007fff2917d000 	/usr/lib/liblangid.dylib
0x00007fff28b24000 	/System/Library/PrivateFrameworks/CoreSVG.framework/Versions/A/CoreSVG
0x00007fff24d9e000 	/System/Library/PrivateFrameworks/SkyLight.framework/Versions/A/SkyLight
0x00007fff25104000 	/System/Library/Frameworks/CoreGraphics.framework/Versions/A/CoreGraphics
0x00007fff30236000 	/System/Library/Frameworks/Accelerate.framework/Versions/A/Accelerate
0x00007fff2b243000 	/System/Library/PrivateFrameworks/IconServices.framework/Versions/A/IconServices
0x00007fff2846b000 	/System/Library/Frameworks/IOSurface.framework/Versions/A/IOSurface
0x00007fff2660f000 	/usr/lib/libDiagnosticMessagesClient.dylib
0x00007fff28b0c000 	/System/Library/PrivateFrameworks/DFRFoundation.framework/Versions/A/DFRFoundation
0x00007fff226eb000 	/usr/lib/libicucore.A.dylib
0x00007fff2cd4e000 	/System/Library/Frameworks/AudioToolbox.framework/Versions/A/AudioToolbox
0x00007fff2bfd6000 	/System/Library/PrivateFrameworks/DataDetectorsCore.framework/Versions/A/DataDetectorsCore
0x00007fff24d11000 	/usr/lib/libMobileGestalt.dylib
0x00007fff28810000 	/System/Library/Frameworks/Carbon.framework/Versions/A/Frameworks/HIToolbox.framework/Versions/A/HIToolbox
0x00007fff26d69000 	/System/Library/Frameworks/QuartzCore.framework/Versions/A/QuartzCore
0x00007fff2fd47000 	/System/Library/Frameworks/Carbon.framework/Versions/A/Frameworks/SpeechRecognition.framework/Versions/A/SpeechRecognition
0x00007fff27089000 	/System/Library/PrivateFrameworks/CoreUI.framework/Versions/A/CoreUI
0x00007fff21d01000 	/System/Library/Frameworks/CoreAudio.framework/Versions/A/CoreAudio
0x00007fff266fa000 	/System/Library/Frameworks/DiskArbitration.framework/Versions/A/DiskArbitration
0x00007fff2bbd3000 	/System/Library/PrivateFrameworks/MultitouchSupport.framework/Versions/A/MultitouchSupport
0x00007fff2bfcd000 	/System/Library/PrivateFrameworks/InternationalSupport.framework/Versions/A/InternationalSupport
0x00007fff24d10000 	/usr/lib/libenergytrace.dylib
0x00007fff22cbb000 	/System/Library/Frameworks/IOKit.framework/Versions/A/IOKit
0x00007fff3007a000 	/System/Library/Frameworks/CoreServices.framework/Versions/A/CoreServices
0x00007fff272b6000 	/System/Library/PrivateFrameworks/PerformanceAnalysis.framework/Versions/A/PerformanceAnalysis
0x00007fff6bbe5000 	/System/Library/Frameworks/OpenGL.framework/Versions/A/OpenGL
0x00007fff2c051000 	/System/Library/PrivateFrameworks/UserActivity.framework/Versions/A/UserActivity
0x00007fff2578e000 	/System/Library/Frameworks/ColorSync.framework/Versions/A/ColorSync
0x00007fff28d8b000 	/System/Library/Frameworks/CoreImage.framework/Versions/A/CoreImage
0x00007fff21b1b000 	/System/Library/Frameworks/CoreText.framework/Versions/A/CoreText
0x00007fff28b4e000 	/System/Library/Frameworks/ImageIO.framework/Versions/A/ImageIO
0x00007fff2a6e2000 	/System/Library/PrivateFrameworks/SoftLinking.framework/Versions/A/SoftLinking
0x00007fff2736f000 	/usr/lib/libxml2.2.dylib
0x00007fff2a953000 	/usr/lib/libcompression.dylib
0x00007fff2beff000 	/System/Library/PrivateFrameworks/TextureIO.framework/Versions/A/TextureIO
0x00007fff2af82000 	/usr/lib/libate.dylib
0x00007fff2ad67000 	/usr/lib/liblzma.5.dylib
0x00007fff2103f000 	/System/Library/Frameworks/SystemConfiguration.framework/Versions/A/SystemConfiguration
0x00007fff2a6de000 	/usr/lib/libfakelink.dylib
0x00007fff24862000 	/System/Library/Frameworks/CFNetwork.framework/Versions/A/CFNetwork
0x00007fff2a81e000 	/usr/lib/libarchive.2.dylib
0x00007fff210bd000 	/usr/lib/libCRFSuite.dylib
0x00007fff29e8f000 	/usr/lib/libbsm.0.dylib
0x00007fff241db000 	/usr/lib/libnetwork.dylib
0x00007fff2a6e3000 	/usr/lib/libpcap.A.dylib
0x00007fff26444000 	/usr/lib/libdns_services.dylib
0x00007fff2ad80000 	/usr/lib/libcoretls_cfhelpers.dylib
0x00007fff2a91d000 	/usr/lib/libapple_nghttp2.dylib
0x00007fff2a676000 	/usr/lib/system/libkxld.dylib
0x00007fff260bd000 	/usr/lib/libsqlite3.dylib
0x00007fff2a3f6000 	/System/Library/PrivateFrameworks/AppleFSCompression.framework/Versions/A/AppleFSCompression
0x00007fff29e77000 	/usr/lib/libcoretls.dylib
0x00007fff2a94e000 	/usr/lib/libpam.2.dylib
0x00007fff2ae7e000 	/usr/lib/libxar.1.dylib
0x00007fff29179000 	/System/Library/PrivateFrameworks/AppleSystemInfo.framework/Versions/A/AppleSystemInfo
0x00007fff29ab9000 	/System/Library/PrivateFrameworks/IOMobileFramebuffer.framework/Versions/A/IOMobileFramebuffer
0x00007fff2a406000 	/usr/lib/libbz2.1.0.dylib
0x00007fff2a71b000 	/usr/lib/libiconv.2.dylib
0x00007fff2a66f000 	/usr/lib/libcharset.1.dylib
0x00007fff272f2000 	/System/Library/Frameworks/CoreServices.framework/Versions/A/Frameworks/FSEvents.framework/Versions/A/FSEvents
0x00007fff22955000 	/System/Library/Frameworks/CoreServices.framework/Versions/A/Frameworks/CarbonCore.framework/Versions/A/CarbonCore
0x00007fff2665f000 	/System/Library/Frameworks/CoreServices.framework/Versions/A/Frameworks/Metadata.framework/Versions/A/Metadata
0x00007fff2a418000 	/System/Library/Frameworks/CoreServices.framework/Versions/A/Frameworks/OSServices.framework/Versions/A/OSServices
0x00007fff2a890000 	/System/Library/Frameworks/CoreServices.framework/Versions/A/Frameworks/SearchKit.framework/Versions/A/SearchKit
0x00007fff263cf000 	/System/Library/Frameworks/CoreServices.framework/Versions/A/Frameworks/AE.framework/Versions/A/AE
0x00007fff20a1a000 	/System/Library/Frameworks/CoreServices.framework/Versions/A/Frameworks/LaunchServices.framework/Versions/A/LaunchServices
0x00007fff2ad17000 	/System/Library/Frameworks/CoreServices.framework/Versions/A/Frameworks/DictionaryServices.framework/Versions/A/DictionaryServices
0x00007fff272ff000 	/System/Library/Frameworks/CoreServices.framework/Versions/A/Frameworks/SharedFileList.framework/Versions/A/SharedFileList
0x00007fff29e6b000 	/usr/lib/libCheckFix.dylib
0x00007fff24d85000 	/System/Library/PrivateFrameworks/TCC.framework/Versions/A/TCC
0x00007fff2917f000 	/System/Library/PrivateFrameworks/CoreNLP.framework/Versions/A/CoreNLP
0x00007fff26612000 	/System/Library/PrivateFrameworks/MetadataUtilities.framework/Versions/A/MetadataUtilities
0x00007fff210f2000 	/usr/lib/libmecabra.dylib
0x00007fff2a175000 	/System/Library/Frameworks/MLCompute.framework/Versions/A/MLCompute
0x00007fff29ea0000 	/usr/lib/libmecab.dylib
0x00007fff29eea000 	/usr/lib/libgermantok.dylib
0x00007fff2a8f8000 	/usr/lib/libThaiTokenizer.dylib
0x00007fff2aeb9000 	/usr/lib/libChineseTokenizer.dylib
0x00007fff2a94c000 	/System/Library/Frameworks/MetalPerformanceShaders.framework/Versions/A/MetalPerformanceShaders
0x00007fff26701000 	/System/Library/Frameworks/Accelerate.framework/Versions/A/Frameworks/vImage.framework/Versions/A/vImage
0x00007fff30054000 	/System/Library/Frameworks/Accelerate.framework/Versions/A/Frameworks/vecLib.framework/Versions/A/vecLib
0x00007fff2aec4000 	/System/Library/Frameworks/Accelerate.framework/Versions/A/Frameworks/vecLib.framework/Versions/A/libvMisc.dylib
0x00007fff298d4000 	/System/Library/Frameworks/Accelerate.framework/Versions/A/Frameworks/vecLib.framework/Versions/A/libvDSP.dylib
0x00007fff20d25000 	/System/Library/Frameworks/Accelerate.framework/Versions/A/Frameworks/vecLib.framework/Versions/A/libBLAS.dylib
0x00007fff2a979000 	/System/Library/Frameworks/Accelerate.framework/Versions/A/Frameworks/vecLib.framework/Versions/A/libLAPACK.dylib
0x00007fff29ef0000 	/System/Library/Frameworks/Accelerate.framework/Versions/A/Frameworks/vecLib.framework/Versions/A/libLinearAlgebra.dylib
0x00007fff2a935000 	/System/Library/Frameworks/Accelerate.framework/Versions/A/Frameworks/vecLib.framework/Versions/A/libSparseBLAS.dylib
0x00007fff2a973000 	/System/Library/Frameworks/Accelerate.framework/Versions/A/Frameworks/vecLib.framework/Versions/A/libQuadrature.dylib
0x00007fff2922b000 	/System/Library/Frameworks/Accelerate.framework/Versions/A/Frameworks/vecLib.framework/Versions/A/libBNNS.dylib
0x00007fff20fd0000 	/System/Library/Frameworks/Accelerate.framework/Versions/A/Frameworks/vecLib.framework/Versions/A/libSparse.dylib
0x00007fff29107000 	/System/Library/Frameworks/MetalPerformanceShaders.framework/Versions/A/Frameworks/MPSCore.framework/Versions/A/MPSCore
0x00007fff2a365000 	/System/Library/Frameworks/MetalPerformanceShaders.framework/Versions/A/Frameworks/MPSImage.framework/Versions/A/MPSImage
0x00007fff29f06000 	/System/Library/Frameworks/MetalPerformanceShaders.framework/Versions/A/Frameworks/MPSNeuralNetwork.framework/Versions/A/MPSNeuralNetwork
0x00007fff2a2d7000 	/System/Library/Frameworks/MetalPerformanceShaders.framework/Versions/A/Frameworks/MPSMatrix.framework/Versions/A/MPSMatrix
0x00007fff2a125000 	/System/Library/Frameworks/MetalPerformanceShaders.framework/Versions/A/Frameworks/MPSRayIntersector.framework/Versions/A/MPSRayIntersector
0x00007fff2a30e000 	/System/Library/Frameworks/MetalPerformanceShaders.framework/Versions/A/Frameworks/MPSNDArray.framework/Versions/A/MPSNDArray
0x00007fff20c50000 	/System/Library/PrivateFrameworks/MetalTools.framework/Versions/A/MetalTools
0x00007fff29177000 	/System/Library/PrivateFrameworks/AggregateDictionary.framework/Versions/A/AggregateDictionary
0x00007fff265df000 	/System/Library/PrivateFrameworks/CoreAnalytics.framework/Versions/A/CoreAnalytics
0x00007fff2a8fa000 	/System/Library/PrivateFrameworks/AppleSauce.framework/Versions/A/AppleSauce
0x00007fff2847d000 	/System/Library/PrivateFrameworks/IOAccelerator.framework/Versions/A/IOAccelerator
0x00007fff6bbd9000 	/System/Library/Frameworks/OpenGL.framework/Versions/A/Libraries/libCoreFSCache.dylib
0x00007fff2168a000 	/System/Library/PrivateFrameworks/LanguageModeling.framework/Versions/A/LanguageModeling
0x00007fff29aa7000 	/System/Library/PrivateFrameworks/CoreEmoji.framework/Versions/A/CoreEmoji
0x00007fff29224000 	/System/Library/PrivateFrameworks/LinguisticData.framework/Versions/A/LinguisticData
0x00007fff20f82000 	/System/Library/PrivateFrameworks/Lexicon.framework/Versions/A/Lexicon
0x00007fff2a80c000 	/usr/lib/libcmph.dylib
0x00007fff272d2000 	/System/Library/Frameworks/OpenDirectory.framework/Versions/A/Frameworks/CFOpenDirectory.framework/Versions/A/CFOpenDirectory
0x00007fff272c2000 	/System/Library/Frameworks/OpenDirectory.framework/Versions/A/OpenDirectory
0x00007fff2ad82000 	/System/Library/PrivateFrameworks/APFS.framework/Versions/A/APFS
0x00007fff29dcd000 	/System/Library/Frameworks/SecurityFoundation.framework/Versions/A/SecurityFoundation
0x00007fff2ae8c000 	/usr/lib/libutil.dylib
0x00007fff22c80000 	/System/Library/PrivateFrameworks/CoreServicesStore.framework/Versions/A/CoreServicesStore
0x00007fff29e63000 	/System/Library/Frameworks/ServiceManagement.framework/Versions/A/ServiceManagement
0x00007fff2ae90000 	/usr/lib/libxslt.1.dylib
0x00007fff29e59000 	/System/Library/PrivateFrameworks/BackgroundTaskManagement.framework/Versions/A/BackgroundTaskManagement
0x00007fff2be49000 	/System/Library/Frameworks/ImageIO.framework/Versions/A/Resources/libRadiance.dylib
0x00007fff2be53000 	/System/Library/Frameworks/ImageIO.framework/Versions/A/Resources/libJPEG.dylib
0x00007fff2bd9d000 	/System/Library/Frameworks/ImageIO.framework/Versions/A/Resources/libPng.dylib
0x00007fff2bdc4000 	/System/Library/Frameworks/ImageIO.framework/Versions/A/Resources/libTIFF.dylib
0x00007fff2bea8000 	/System/Library/Frameworks/ImageIO.framework/Versions/A/Resources/libGIF.dylib
0x00007fff2baef000 	/System/Library/Frameworks/ImageIO.framework/Versions/A/Resources/libJP2.dylib
0x00007fff2b20b000 	/usr/lib/libexpat.1.dylib
0x00007fff2baa5000 	/System/Library/PrivateFrameworks/AppleJPEG.framework/Versions/A/AppleJPEG
0x00007fff286b3000 	/System/Library/PrivateFrameworks/FontServices.framework/libFontParser.dylib
0x00007fff26386000 	/System/Library/PrivateFrameworks/RunningBoardServices.framework/Versions/A/RunningBoardServices
0x00007fff2bbcf000 	/System/Library/PrivateFrameworks/WatchdogClient.framework/Versions/A/WatchdogClient
0x00007fff21773000 	/System/Library/Frameworks/CoreDisplay.framework/Versions/A/CoreDisplay
0x00007fff285c8000 	/System/Library/Frameworks/CoreMedia.framework/Versions/A/CoreMedia
0x00007fff27452000 	/System/Library/Frameworks/CoreVideo.framework/Versions/A/CoreVideo
0x00007fff2bc0a000 	/System/Library/Frameworks/VideoToolbox.framework/Versions/A/VideoToolbox
0x00007fff26306000 	/System/Library/PrivateFrameworks/BaseBoard.framework/Versions/A/BaseBoard
0x00007fff2b34f000 	/System/Library/PrivateFrameworks/PersistentConnection.framework/Versions/A/PersistentConnection
0x00007fff260a7000 	/System/Library/PrivateFrameworks/ProtocolBuffer.framework/Versions/A/ProtocolBuffer
0x00007fff262ee000 	/System/Library/PrivateFrameworks/CommonUtilities.framework/Versions/A/CommonUtilities
0x00007fff2ba68000 	/System/Library/PrivateFrameworks/Bom.framework/Versions/A/Bom
0x00007fff2be41000 	/System/Library/PrivateFrameworks/GPUWrangler.framework/Versions/A/GPUWrangler
0x00007fff2be24000 	/System/Library/PrivateFrameworks/IOPresentment.framework/Versions/A/IOPresentment
0x00007fff2be4d000 	/System/Library/PrivateFrameworks/DSExternalDisplay.framework/Versions/A/DSExternalDisplay
0x00007fff2bead000 	/System/Library/PrivateFrameworks/CMCaptureCore.framework/Versions/A/CMCaptureCore
0x00007fff2b7eb000 	/System/Library/PrivateFrameworks/AppServerSupport.framework/Versions/A/AppServerSupport
0x00007fff2d888000 	/System/Library/PrivateFrameworks/perfdata.framework/Versions/A/perfdata
0x00007fff29dbc000 	/System/Library/PrivateFrameworks/AssertionServices.framework/Versions/A/AssertionServices
0x00007fff218aa000 	/System/Library/PrivateFrameworks/AudioToolboxCore.framework/Versions/A/AudioToolboxCore
0x00007fff285ab000 	/System/Library/PrivateFrameworks/caulk.framework/Versions/A/caulk
0x00007fff3cd34000 	/System/Library/PrivateFrameworks/SystemPolicy.framework/Versions/A/SystemPolicy
0x00007fff2b01a000 	/usr/lib/libIOReport.dylib
0x00007fff2d0c4000 	/usr/lib/libSMC.dylib
0x00007fff2bd69000 	/usr/lib/libAudioToolboxUtility.dylib
0x00007fff3d691000 	/usr/lib/libmis.dylib
0x00007fff6bc35000 	/System/Library/Frameworks/OpenGL.framework/Versions/A/Libraries/libGLU.dylib
0x00007fff6bbf8000 	/System/Library/Frameworks/OpenGL.framework/Versions/A/Libraries/libGFXShared.dylib
0x00007fff6be06000 	/System/Library/Frameworks/OpenGL.framework/Versions/A/Libraries/libGL.dylib
0x00007fff6bc01000 	/System/Library/Frameworks/OpenGL.framework/Versions/A/Libraries/libGLImage.dylib
0x00007fff6bbf5000 	/System/Library/Frameworks/OpenGL.framework/Versions/A/Libraries/libCVMSPluginSupport.dylib
0x00007fff6bbe0000 	/System/Library/Frameworks/OpenGL.framework/Versions/A/Libraries/libCoreVMClient.dylib
0x00007fff6d250000 	/System/Library/Frameworks/OpenCL.framework/Versions/A/OpenCL
0x00007fff2b378000 	/System/Library/PrivateFrameworks/GraphVisualizer.framework/Versions/A/GraphVisualizer
0x00007fff2b387000 	/System/Library/PrivateFrameworks/FaceCore.framework/Versions/A/FaceCore
0x00007fff2b7a3000 	/System/Library/PrivateFrameworks/OTSVG.framework/Versions/A/OTSVG
0x00007fff27047000 	/System/Library/Frameworks/ApplicationServices.framework/Versions/A/Frameworks/ATS.framework/Versions/A/Resources/libFontRegistry.dylib
0x00007fff2b7f2000 	/System/Library/PrivateFrameworks/FontServices.framework/libhvf.dylib
0x00007fff2b1b7000 	/System/Library/PrivateFrameworks/AppleVA.framework/Versions/A/AppleVA
0x00007fff2cf0c000 	/System/Library/Frameworks/ApplicationServices.framework/Versions/A/Frameworks/ATS.framework/Versions/A/ATS
0x00007fff2d21f000 	/System/Library/Frameworks/ApplicationServices.framework/Versions/A/Frameworks/ColorSyncLegacy.framework/Versions/A/ColorSyncLegacy
0x00007fff25885000 	/System/Library/Frameworks/ApplicationServices.framework/Versions/A/Frameworks/HIServices.framework/Versions/A/HIServices
0x00007fff2d204000 	/System/Library/Frameworks/ApplicationServices.framework/Versions/A/Frameworks/LangAnalysis.framework/Versions/A/LangAnalysis
0x00007fff2beb7000 	/System/Library/Frameworks/ApplicationServices.framework/Versions/A/Frameworks/PrintCore.framework/Versions/A/PrintCore
0x00007fff2d227000 	/System/Library/Frameworks/ApplicationServices.framework/Versions/A/Frameworks/QD.framework/Versions/A/QD
0x00007fff2cefc000 	/System/Library/Frameworks/ApplicationServices.framework/Versions/A/Frameworks/SpeechSynthesis.framework/Versions/A/SpeechSynthesis
0x00007fff2be78000 	/System/Library/Frameworks/ApplicationServices.framework/Versions/A/Frameworks/ATSUI.framework/Versions/A/ATSUI
0x00007fff2d1a4000 	/usr/lib/libcups.2.dylib
0x00007fff2d214000 	/System/Library/PrivateFrameworks/NetAuth.framework/Versions/A/NetAuth
0x00007fff2d8a3000 	/System/Library/Frameworks/Kerberos.framework/Versions/A/Kerberos
0x00007fff2d8b3000 	/System/Library/Frameworks/GSS.framework/Versions/A/GSS
0x00007fff2cf79000 	/usr/lib/libresolv.9.dylib
0x00007fff2b808000 	/System/Library/PrivateFrameworks/Heimdal.framework/Versions/A/Heimdal
0x00007fff3356a000 	/System/Library/Frameworks/Kerberos.framework/Versions/A/Libraries/libHeimdalProxy.dylib
0x00007fff26453000 	/System/Library/Frameworks/Network.framework/Versions/A/Network
0x00007fff2b224000 	/usr/lib/libheimdal-asn1.dylib
0x00007fff2d904000 	/System/Library/PrivateFrameworks/CommonAuth.framework/Versions/A/CommonAuth
0x00007fff274a0000 	/System/Library/PrivateFrameworks/login.framework/Versions/A/Frameworks/loginsupport.framework/Versions/A/loginsupport
0x00007fff2ce83000 	/System/Library/PrivateFrameworks/AudioSession.framework/Versions/A/AudioSession
0x00007fff2cee9000 	/usr/lib/libAudioStatistics.dylib
0x00007fff2b2b0000 	/System/Library/PrivateFrameworks/MediaExperience.framework/Versions/A/MediaExperience
0x00007fff2cd1c000 	/System/Library/PrivateFrameworks/AudioSession.framework/libSessionUtility.dylib
0x00007fff2d894000 	/usr/lib/libperfcheck.dylib
0x00007fff2d233000 	/System/Library/PrivateFrameworks/AudioResourceArbitration.framework/Versions/A/AudioResourceArbitration
0x00007fff2b22e000 	/System/Library/PrivateFrameworks/IconFoundation.framework/Versions/A/IconFoundation
0x00007fff2fd37000 	/System/Library/PrivateFrameworks/SpeechRecognitionCore.framework/Versions/A/SpeechRecognitionCore
0x0000000110000000 	/Library/Java/JavaVirtualMachines/jdk-16.0.2.jdk/Contents/Home/lib/server/libjvm.dylib
0x000000010dd64000 	/Library/Java/JavaVirtualMachines/jdk-16.0.2.jdk/Contents/Home/lib/libjimage.dylib
0x000000010ddba000 	/Library/Java/JavaVirtualMachines/jdk-16.0.2.jdk/Contents/Home/lib/libjava.dylib
0x000000010dfd8000 	/Library/Java/JavaVirtualMachines/jdk-16.0.2.jdk/Contents/Home/lib/libzip.dylib
0x000000010dfe6000 	/Library/Java/JavaVirtualMachines/jdk-16.0.2.jdk/Contents/Home/lib/libnio.dylib
0x000000011b2f3000 	/Library/Java/JavaVirtualMachines/jdk-16.0.2.jdk/Contents/Home/lib/libnet.dylib
0x000000011b30d000 	/Library/Java/JavaVirtualMachines/jdk-16.0.2.jdk/Contents/Home/lib/libawt.dylib
0x000000011c400000 	/Library/Java/JavaVirtualMachines/jdk-16.0.2.jdk/Contents/Home/lib/libmlib_image.dylib
0x00007fff6eb85000 	/System/Library/Frameworks/JavaNativeFoundation.framework/Versions/A/JavaNativeFoundation
0x00007fff6eb91000 	/System/Library/Frameworks/JavaRuntimeSupport.framework/Versions/A/JavaRuntimeSupport
0x00007fff3ca7e000 	/System/Library/Frameworks/Carbon.framework/Versions/A/Carbon
0x00007fff31ba8000 	/System/Library/PrivateFrameworks/CoreSymbolication.framework/Versions/A/CoreSymbolication
0x00007fff36515000 	/System/Library/Frameworks/Carbon.framework/Versions/A/Frameworks/CommonPanels.framework/Versions/A/CommonPanels
0x00007fff32fff000 	/System/Library/Frameworks/Carbon.framework/Versions/A/Frameworks/Help.framework/Versions/A/Help
0x00007fff36519000 	/System/Library/Frameworks/Carbon.framework/Versions/A/Frameworks/ImageCapture.framework/Versions/A/ImageCapture
0x00007fff364e9000 	/System/Library/Frameworks/Carbon.framework/Versions/A/Frameworks/OpenScripting.framework/Versions/A/OpenScripting
0x00007fff36511000 	/System/Library/Frameworks/Carbon.framework/Versions/A/Frameworks/Ink.framework/Versions/A/Ink
0x00007fff3ca7a000 	/System/Library/Frameworks/Carbon.framework/Versions/A/Frameworks/Print.framework/Versions/A/Print
0x00007fff3650d000 	/System/Library/Frameworks/Carbon.framework/Versions/A/Frameworks/SecurityHI.framework/Versions/A/SecurityHI
0x00007fff31b6c000 	/System/Library/PrivateFrameworks/DebugSymbols.framework/Versions/A/DebugSymbols
0x000000011c49a000 	/Library/Java/JavaVirtualMachines/jdk-16.0.2.jdk/Contents/Home/lib/libawt_lwawt.dylib
0x000000011b3c3000 	/Library/Java/JavaVirtualMachines/jdk-16.0.2.jdk/Contents/Home/lib/libosxapp.dylib
0x00007fff3c095000 	/System/Library/Frameworks/ExceptionHandling.framework/Versions/A/ExceptionHandling
0x000000011b3e2000 	/Library/Java/JavaVirtualMachines/jdk-16.0.2.jdk/Contents/Home/lib/libextnet.dylib
0x000000011b3e9000 	/Library/Java/JavaVirtualMachines/jdk-16.0.2.jdk/Contents/Home/lib/libfontmanager.dylib
0x000000011c54a000 	/Library/Java/JavaVirtualMachines/jdk-16.0.2.jdk/Contents/Home/lib/libharfbuzz.dylib
0x000000011c6d2000 	/Library/Java/JavaVirtualMachines/jdk-16.0.2.jdk/Contents/Home/lib/libfreetype.dylib
0x00007fff22c41000 	/System/Library/PrivateFrameworks/CoreServicesInternal.framework/Versions/A/CoreServicesInternal
0x00007fff310be000 	/System/Library/Frameworks/FileProvider.framework/Versions/A/FileProvider
0x00007fff26271000 	/System/Library/Frameworks/Accounts.framework/Versions/A/Accounts
0x00007fff3120e000 	/System/Library/PrivateFrameworks/GenerationalStorage.framework/Versions/A/GenerationalStorage
0x00007fff30ade000 	/System/Library/PrivateFrameworks/SymptomDiagnosticReporter.framework/Versions/A/SymptomDiagnosticReporter
0x00007fff23d71000 	/System/Library/PrivateFrameworks/DesktopServicesPriv.framework/Versions/A/DesktopServicesPriv
0x00007fff22d76000 	/usr/lib/libsandbox.1.dylib
0x00007fff274cb000 	/System/Library/PrivateFrameworks/UserManagement.framework/Versions/A/UserManagement
0x00007fff29d99000 	/System/Library/PrivateFrameworks/MobileKeyBag.framework/Versions/A/MobileKeyBag
0x00007fff345ed000 	/System/Library/PrivateFrameworks/ChunkingLibrary.framework/Versions/A/ChunkingLibrary
0x00007fff2e2c7000 	/System/Library/PrivateFrameworks/Sharing.framework/Versions/A/Sharing
0x00007fff32b6c000 	/System/Library/PrivateFrameworks/Apple80211.framework/Versions/A/Apple80211
0x00007fff2a446000 	/System/Library/PrivateFrameworks/AuthKit.framework/Versions/A/AuthKit
0x00007fff29b97000 	/System/Library/PrivateFrameworks/CoreUtils.framework/Versions/A/CoreUtils
0x00007fff29ac4000 	/System/Library/Frameworks/CoreWLAN.framework/Versions/A/CoreWLAN
0x00007fff2e413000 	/System/Library/Frameworks/IOBluetooth.framework/Versions/A/IOBluetooth
0x00007fff32bd0000 	/System/Library/PrivateFrameworks/CoreWiFi.framework/Versions/A/CoreWiFi
0x00007fff2d98a000 	/System/Library/PrivateFrameworks/CorePhoneNumbers.framework/Versions/A/CorePhoneNumbers
0x00007fff30be5000 	/System/Library/PrivateFrameworks/DiskManagement.framework/Versions/A/DiskManagement
0x00007fff30afb000 	/System/Library/PrivateFrameworks/AppleIDAuthSupport.framework/Versions/A/AppleIDAuthSupport
0x00007fff2d96a000 	/System/Library/PrivateFrameworks/KeychainCircle.framework/Versions/A/KeychainCircle
0x00007fff30bb1000 	/System/Library/PrivateFrameworks/MediaKit.framework/Versions/A/MediaKit
0x00007fff30b08000 	/System/Library/Frameworks/DiscRecording.framework/Versions/A/DiscRecording
0x00007fff2b12b000 	/usr/lib/libCoreStorage.dylib
0x00007fff3300b000 	/usr/lib/libcsfde.dylib
0x00007fff2e54e000 	/System/Library/PrivateFrameworks/ProtectedCloudStorage.framework/Versions/A/ProtectedCloudStorage
0x00007fff33003000 	/System/Library/PrivateFrameworks/EFILogin.framework/Versions/A/EFILogin
0x00007fff3361d000 	/System/Library/Frameworks/AudioUnit.framework/Versions/A/AudioUnit
0x00007fff30a78000 	/System/Library/Frameworks/CoreBluetooth.framework/Versions/A/CoreBluetooth
0x00007fff2b123000 	/usr/lib/libMatch.1.dylib
0x00007fff43905000 	/System/Library/CoreServices/RawCamera.bundle/Contents/MacOS/RawCamera
0x00007fff2d915000 	/System/Library/PrivateFrameworks/MobileAsset.framework/Versions/A/MobileAsset
0x00007fff33641000 	/System/Library/PrivateFrameworks/StreamingZip.framework/Versions/A/StreamingZip
0x00007fff2c0af000 	/System/Library/Frameworks/MediaToolbox.framework/Versions/A/MediaToolbox
0x00007fff31090000 	/System/Library/PrivateFrameworks/CoreAVCHD.framework/Versions/A/CoreAVCHD
0x00007fff30277000 	/System/Library/Frameworks/MediaAccessibility.framework/Versions/A/MediaAccessibility
0x00007fff3108c000 	/System/Library/PrivateFrameworks/Mangrove.framework/Versions/A/Mangrove
0x00007fff30283000 	/System/Library/PrivateFrameworks/AlgosScoreFramework.framework/Versions/A/AlgosScoreFramework
0x00007fff31a7a000 	/System/Library/PrivateFrameworks/AppleVPA.framework/Versions/A/AppleVPA
0x00007fff30cd1000 	/System/Library/PrivateFrameworks/CoreAUC.framework/Versions/A/CoreAUC
0x00007fff41358000 	/System/Library/Frameworks/Accelerate.framework/Versions/A/Frameworks/vImage.framework/Versions/A/Libraries/libCGInterfaces.dylib
0x000000011cbe2000 	/usr/lib/libobjc-trampolines.dylib
0x00007fff271ca000 	/System/Library/PrivateFrameworks/ViewBridge.framework/Versions/A/ViewBridge
0x00007fff2b8c9000 	/System/Library/PrivateFrameworks/login.framework/Versions/A/login
0x00007fff2b022000 	/System/Library/PrivateFrameworks/CrashReporterSupport.framework/Versions/A/CrashReporterSupport
0x00007fff47a81000 	/System/Library/PrivateFrameworks/OSAnalytics.framework/Versions/A/OSAnalytics
0x00007fff77a84000 	/usr/lib/libRosetta.dylib
0x00007fff32f92000 	/System/Library/PrivateFrameworks/RemoteServiceDiscovery.framework/Versions/A/RemoteServiceDiscovery
0x00007fff5173e000 	/System/Library/PrivateFrameworks/Symbolication.framework/Versions/A/Symbolication
0x00007fff3d671000 	/System/Library/PrivateFrameworks/MallocStackLogging.framework/Versions/A/MallocStackLogging
0x00007fff3bc03000 	/usr/lib/libFosl_dynamic.dylib
0x00007fff40e9c000 	/usr/lib/libncurses.5.4.dylib
0x00007fff61eb8000 	/System/Library/Extensions/AppleIntelSKLGraphicsMTLDriver.bundle/Contents/MacOS/AppleIntelSKLGraphicsMTLDriver
0x00007fff3d6a4000 	/System/Library/PrivateFrameworks/GPURawCounter.framework/Versions/A/GPURawCounter
0x00007fff6978e000 	/System/Library/PrivateFrameworks/GPUCompiler.framework/Versions/31001/Libraries/libmetal_timestamp.dylib
0x00007fff6be11000 	/System/Library/Frameworks/OpenGL.framework/Versions/A/Resources/GLEngine.bundle/GLEngine
0x00007fff6bc72000 	/System/Library/Frameworks/OpenGL.framework/Versions/A/Libraries/libGLProgrammability.dylib
0x00007fff62344000 	/System/Library/Extensions/AppleIntelSKLGraphicsGLDriver.bundle/Contents/MacOS/AppleIntelSKLGraphicsGLDriver
0x00007fff4644b000 	/System/Library/PrivateFrameworks/GPUSupport.framework/Versions/A/Libraries/libGPUSupportMercury.dylib
0x00007fff6bf8f000 	/System/Library/Frameworks/OpenGL.framework/Versions/A/Resources/GLRendererFloat.bundle/GLRendererFloat
0x000000013645d000 	/private/var/folders/4z/dvg87rzx3jz89z4jl8l1z09r0000gn/T/lwjglschirripad@moravian.edu/3.2.3-build-13/liblwjgl.dylib
0x0000000136485000 	/private/var/folders/4z/dvg87rzx3jz89z4jl8l1z09r0000gn/T/lwjglschirripad@moravian.edu/3.2.3-build-13/libglfw.dylib


VM Arguments:
jvm_args: -Dvisualvm.id=324984741575197 -Dfile.encoding=UTF-8 -XX:+ShowCodeDetailsInExceptionMessages 
java_command: terra.shell.launch.Launch -pf /Users/schirripad@moravian.edu/JSHOUT
java_class_path (initial): /Users/schirripad@moravian.edu/JSH/JSH/bin:/Users/schirripad@moravian.edu/.p2/pool/plugins/org.junit_4.13.0.v20200204-1500.jar:/Users/schirripad@moravian.edu/.p2/pool/plugins/org.hamcrest.core_1.3.0.v20180420-1519.jar
Launcher Type: SUN_STANDARD

[Global flags]
     intx CICompilerCount                          = 3                                         {product} {ergonomic}
     uint ConcGCThreads                            = 1                                         {product} {ergonomic}
     uint G1ConcRefinementThreads                  = 4                                         {product} {ergonomic}
   size_t G1HeapRegionSize                         = 1048576                                   {product} {ergonomic}
    uintx GCDrainStackTargetSize                   = 64                                        {product} {ergonomic}
   size_t InitialHeapSize                          = 134217728                                 {product} {ergonomic}
   size_t MarkStackSize                            = 4194304                                   {product} {ergonomic}
   size_t MaxHeapSize                              = 2147483648                                {product} {ergonomic}
   size_t MaxNewSize                               = 1287651328                                {product} {ergonomic}
   size_t MinHeapDeltaBytes                        = 1048576                                   {product} {ergonomic}
   size_t MinHeapSize                              = 8388608                                   {product} {ergonomic}
    uintx NonNMethodCodeHeapSize                   = 5832780                                {pd product} {ergonomic}
    uintx NonProfiledCodeHeapSize                  = 122912730                              {pd product} {ergonomic}
    uintx ProfiledCodeHeapSize                     = 122912730                              {pd product} {ergonomic}
    uintx ReservedCodeCacheSize                    = 251658240                              {pd product} {ergonomic}
     bool SegmentedCodeCache                       = true                                      {product} {ergonomic}
     bool ShowCodeDetailsInExceptionMessages       = true                                   {manageable} {command line}
   size_t SoftMaxHeapSize                          = 2147483648                             {manageable} {ergonomic}
     bool UseCompressedClassPointers               = true                           {product lp64_product} {ergonomic}
     bool UseCompressedOops                        = true                           {product lp64_product} {ergonomic}
     bool UseG1GC                                  = true                                      {product} {ergonomic}
     bool UseNUMA                                  = false                                     {product} {ergonomic}
     bool UseNUMAInterleaving                      = false                                     {product} {ergonomic}

Logging:
Log output configuration:
 #0: stdout all=warning uptime,level,tags
 #1: stderr all=off uptime,level,tags

Environment Variables:
PATH=/usr/bin:/bin:/usr/sbin:/sbin
SHELL=/bin/bash

Signal Handlers:
SIGSEGV: [libjvm.dylib+0xa7bdc0], sa_mask[0]=11100110000111110111111111111111, sa_flags=SA_ONSTACK|SA_RESTART|SA_SIGINFO
SIGBUS: [libjvm.dylib+0xa7bdc0], sa_mask[0]=11100110000111110111111111111111, sa_flags=SA_RESTART|SA_SIGINFO
SIGFPE: [libjvm.dylib+0xa7bdc0], sa_mask[0]=11100110000111110111111111111111, sa_flags=SA_RESTART|SA_SIGINFO
SIGPIPE: [libjvm.dylib+0x945be0], sa_mask[0]=11100110000111110111111111111111, sa_flags=SA_RESTART|SA_SIGINFO
SIGXFSZ: [libjvm.dylib+0x945be0], sa_mask[0]=11100110000111110111111111111111, sa_flags=SA_RESTART|SA_SIGINFO
SIGILL: [libjvm.dylib+0xa7bdc0], sa_mask[0]=11100110000111110111111111111111, sa_flags=SA_RESTART|SA_SIGINFO
SIGUSR2: [libjvm.dylib+0x946690], sa_mask[0]=00100000000000000000000000000000, sa_flags=SA_RESTART|SA_SIGINFO
SIGHUP: [libjvm.dylib+0x944c50], sa_mask[0]=11100110000111110111111111111111, sa_flags=SA_RESTART|SA_SIGINFO
SIGINT: [libjvm.dylib+0x944c50], sa_mask[0]=11100110000111110111111111111111, sa_flags=SA_RESTART|SA_SIGINFO
SIGTERM: [libjvm.dylib+0x944c50], sa_mask[0]=11100110000111110111111111111111, sa_flags=SA_RESTART|SA_SIGINFO
SIGQUIT: [libjvm.dylib+0x944c50], sa_mask[0]=11100110000111110111111111111111, sa_flags=SA_RESTART|SA_SIGINFO
SIGTRAP: [libjvm.dylib+0xa7bdc0], sa_mask[0]=11100110000111110111111111111111, sa_flags=SA_RESTART|SA_SIGINFO


---------------  S Y S T E M  ---------------

OS:uname: Darwin 20.6.0 Darwin Kernel Version 20.6.0: Wed Jun 23 00:26:31 PDT 2021; root:xnu-7195.141.2~5/RELEASE_X86_64 x86_64
OS uptime: 26 days 2:26 hours
rlimit (soft/hard): STACK 8192k/65532k , CORE 0k/infinity , NPROC 1392/2088 , NOFILE 10240/infinity , AS infinity/infinity , CPU infinity/infinity , DATA infinity/infinity , FSIZE infinity/infinity , MEMLOCK infinity/infinity , RSS infinity/infinity
load average: 5.46 5.13 4.52

CPU: total 4 (initial active 4) (2 cores per cpu, 2 threads per core) family 6 model 78 stepping 3 microcode 0xea, cx8, cmov, fxsr, ht, mmx, 3dnowpref, sse, sse2, sse3, ssse3, sse4.1, sse4.2, popcnt, lzcnt, tsc, tscinvbit, avx, avx2, aes, erms, clmul, bmi1, bmi2, adx, fma, vzeroupper, clflush, clflushopt

Memory: 4k page, physical 8388608k(141632k free), swap 4194304k(398336k free)

vm_info: Java HotSpot(TM) 64-Bit Server VM (16.0.2+7-67) for bsd-amd64 JRE (16.0.2+7-67), built on Jun  8 2021 22:22:46 by "mach5one" with clang 4.2.1 Compatible Apple LLVM 11.0.0 (clang-1100.0.33.17)

END.
